<?xml version="1.0" encoding="UTF-8"?>
<testsuites name="Activation" time="110" tests="0" failures="1" errors="0">
   <testsuite name="Activation" tests="0" failures="1" errors="0" time="110" timestamp="2018-08-09 14:57:45" hostname="ex64 - ex64" id="Test Suites/Scenario1/Activation">
      <properties>
         <property name="deviceName" value=""/>
         <property name="devicePlatform" value=""/>
         <property name="logFolder" value="T:\\Katalon Studio\\E1\\Reports\\Scenario1\\Activation\\20180809_145624"/>
         <property name="logFiles" value="T:\\Katalon Studio\\E1\\Reports\\Scenario1\\Activation\\20180809_145624\\execution0.log"/>
         <property name="attachments" value="T:\\Katalon Studio\\E1\\Reports\\Scenario1\\Activation\\20180809_145624\\1533815976169.png"/>
         <property name="hostName" value="ex64 - ex64"/>
         <property name="os" value="Windows 7 64bit"/>
         <property name="katalonVersion" value="5.6.0.1"/>
         <property name="browser" value="Firefox 61.0"/>
         <property name="hostAddress" value="192.168.20.109"/>
         <property name="sessionId" value="217958b8-8da7-4827-aa52-4d78aea0397f"/>
         <property name="seleniumVersion" value="3.7.1"/>
         <property name="proxyInformation" value="ProxyInformation{proxyOption=NO_PROXY, proxyServerType=HTTP, password=, proxyServerAddress=, proxyServerPort=0}"/>
         <property name="platform" value="Windows 7"/>
      </properties>
      <testcase name="Test Cases/Base/Activation" classname="Test Cases/Base/Activation" status="FAILED">
         <failure type="FAILED" message="Unable to click on object 'Object Repository/page_administration/page_activation/user' (Root cause: com.kms.katalon.core.webui.exception.WebElementNotFoundException: Web element with id: 'Object Repository/page_administration/page_activation/user' located by 'By.xpath: id(&quot;User_chosen&quot;)/a[@class=&quot;chosen-single chosen-default&quot;]/div[1]/b[1]' not found)"/>
         <system-out><![CDATA[2018-08-09 14:57:45 - [TEST_CASE][FAILED] - Test Cases/Base/Activation: Test Cases/Base/Activation FAILED because (of) Unable to click on object 'Object Repository/page_administration/page_activation/user' (Root cause: com.kms.katalon.core.webui.exception.WebElementNotFoundException: Web element with id: 'Object Repository/page_administration/page_activation/user' located by 'By.xpath: id("User_chosen")/a[@class="chosen-single chosen-default"]/div[1]/b[1]' not found)

2018-08-09 14:57:46 - [TEST_STEP][PASSED] - callTestCase: Call Test Case 'Test Cases/Base/Authorization' successfully

2018-08-09 14:57:46 - [TEST_CASE][PASSED] - Test Cases/Base/Authorization: Test Cases/Base/Authorization

2018-08-09 14:57:46 - [TEST_STEP][PASSED] - openBrowser: Browser is opened with url: 'http://10.100.70.20/edo'

2018-08-09 14:58:45 - [MESSAGE][PASSED] - Browser is opened with url: 'http://10.100.70.20/edo'

2018-08-09 14:58:45 - [TEST_STEP][PASSED] - maximizeWindow: Current window maximized

2018-08-09 14:58:45 - [MESSAGE][PASSED] - Current window maximized

2018-08-09 14:58:45 - [TEST_STEP][PASSED] - verifyElementPresent: Object 'Object Repository/page_authorization/input_login' is present

2018-08-09 14:58:45 - [MESSAGE][WARNING] - Timeout '0' is invalid. Using default page load timeout: '30'

2018-08-09 14:58:45 - [MESSAGE][PASSED] - Object 'Object Repository/page_authorization/input_login' is present

2018-08-09 14:58:45 - [TEST_STEP][PASSED] - verifyElementPresent: Object 'Object Repository/page_authorization/input_password' is present

2018-08-09 14:58:45 - [MESSAGE][WARNING] - Timeout '0' is invalid. Using default page load timeout: '30'

2018-08-09 14:58:45 - [MESSAGE][PASSED] - Object 'Object Repository/page_authorization/input_password' is present

2018-08-09 14:58:45 - [TEST_STEP][PASSED] - verifyElementPresent: Object 'Object Repository/page_authorization/button_come' is present

2018-08-09 14:58:45 - [MESSAGE][WARNING] - Timeout '0' is invalid. Using default page load timeout: '30'

2018-08-09 14:58:45 - [MESSAGE][PASSED] - Object 'Object Repository/page_authorization/button_come' is present

2018-08-09 14:58:45 - [TEST_STEP][PASSED] - verifyElementPresent: Object 'Object Repository/page_authorization/button_comeEP' is present

2018-08-09 14:58:45 - [MESSAGE][WARNING] - Timeout '0' is invalid. Using default page load timeout: '30'

2018-08-09 14:58:45 - [MESSAGE][PASSED] - Object 'Object Repository/page_authorization/button_comeEP' is present

2018-08-09 14:58:45 - [TEST_STEP][PASSED] - verifyElementPresent: Object 'Object Repository/page_authorization/a_registry' is present

2018-08-09 14:58:45 - [MESSAGE][WARNING] - Timeout '0' is invalid. Using default page load timeout: '30'

2018-08-09 14:58:45 - [MESSAGE][PASSED] - Object 'Object Repository/page_authorization/a_registry' is present

2018-08-09 14:58:45 - [TEST_STEP][PASSED] - verifyElementPresent: Object 'Object Repository/page_authorization/a_passwordRecovery' is present

2018-08-09 14:58:45 - [MESSAGE][WARNING] - Timeout '0' is invalid. Using default page load timeout: '30'

2018-08-09 14:58:45 - [MESSAGE][PASSED] - Object 'Object Repository/page_authorization/a_passwordRecovery' is present

2018-08-09 14:58:45 - [TEST_STEP][PASSED] - setText: Text 'aaermolin' is set on object 'Object Repository/page_authorization/input_login'

2018-08-09 14:58:46 - [MESSAGE][PASSED] - Text 'aaermolin' is set on object 'Object Repository/page_authorization/input_login'

2018-08-09 14:58:46 - [TEST_STEP][PASSED] - setText: Text 'Gfhjkm1' is set on object 'Object Repository/page_authorization/input_password'

2018-08-09 14:58:46 - [MESSAGE][PASSED] - Text 'Gfhjkm1' is set on object 'Object Repository/page_authorization/input_password'

2018-08-09 14:58:46 - [TEST_STEP][PASSED] - click: Object: 'Object Repository/page_authorization/button_come' is clicked on

2018-08-09 14:58:59 - [MESSAGE][PASSED] - Object: 'Object Repository/page_authorization/button_come' is clicked on

2018-08-09 14:58:59 - [TEST_STEP][PASSED] - verifyElementPresent: Object 'Object Repository/page_home/span_myTasks' is present

2018-08-09 14:58:59 - [MESSAGE][WARNING] - Timeout '0' is invalid. Using default page load timeout: '30'

2018-08-09 14:58:59 - [MESSAGE][PASSED] - Object 'Object Repository/page_home/span_myTasks' is present

2018-08-09 14:58:59 - [TEST_STEP][PASSED] - verifyElementPresent: Object 'Object Repository/page_home/span_plan' is present

2018-08-09 14:58:59 - [MESSAGE][WARNING] - Timeout '0' is invalid. Using default page load timeout: '30'

2018-08-09 14:58:59 - [MESSAGE][PASSED] - Object 'Object Repository/page_home/span_plan' is present

2018-08-09 14:58:59 - [TEST_STEP][PASSED] - verifyElementPresent: Object 'Object Repository/page_home/span_procurement' is present

2018-08-09 14:58:59 - [MESSAGE][WARNING] - Timeout '0' is invalid. Using default page load timeout: '30'

2018-08-09 14:58:59 - [MESSAGE][PASSED] - Object 'Object Repository/page_home/span_procurement' is present

2018-08-09 14:58:59 - [TEST_STEP][PASSED] - verifyElementPresent: Object 'Object Repository/page_home/span_contracts' is present

2018-08-09 14:58:59 - [MESSAGE][WARNING] - Timeout '0' is invalid. Using default page load timeout: '30'

2018-08-09 14:58:59 - [MESSAGE][PASSED] - Object 'Object Repository/page_home/span_contracts' is present

2018-08-09 14:58:59 - [TEST_STEP][PASSED] - verifyElementPresent: Object 'Object Repository/page_home/span_monitoringAudit' is present

2018-08-09 14:58:59 - [MESSAGE][WARNING] - Timeout '0' is invalid. Using default page load timeout: '30'

2018-08-09 14:58:59 - [MESSAGE][PASSED] - Object 'Object Repository/page_home/span_monitoringAudit' is present

2018-08-09 14:58:59 - [TEST_STEP][PASSED] - verifyElementPresent: Object 'Object Repository/page_home/span_report' is present

2018-08-09 14:58:59 - [MESSAGE][WARNING] - Timeout '0' is invalid. Using default page load timeout: '30'

2018-08-09 14:58:59 - [MESSAGE][PASSED] - Object 'Object Repository/page_home/span_report' is present

2018-08-09 14:58:59 - [TEST_STEP][PASSED] - verifyElementPresent: Object 'Object Repository/page_home/span_administration' is present

2018-08-09 14:58:59 - [MESSAGE][WARNING] - Timeout '0' is invalid. Using default page load timeout: '30'

2018-08-09 14:58:59 - [MESSAGE][PASSED] - Object 'Object Repository/page_home/span_administration' is present

2018-08-09 14:58:59 - [TEST_STEP][PASSED] - verifyElementPresent: Object 'Object Repository/page_home/span_exit' is present

2018-08-09 14:58:59 - [MESSAGE][WARNING] - Timeout '0' is invalid. Using default page load timeout: '30'

2018-08-09 14:58:59 - [MESSAGE][PASSED] - Object 'Object Repository/page_home/span_exit' is present

2018-08-09 14:58:59 - [MESSAGE][PASSED] - Call Test Case 'Test Cases/Base/Authorization' successfully

2018-08-09 14:58:59 - [TEST_STEP][PASSED] - click: Object: 'Object Repository/page_home/span_administration' is clicked on

2018-08-09 14:59:05 - [MESSAGE][PASSED] - Object: 'Object Repository/page_home/span_administration' is clicked on

2018-08-09 14:59:05 - [TEST_STEP][FAILED] - click: Unable to click on object 'Object Repository/page_administration/page_activation/user' (Root cause: com.kms.katalon.core.webui.exception.WebElementNotFoundException: Web element with id: 'Object Repository/page_administration/page_activation/user' located by 'By.xpath: id("User_chosen")/a[@class="chosen-single chosen-default"]/div[1]/b[1]' not found)

2018-08-09 14:59:36 - [MESSAGE][FAILED] - Unable to click on object 'Object Repository/page_administration/page_activation/user' (Root cause: com.kms.katalon.core.webui.exception.WebElementNotFoundException: Web element with id: 'Object Repository/page_administration/page_activation/user' located by 'By.xpath: id("User_chosen")/a[@class="chosen-single chosen-default"]/div[1]/b[1]' not found)
[[ATTACHMENT|T:\\Katalon Studio\\E1\\Reports\\Scenario1\\Activation\\20180809_145624\\1533815976169.png]]]]></system-out>
         <system-err><![CDATA[2018-08-09 14:57:45 - [TEST_CASE][FAILED] - Test Cases/Base/Activation: Test Cases/Base/Activation FAILED because (of) Unable to click on object 'Object Repository/page_administration/page_activation/user' (Root cause: com.kms.katalon.core.webui.exception.WebElementNotFoundException: Web element with id: 'Object Repository/page_administration/page_activation/user' located by 'By.xpath: id("User_chosen")/a[@class="chosen-single chosen-default"]/div[1]/b[1]' not found)]]></system-err>
      </testcase>
      <system-out><![CDATA[2018-08-09 14:57:45 - [TEST_SUITE][FAILED] - Activation: Test Cases/Base/Activation FAILED because (of) Unable to click on object 'Object Repository/page_administration/page_activation/user' (Root cause: com.kms.katalon.core.webui.exception.WebElementNotFoundException: Web element with id: 'Object Repository/page_administration/page_activation/user' located by 'By.xpath: id("User_chosen")/a[@class="chosen-single chosen-default"]/div[1]/b[1]' not found)]]></system-out>
      <system-err><![CDATA[2018-08-09 14:57:45 - [TEST_SUITE][FAILED] - Activation: Test Cases/Base/Activation FAILED because (of) Unable to click on object 'Object Repository/page_administration/page_activation/user' (Root cause: com.kms.katalon.core.webui.exception.WebElementNotFoundException: Web element with id: 'Object Repository/page_administration/page_activation/user' located by 'By.xpath: id("User_chosen")/a[@class="chosen-single chosen-default"]/div[1]/b[1]' not found)]]></system-err>
   </testsuite>
</testsuites>
