<?xml version="1.0" encoding="UTF-8"?>
<testsuites name="New Test Suite" time="206" tests="1" failures="1" errors="0">
   <testsuite name="New Test Suite" tests="1" failures="1" errors="0" time="206" timestamp="2018-08-16 14:35:36" hostname="ex64 - ex64" id="Test Suites/TEST/New Test Suite">
      <properties>
         <property name="deviceName" value=""/>
         <property name="devicePlatform" value=""/>
         <property name="logFolder" value="T:\\Katalon Studio\\E1\\Reports\\TEST\\New Test Suite\\20180816_143535"/>
         <property name="logFiles" value="T:\\Katalon Studio\\E1\\Reports\\TEST\\New Test Suite\\20180816_143535\\execution0.log, T:\\Katalon Studio\\E1\\Reports\\TEST\\New Test Suite\\20180816_143535\\IEDriverServer.log"/>
         <property name="attachments" value="T:\\Katalon Studio\\E1\\Reports\\TEST\\New Test Suite\\20180816_143535\\1534419539578.png"/>
         <property name="hostName" value="ex64 - ex64"/>
         <property name="os" value="Windows 7 64bit"/>
         <property name="katalonVersion" value="5.6.0.1"/>
         <property name="browser" value="IE 11"/>
         <property name="hostAddress" value="192.168.20.109"/>
         <property name="sessionId" value="fc668795-9f9f-4e88-8902-804706f3ee74"/>
         <property name="seleniumVersion" value="3.7.1"/>
         <property name="proxyInformation" value="ProxyInformation{proxyOption=NO_PROXY, proxyServerType=HTTP, password=, proxyServerAddress=, proxyServerPort=0}"/>
         <property name="platform" value="Windows 7"/>
      </properties>
      <testcase name="Test Cases/Base/Purchase plan/Route approval" classname="Test Cases/Base/Purchase plan/Route approval" status="PASSED">
         <system-out><![CDATA[2018-08-16 14:35:37 - [TEST_CASE][PASSED] - Test Cases/Base/Purchase plan/Route approval: Test Cases/Base/Purchase plan/Route approval

2018-08-16 14:35:37 - [TEST_STEP][PASSED] - callTestCase: Call Test Case 'Test Cases/Base/Authorization' successfully

2018-08-16 14:35:37 - [TEST_CASE][PASSED] - Test Cases/Base/Authorization: Test Cases/Base/Authorization

2018-08-16 14:35:37 - [TEST_STEP][PASSED] - openBrowser: Browser is opened with url: 'http://10.100.70.20/edo'

2018-08-16 14:35:45 - [MESSAGE][PASSED] - Browser is opened with url: 'http://10.100.70.20/edo'

2018-08-16 14:35:45 - [TEST_STEP][PASSED] - maximizeWindow: Current window maximized

2018-08-16 14:35:45 - [MESSAGE][PASSED] - Current window maximized

2018-08-16 14:35:45 - [TEST_STEP][PASSED] - verifyElementPresent: Object 'Object Repository/page_authorization/input_login' is present

2018-08-16 14:35:45 - [MESSAGE][WARNING] - Timeout '0' is invalid. Using default page load timeout: '60'

2018-08-16 14:35:59 - [MESSAGE][PASSED] - Object 'Object Repository/page_authorization/input_login' is present

2018-08-16 14:35:59 - [TEST_STEP][PASSED] - verifyElementPresent: Object 'Object Repository/page_authorization/input_password' is present

2018-08-16 14:35:59 - [MESSAGE][WARNING] - Timeout '0' is invalid. Using default page load timeout: '60'

2018-08-16 14:35:59 - [MESSAGE][PASSED] - Object 'Object Repository/page_authorization/input_password' is present

2018-08-16 14:35:59 - [TEST_STEP][PASSED] - verifyElementPresent: Object 'Object Repository/page_authorization/button_come' is present

2018-08-16 14:35:59 - [MESSAGE][WARNING] - Timeout '0' is invalid. Using default page load timeout: '60'

2018-08-16 14:36:00 - [MESSAGE][PASSED] - Object 'Object Repository/page_authorization/button_come' is present

2018-08-16 14:36:00 - [TEST_STEP][PASSED] - verifyElementPresent: Object 'Object Repository/page_authorization/button_comeEP' is present

2018-08-16 14:36:00 - [MESSAGE][WARNING] - Timeout '0' is invalid. Using default page load timeout: '60'

2018-08-16 14:36:00 - [MESSAGE][PASSED] - Object 'Object Repository/page_authorization/button_comeEP' is present

2018-08-16 14:36:00 - [TEST_STEP][PASSED] - verifyElementPresent: Object 'Object Repository/page_authorization/a_registry' is present

2018-08-16 14:36:00 - [MESSAGE][WARNING] - Timeout '0' is invalid. Using default page load timeout: '60'

2018-08-16 14:36:00 - [MESSAGE][PASSED] - Object 'Object Repository/page_authorization/a_registry' is present

2018-08-16 14:36:00 - [TEST_STEP][PASSED] - verifyElementPresent: Object 'Object Repository/page_authorization/a_passwordRecovery' is present

2018-08-16 14:36:00 - [MESSAGE][WARNING] - Timeout '0' is invalid. Using default page load timeout: '60'

2018-08-16 14:36:00 - [MESSAGE][PASSED] - Object 'Object Repository/page_authorization/a_passwordRecovery' is present

2018-08-16 14:36:00 - [TEST_STEP][PASSED] - setText: Text 'autoui71' is set on object 'Object Repository/page_authorization/input_login'

2018-08-16 14:36:01 - [MESSAGE][PASSED] - Text 'autoui71' is set on object 'Object Repository/page_authorization/input_login'

2018-08-16 14:36:01 - [TEST_STEP][PASSED] - setText: Text 'Gfhjkm123' is set on object 'Object Repository/page_authorization/input_password'

2018-08-16 14:36:01 - [MESSAGE][PASSED] - Text 'Gfhjkm123' is set on object 'Object Repository/page_authorization/input_password'

2018-08-16 14:36:01 - [TEST_STEP][PASSED] - click: Object: 'Object Repository/page_authorization/button_come' is clicked on

2018-08-16 14:36:02 - [MESSAGE][PASSED] - Object: 'Object Repository/page_authorization/button_come' is clicked on

2018-08-16 14:36:02 - [TEST_STEP][PASSED] - verifyElementPresent: Object 'Object Repository/page_home/span_myTasks' is present

2018-08-16 14:36:02 - [MESSAGE][WARNING] - Timeout '0' is invalid. Using default page load timeout: '60'

2018-08-16 14:36:06 - [MESSAGE][PASSED] - Object 'Object Repository/page_home/span_myTasks' is present

2018-08-16 14:36:06 - [TEST_STEP][PASSED] - verifyElementPresent: Object 'Object Repository/page_home/span_administration' is present

2018-08-16 14:36:06 - [MESSAGE][WARNING] - Timeout '0' is invalid. Using default page load timeout: '60'

2018-08-16 14:36:06 - [MESSAGE][PASSED] - Object 'Object Repository/page_home/span_administration' is present

2018-08-16 14:36:06 - [TEST_STEP][PASSED] - verifyElementPresent: Object 'Object Repository/page_home/span_exit' is present

2018-08-16 14:36:06 - [MESSAGE][WARNING] - Timeout '0' is invalid. Using default page load timeout: '60'

2018-08-16 14:36:06 - [MESSAGE][PASSED] - Object 'Object Repository/page_home/span_exit' is present

2018-08-16 14:36:06 - [MESSAGE][PASSED] - Call Test Case 'Test Cases/Base/Authorization' successfully

2018-08-16 14:36:06 - [TEST_STEP][PASSED] - callTestCase: Call Test Case 'Test Cases/Base/Purchase plan/Open purchase plan' successfully

2018-08-16 14:36:06 - [TEST_CASE][PASSED] - Test Cases/Base/Purchase plan/Open purchase plan: Test Cases/Base/Purchase plan/Open purchase plan

2018-08-16 14:36:06 - [TEST_STEP][PASSED] - click: Object: 'Object Repository/page_home/span_planning' is clicked on

2018-08-16 14:36:10 - [MESSAGE][PASSED] - Object: 'Object Repository/page_home/span_planning' is clicked on

2018-08-16 14:36:10 - [TEST_STEP][PASSED] - click: Object: 'Object Repository/page_planning/a_purchasePlan' is clicked on

2018-08-16 14:36:14 - [MESSAGE][PASSED] - Object: 'Object Repository/page_planning/a_purchasePlan' is clicked on

2018-08-16 14:36:14 - [TEST_STEP][PASSED] - click: Object: 'Object Repository/document_purchasePlan/menu_actual' is clicked on

2018-08-16 14:36:18 - [MESSAGE][PASSED] - Object: 'Object Repository/document_purchasePlan/menu_actual' is clicked on

2018-08-16 14:36:18 - [TEST_STEP][PASSED] - Statement - new_budgetYear = com.kms.katalon.core.webui.keyword.WebUiBuiltInKeywords.modifyObjectProperty(com.kms.katalon.core.testobject.ObjectRepository.findTestObject(document_purchasePlan/link_purchaseplan), "text", "equals", BudgetYear, true): Modify property of object successfully

2018-08-16 14:36:18 - [MESSAGE][PASSED] - Modify property of object successfully

2018-08-16 14:36:18 - [TEST_STEP][PASSED] - Statement - url_purchase = com.kms.katalon.core.webui.keyword.WebUiBuiltInKeywords.getAttribute(new_budgetYear, "href"): Attribute 'href' of object 'Object Repository/document_purchasePlan/link_purchaseplan' is: 'http://10.100.70.20/edo/Search/DocumentView/29508'

2018-08-16 14:36:19 - [MESSAGE][PASSED] - Attribute 'href' of object 'Object Repository/document_purchasePlan/link_purchaseplan' is: 'http://10.100.70.20/edo/Search/DocumentView/29508'

2018-08-16 14:36:19 - [TEST_STEP][PASSED] - navigateToUrl: Navigate to 'http://10.100.70.20/edo/Search/DocumentView/29508' successfully

2018-08-16 14:36:26 - [MESSAGE][PASSED] - Navigate to 'http://10.100.70.20/edo/Search/DocumentView/29508' successfully

2018-08-16 14:36:26 - [MESSAGE][PASSED] - Call Test Case 'Test Cases/Base/Purchase plan/Open purchase plan' successfully

2018-08-16 14:36:26 - [TEST_STEP][PASSED] - click: Object: 'Object Repository/DOCUMENT/Toolbar/btn_forApproval' is clicked on

2018-08-16 14:36:28 - [MESSAGE][PASSED] - Object: 'Object Repository/DOCUMENT/Toolbar/btn_forApproval' is clicked on

2018-08-16 14:36:28 - [TEST_STEP][PASSED] - waitForElementNotVisible: Object 'Object Repository/special/modal-loading-wrapper' is NOT visible

2018-08-16 14:36:30 - [MESSAGE][PASSED] - Object 'Object Repository/special/modal-loading-wrapper' is NOT visible

2018-08-16 14:36:30 - [TEST_STEP][PASSED] - click: Object: 'Object Repository/DOCUMENT/Dialog/btn_OK' is clicked on

2018-08-16 14:36:32 - [MESSAGE][PASSED] - Object: 'Object Repository/DOCUMENT/Dialog/btn_OK' is clicked on

2018-08-16 14:36:32 - [TEST_STEP][PASSED] - waitForElementNotPresent: Web element with id: 'Object Repository/DOCUMENT/Toolbar/btn_forApproval' located by 'By.xpath: //a[(text() = 'На утверждение' or . = 'На утверждение')]' is not present after '60' second(s)

2018-08-16 14:36:41 - [MESSAGE][PASSED] - Web element with id: 'Object Repository/DOCUMENT/Toolbar/btn_forApproval' located by 'By.xpath: //a[(text() = 'На утверждение' or . = 'На утверждение')]' is not present after '60' second(s)]]></system-out>
         <system-err><![CDATA[]]></system-err>
      </testcase>
      <testcase name="Test Cases/Base/Purchase plan/Appruval route purchase plan" classname="Test Cases/Base/Purchase plan/Appruval route purchase plan" status="FAILED">
         <failure type="FAILED" message="Unable to click on object 'Object Repository/my_tasks/act_menu' (Root cause: com.kms.katalon.core.webui.exception.WebElementNotFoundException: Web element with id: 'Object Repository/my_tasks/act_menu' located by 'By.xpath: //span[@class = 'dx-menu-item-popout-container']' not found)"/>
         <system-out><![CDATA[2018-08-16 14:36:43 - [TEST_CASE][FAILED] - Test Cases/Base/Purchase plan/Appruval route purchase plan: Test Cases/Base/Purchase plan/Appruval route purchase plan FAILED because (of) Unable to click on object 'Object Repository/my_tasks/act_menu' (Root cause: com.kms.katalon.core.webui.exception.WebElementNotFoundException: Web element with id: 'Object Repository/my_tasks/act_menu' located by 'By.xpath: //span[@class = 'dx-menu-item-popout-container']' not found)

2018-08-16 14:36:43 - [TEST_STEP][PASSED] - callTestCase: Call Test Case 'Test Cases/Base/Authorization' successfully

2018-08-16 14:36:43 - [TEST_CASE][PASSED] - Test Cases/Base/Authorization: Test Cases/Base/Authorization

2018-08-16 14:36:43 - [TEST_STEP][PASSED] - openBrowser: Browser is opened with url: 'http://10.100.70.20/edo'

2018-08-16 14:36:43 - [MESSAGE][WARNING] - A browser is already opened. Closing browser and opening a new one

2018-08-16 14:36:51 - [MESSAGE][PASSED] - Browser is opened with url: 'http://10.100.70.20/edo'

2018-08-16 14:36:51 - [TEST_STEP][PASSED] - maximizeWindow: Current window maximized

2018-08-16 14:36:51 - [MESSAGE][PASSED] - Current window maximized

2018-08-16 14:36:51 - [TEST_STEP][PASSED] - verifyElementPresent: Object 'Object Repository/page_authorization/input_login' is present

2018-08-16 14:36:51 - [MESSAGE][WARNING] - Timeout '0' is invalid. Using default page load timeout: '60'

2018-08-16 14:36:57 - [MESSAGE][PASSED] - Object 'Object Repository/page_authorization/input_login' is present

2018-08-16 14:36:57 - [TEST_STEP][PASSED] - verifyElementPresent: Object 'Object Repository/page_authorization/input_password' is present

2018-08-16 14:36:57 - [MESSAGE][WARNING] - Timeout '0' is invalid. Using default page load timeout: '60'

2018-08-16 14:36:57 - [MESSAGE][PASSED] - Object 'Object Repository/page_authorization/input_password' is present

2018-08-16 14:36:57 - [TEST_STEP][PASSED] - verifyElementPresent: Object 'Object Repository/page_authorization/button_come' is present

2018-08-16 14:36:57 - [MESSAGE][WARNING] - Timeout '0' is invalid. Using default page load timeout: '60'

2018-08-16 14:36:57 - [MESSAGE][PASSED] - Object 'Object Repository/page_authorization/button_come' is present

2018-08-16 14:36:57 - [TEST_STEP][PASSED] - verifyElementPresent: Object 'Object Repository/page_authorization/button_comeEP' is present

2018-08-16 14:36:57 - [MESSAGE][WARNING] - Timeout '0' is invalid. Using default page load timeout: '60'

2018-08-16 14:36:57 - [MESSAGE][PASSED] - Object 'Object Repository/page_authorization/button_comeEP' is present

2018-08-16 14:36:57 - [TEST_STEP][PASSED] - verifyElementPresent: Object 'Object Repository/page_authorization/a_registry' is present

2018-08-16 14:36:57 - [MESSAGE][WARNING] - Timeout '0' is invalid. Using default page load timeout: '60'

2018-08-16 14:36:57 - [MESSAGE][PASSED] - Object 'Object Repository/page_authorization/a_registry' is present

2018-08-16 14:36:57 - [TEST_STEP][PASSED] - verifyElementPresent: Object 'Object Repository/page_authorization/a_passwordRecovery' is present

2018-08-16 14:36:57 - [MESSAGE][WARNING] - Timeout '0' is invalid. Using default page load timeout: '60'

2018-08-16 14:36:57 - [MESSAGE][PASSED] - Object 'Object Repository/page_authorization/a_passwordRecovery' is present

2018-08-16 14:36:57 - [TEST_STEP][PASSED] - setText: Text 'autoui71' is set on object 'Object Repository/page_authorization/input_login'

2018-08-16 14:36:58 - [MESSAGE][PASSED] - Text 'autoui71' is set on object 'Object Repository/page_authorization/input_login'

2018-08-16 14:36:58 - [TEST_STEP][PASSED] - setText: Text 'Gfhjkm123' is set on object 'Object Repository/page_authorization/input_password'

2018-08-16 14:36:59 - [MESSAGE][PASSED] - Text 'Gfhjkm123' is set on object 'Object Repository/page_authorization/input_password'

2018-08-16 14:36:59 - [TEST_STEP][PASSED] - click: Object: 'Object Repository/page_authorization/button_come' is clicked on

2018-08-16 14:37:00 - [MESSAGE][PASSED] - Object: 'Object Repository/page_authorization/button_come' is clicked on

2018-08-16 14:37:00 - [TEST_STEP][PASSED] - verifyElementPresent: Object 'Object Repository/page_home/span_myTasks' is present

2018-08-16 14:37:00 - [MESSAGE][WARNING] - Timeout '0' is invalid. Using default page load timeout: '60'

2018-08-16 14:37:03 - [MESSAGE][PASSED] - Object 'Object Repository/page_home/span_myTasks' is present

2018-08-16 14:37:03 - [TEST_STEP][PASSED] - verifyElementPresent: Object 'Object Repository/page_home/span_administration' is present

2018-08-16 14:37:03 - [MESSAGE][WARNING] - Timeout '0' is invalid. Using default page load timeout: '60'

2018-08-16 14:37:03 - [MESSAGE][PASSED] - Object 'Object Repository/page_home/span_administration' is present

2018-08-16 14:37:03 - [TEST_STEP][PASSED] - verifyElementPresent: Object 'Object Repository/page_home/span_exit' is present

2018-08-16 14:37:03 - [MESSAGE][WARNING] - Timeout '0' is invalid. Using default page load timeout: '60'

2018-08-16 14:37:03 - [MESSAGE][PASSED] - Object 'Object Repository/page_home/span_exit' is present

2018-08-16 14:37:03 - [MESSAGE][PASSED] - Call Test Case 'Test Cases/Base/Authorization' successfully

2018-08-16 14:37:03 - [TEST_STEP][PASSED] - click: Object: 'Object Repository/my_tasks/menu_performance' is clicked on

2018-08-16 14:37:07 - [MESSAGE][PASSED] - Object: 'Object Repository/my_tasks/menu_performance' is clicked on

2018-08-16 14:37:07 - [TEST_STEP][PASSED] - click: Object: 'Object Repository/my_tasks/span_approval' is clicked on

2018-08-16 14:37:11 - [MESSAGE][PASSED] - Object: 'Object Repository/my_tasks/span_approval' is clicked on

2018-08-16 14:37:11 - [TEST_STEP][FAILED] - click: Unable to click on object 'Object Repository/my_tasks/act_menu' (Root cause: com.kms.katalon.core.webui.exception.WebElementNotFoundException: Web element with id: 'Object Repository/my_tasks/act_menu' located by 'By.xpath: //span[@class = 'dx-menu-item-popout-container']' not found)

2018-08-16 14:38:59 - [MESSAGE][FAILED] - Unable to click on object 'Object Repository/my_tasks/act_menu' (Root cause: com.kms.katalon.core.webui.exception.WebElementNotFoundException: Web element with id: 'Object Repository/my_tasks/act_menu' located by 'By.xpath: //span[@class = 'dx-menu-item-popout-container']' not found)
[[ATTACHMENT|T:\\Katalon Studio\\E1\\Reports\\TEST\\New Test Suite\\20180816_143535\\1534419539578.png]]]]></system-out>
         <system-err><![CDATA[2018-08-16 14:36:43 - [TEST_CASE][FAILED] - Test Cases/Base/Purchase plan/Appruval route purchase plan: Test Cases/Base/Purchase plan/Appruval route purchase plan FAILED because (of) Unable to click on object 'Object Repository/my_tasks/act_menu' (Root cause: com.kms.katalon.core.webui.exception.WebElementNotFoundException: Web element with id: 'Object Repository/my_tasks/act_menu' located by 'By.xpath: //span[@class = 'dx-menu-item-popout-container']' not found)]]></system-err>
      </testcase>
      <system-out><![CDATA[2018-08-16 14:35:36 - [TEST_SUITE][FAILED] - New Test Suite: Test Cases/Base/Purchase plan/Appruval route purchase plan FAILED because (of) Unable to click on object 'Object Repository/my_tasks/act_menu' (Root cause: com.kms.katalon.core.webui.exception.WebElementNotFoundException: Web element with id: 'Object Repository/my_tasks/act_menu' located by 'By.xpath: //span[@class = 'dx-menu-item-popout-container']' not found)]]></system-out>
      <system-err><![CDATA[2018-08-16 14:35:36 - [TEST_SUITE][FAILED] - New Test Suite: Test Cases/Base/Purchase plan/Appruval route purchase plan FAILED because (of) Unable to click on object 'Object Repository/my_tasks/act_menu' (Root cause: com.kms.katalon.core.webui.exception.WebElementNotFoundException: Web element with id: 'Object Repository/my_tasks/act_menu' located by 'By.xpath: //span[@class = 'dx-menu-item-popout-container']' not found)]]></system-err>
   </testsuite>
</testsuites>
