{"devicePlatform":"","logFolder":"T:\\Katalon Studio\\E1\\Reports\\TEST\\New Test Suite\\20180809_155215","runData":{"hostName":"ex64 - ex64","os":"Windows 7 64bit","katalonVersion":"5.6.0.1","browser":"Firefox 61.0","hostAddress":"192.168.20.109","sessionId":"5aa2b2c4-dacf-4f8f-92fa-83d6bc21c9fb","seleniumVersion":"3.7.1","proxyInformation":"ProxyInformation{proxyOption\u003dNO_PROXY, proxyServerType\u003dHTTP, password\u003d, proxyServerAddress\u003d, proxyServerPort\u003d0}","platform":"Windows 7"},"type":"TEST_SUITE","name":"New Test Suite","id":"Test Suites/TEST/New Test Suite","source":"","message":"Test Cases/Base/Activation FAILED because (of) Unable to verify object \u0027Object Repository/page_home/span_myTasks\u0027 is present (Root cause: com.kms.katalon.core.webui.exception.WebElementNotFoundException: Web element with id: \u0027Object Repository/page_home/span_myTasks\u0027 located by \u0027By.xpath: //span[(text() \u003d \u0027Мои задачи\u0027 or . \u003d \u0027Мои задачи\u0027)]\u0027 not found)","description":"","startTime":1533819137372,"endTime":1533819385659,"childRecords":[{"isOptional":false,"type":"TEST_CASE","name":"Test Cases/Base/Activation","id":"Test Cases/Base/Activation","source":"T:\\\\Katalon Studio\\\\E1\\\\Test Cases\\\\Base\\\\Activation.tc","message":"Test Cases/Base/Activation FAILED because (of) Unable to verify object \u0027Object Repository/page_home/span_myTasks\u0027 is present (Root cause: com.kms.katalon.core.webui.exception.WebElementNotFoundException: Web element with id: \u0027Object Repository/page_home/span_myTasks\u0027 located by \u0027By.xpath: //span[(text() \u003d \u0027Мои задачи\u0027 or . \u003d \u0027Мои задачи\u0027)]\u0027 not found)","description":"Активация нового пользователя","startTime":1533819137577,"endTime":1533819385279,"childRecords":[{"testStatus":{"stackTrace":"","statusValue":"INFO"},"type":"MESSAGE","name":"","message":"Evaluating variables for test case","startTime":1533819137593,"endTime":0,"childRecords":[],"interuppted":false},{"index":1,"isIgnoredIfFailed":false,"type":"TEST_STEP","name":"callTestCase","message":"Unable to call Test Case with id \u0027Test Cases/Base/Authorization\u0027 (Root cause: Call Test Case \u0027Test Cases/Base/Authorization\u0027 failed)","description":"Авторизация администратором","startTime":1533819137808,"endTime":1533819385277,"childRecords":[{"isOptional":false,"type":"TEST_CASE","name":"Test Cases/Base/Authorization","id":"Test Cases/Base/Authorization","source":"T:\\\\Katalon Studio\\\\E1\\\\Test Cases\\\\Base\\\\Authorization.tc","message":"Test Cases/Base/Authorization FAILED because (of) Unable to verify object \u0027Object Repository/page_home/span_myTasks\u0027 is present (Root cause: com.kms.katalon.core.webui.exception.WebElementNotFoundException: Web element with id: \u0027Object Repository/page_home/span_myTasks\u0027 located by \u0027By.xpath: //span[(text() \u003d \u0027Мои задачи\u0027 or . \u003d \u0027Мои задачи\u0027)]\u0027 not found)","description":"","startTime":1533819137905,"endTime":1533819385274,"childRecords":[{"testStatus":{"stackTrace":"","statusValue":"INFO"},"type":"MESSAGE","name":"","message":"Evaluating variables for test case","startTime":1533819137914,"endTime":0,"childRecords":[],"interuppted":false},{"testStatus":{"stackTrace":"","statusValue":"INFO"},"type":"MESSAGE","name":"","message":"Variable \u0027login\u0027 is set to {} as default","startTime":1533819137938,"endTime":0,"childRecords":[],"interuppted":false},{"testStatus":{"stackTrace":"","statusValue":"INFO"},"type":"MESSAGE","name":"","message":"Checking test data id","startTime":1533819137950,"endTime":0,"childRecords":[],"interuppted":false},{"testStatus":{"stackTrace":"","statusValue":"INFO"},"type":"MESSAGE","name":"","message":"Finding test data with id \u0027Data Files/Excel/Authorization\u0027","startTime":1533819137950,"endTime":0,"childRecords":[],"interuppted":false},{"testStatus":{"stackTrace":"","statusValue":"WARNING"},"type":"MESSAGE","name":"","message":"Unable to set variable \u0027password\u0027 for test case because (of) Cannot find test data with id \u0027Data Files/Excel/Authorization\u0027 because (of) \u0027java.lang.IllegalArgumentException: Test data with id \u0027Data Files/Excel/Authorization\u0027 does not exist\u0027","startTime":1533819137952,"endTime":0,"childRecords":[],"interuppted":false},{"index":1,"isIgnoredIfFailed":false,"type":"TEST_STEP","name":"openBrowser","message":"Browser is opened with url: \u0027http://10.100.70.20/edo\u0027","description":"Переход на тестовый стенд","startTime":1533819138034,"endTime":1533819347902,"childRecords":[{"testStatus":{"stackTrace":"","statusValue":"PASSED"},"type":"MESSAGE","name":"","message":"Browser is opened with url: \u0027http://10.100.70.20/edo\u0027","startTime":1533819347901,"endTime":0,"childRecords":[],"interuppted":false}],"interuppted":false},{"index":2,"isIgnoredIfFailed":false,"type":"TEST_STEP","name":"maximizeWindow","message":"Current window maximized","description":"Максимальный экран браузера","startTime":1533819347903,"endTime":1533819348069,"childRecords":[{"testStatus":{"stackTrace":"","statusValue":"PASSED"},"type":"MESSAGE","name":"","message":"Current window maximized","startTime":1533819348068,"endTime":0,"childRecords":[],"interuppted":false}],"interuppted":false},{"index":3,"isIgnoredIfFailed":false,"type":"TEST_STEP","name":"verifyElementPresent","message":"Object \u0027Object Repository/page_authorization/input_login\u0027 is present","description":"Проверка наличия поля \"Имя пользователя\"","startTime":1533819348069,"endTime":1533819348133,"childRecords":[{"testStatus":{"stackTrace":"","statusValue":"WARNING"},"type":"MESSAGE","name":"","message":"Timeout \u00270\u0027 is invalid. Using default page load timeout: \u002730\u0027","startTime":1533819348109,"endTime":0,"childRecords":[],"interuppted":false},{"testStatus":{"stackTrace":"","statusValue":"PASSED"},"type":"MESSAGE","name":"","message":"Object \u0027Object Repository/page_authorization/input_login\u0027 is present","startTime":1533819348132,"endTime":0,"childRecords":[],"interuppted":false}],"interuppted":false},{"index":4,"isIgnoredIfFailed":false,"type":"TEST_STEP","name":"verifyElementPresent","message":"Object \u0027Object Repository/page_authorization/input_password\u0027 is present","description":"Проверка наличия поля \"Пароль\"","startTime":1533819348133,"endTime":1533819348147,"childRecords":[{"testStatus":{"stackTrace":"","statusValue":"WARNING"},"type":"MESSAGE","name":"","message":"Timeout \u00270\u0027 is invalid. Using default page load timeout: \u002730\u0027","startTime":1533819348137,"endTime":0,"childRecords":[],"interuppted":false},{"testStatus":{"stackTrace":"","statusValue":"PASSED"},"type":"MESSAGE","name":"","message":"Object \u0027Object Repository/page_authorization/input_password\u0027 is present","startTime":1533819348146,"endTime":0,"childRecords":[],"interuppted":false}],"interuppted":false},{"index":5,"isIgnoredIfFailed":false,"type":"TEST_STEP","name":"verifyElementPresent","message":"Object \u0027Object Repository/page_authorization/button_come\u0027 is present","description":"Проверка наличия кнопки \"Войти\"","startTime":1533819348147,"endTime":1533819348167,"childRecords":[{"testStatus":{"stackTrace":"","statusValue":"WARNING"},"type":"MESSAGE","name":"","message":"Timeout \u00270\u0027 is invalid. Using default page load timeout: \u002730\u0027","startTime":1533819348152,"endTime":0,"childRecords":[],"interuppted":false},{"testStatus":{"stackTrace":"","statusValue":"PASSED"},"type":"MESSAGE","name":"","message":"Object \u0027Object Repository/page_authorization/button_come\u0027 is present","startTime":1533819348166,"endTime":0,"childRecords":[],"interuppted":false}],"interuppted":false},{"index":6,"isIgnoredIfFailed":false,"type":"TEST_STEP","name":"verifyElementPresent","message":"Object \u0027Object Repository/page_authorization/button_comeEP\u0027 is present","description":"Проверка наличия кнопки \"Войти по ЭП\"","startTime":1533819348167,"endTime":1533819348185,"childRecords":[{"testStatus":{"stackTrace":"","statusValue":"WARNING"},"type":"MESSAGE","name":"","message":"Timeout \u00270\u0027 is invalid. Using default page load timeout: \u002730\u0027","startTime":1533819348174,"endTime":0,"childRecords":[],"interuppted":false},{"testStatus":{"stackTrace":"","statusValue":"PASSED"},"type":"MESSAGE","name":"","message":"Object \u0027Object Repository/page_authorization/button_comeEP\u0027 is present","startTime":1533819348185,"endTime":0,"childRecords":[],"interuppted":false}],"interuppted":false},{"index":7,"isIgnoredIfFailed":false,"type":"TEST_STEP","name":"verifyElementPresent","message":"Object \u0027Object Repository/page_authorization/a_registry\u0027 is present","description":"Проверка наличия ссылки \"Регистрация\"","startTime":1533819348186,"endTime":1533819348202,"childRecords":[{"testStatus":{"stackTrace":"","statusValue":"WARNING"},"type":"MESSAGE","name":"","message":"Timeout \u00270\u0027 is invalid. Using default page load timeout: \u002730\u0027","startTime":1533819348190,"endTime":0,"childRecords":[],"interuppted":false},{"testStatus":{"stackTrace":"","statusValue":"PASSED"},"type":"MESSAGE","name":"","message":"Object \u0027Object Repository/page_authorization/a_registry\u0027 is present","startTime":1533819348202,"endTime":0,"childRecords":[],"interuppted":false}],"interuppted":false},{"index":8,"isIgnoredIfFailed":false,"type":"TEST_STEP","name":"verifyElementPresent","message":"Object \u0027Object Repository/page_authorization/a_passwordRecovery\u0027 is present","description":"Проверка наличия ссылки \"Восстановление пароля\"","startTime":1533819348202,"endTime":1533819348222,"childRecords":[{"testStatus":{"stackTrace":"","statusValue":"WARNING"},"type":"MESSAGE","name":"","message":"Timeout \u00270\u0027 is invalid. Using default page load timeout: \u002730\u0027","startTime":1533819348212,"endTime":0,"childRecords":[],"interuppted":false},{"testStatus":{"stackTrace":"","statusValue":"PASSED"},"type":"MESSAGE","name":"","message":"Object \u0027Object Repository/page_authorization/a_passwordRecovery\u0027 is present","startTime":1533819348222,"endTime":0,"childRecords":[],"interuppted":false}],"interuppted":false},{"index":9,"isIgnoredIfFailed":false,"type":"TEST_STEP","name":"setText","message":"Text \u0027aaermolin\u0027 is set on object \u0027Object Repository/page_authorization/input_login\u0027","description":"Ввод логина","startTime":1533819348222,"endTime":1533819348476,"childRecords":[{"testStatus":{"stackTrace":"","statusValue":"PASSED"},"type":"MESSAGE","name":"","message":"Text \u0027aaermolin\u0027 is set on object \u0027Object Repository/page_authorization/input_login\u0027","startTime":1533819348476,"endTime":0,"childRecords":[],"interuppted":false}],"interuppted":false},{"index":10,"isIgnoredIfFailed":false,"type":"TEST_STEP","name":"setText","message":"Text \u0027Gfhjkm1\u0027 is set on object \u0027Object Repository/page_authorization/input_password\u0027","description":"Ввод пароля","startTime":1533819348476,"endTime":1533819348572,"childRecords":[{"testStatus":{"stackTrace":"","statusValue":"PASSED"},"type":"MESSAGE","name":"","message":"Text \u0027Gfhjkm1\u0027 is set on object \u0027Object Repository/page_authorization/input_password\u0027","startTime":1533819348572,"endTime":0,"childRecords":[],"interuppted":false}],"interuppted":false},{"index":11,"isIgnoredIfFailed":false,"type":"TEST_STEP","name":"click","message":"Object: \u0027Object Repository/page_authorization/button_come\u0027 is clicked on","description":"Клик по кнопке \"Войти\"","startTime":1533819348572,"endTime":1533819353847,"childRecords":[{"testStatus":{"stackTrace":"","statusValue":"PASSED"},"type":"MESSAGE","name":"","message":"Object: \u0027Object Repository/page_authorization/button_come\u0027 is clicked on","startTime":1533819353845,"endTime":0,"childRecords":[],"interuppted":false}],"interuppted":false},{"attachment":"1533819385149.png","index":12,"isIgnoredIfFailed":false,"type":"TEST_STEP","name":"verifyElementPresent","message":"Unable to verify object \u0027Object Repository/page_home/span_myTasks\u0027 is present (Root cause: com.kms.katalon.core.webui.exception.WebElementNotFoundException: Web element with id: \u0027Object Repository/page_home/span_myTasks\u0027 located by \u0027By.xpath: //span[(text() \u003d \u0027Мои задачи\u0027 or . \u003d \u0027Мои задачи\u0027)]\u0027 not found)","description":"Проверка наличия меню \"Мои задачи\"","startTime":1533819353847,"endTime":1533819385272,"childRecords":[{"testStatus":{"stackTrace":"","statusValue":"WARNING"},"type":"MESSAGE","name":"","message":"Timeout \u00270\u0027 is invalid. Using default page load timeout: \u002730\u0027","startTime":1533819353851,"endTime":0,"childRecords":[],"interuppted":false},{"testStatus":{"stackTrace":"","statusValue":"FAILED"},"attachment":"1533819385016.png","type":"MESSAGE","name":"","message":"com.kms.katalon.core.webui.exception.WebElementNotFoundException: Web element with id: \u0027Object Repository/page_home/span_myTasks\u0027 located by \u0027By.xpath: //span[(text() \u003d \u0027Мои задачи\u0027 or . \u003d \u0027Мои задачи\u0027)]\u0027 not found","startTime":1533819385149,"endTime":0,"childRecords":[],"interuppted":false},{"testStatus":{"stackTrace":"","statusValue":"FAILED"},"attachment":"1533819385149.png","type":"MESSAGE","name":"","message":"Unable to verify object \u0027Object Repository/page_home/span_myTasks\u0027 is present (Root cause: com.kms.katalon.core.webui.exception.WebElementNotFoundException: Web element with id: \u0027Object Repository/page_home/span_myTasks\u0027 located by \u0027By.xpath: //span[(text() \u003d \u0027Мои задачи\u0027 or . \u003d \u0027Мои задачи\u0027)]\u0027 not found)","startTime":1533819385272,"endTime":0,"childRecords":[],"interuppted":false}],"interuppted":false},{"testStatus":{"stackTrace":"","statusValue":"FAILED"},"type":"MESSAGE","name":"","message":"Test Cases/Base/Authorization FAILED because (of) Unable to verify object \u0027Object Repository/page_home/span_myTasks\u0027 is present (Root cause: com.kms.katalon.core.webui.exception.WebElementNotFoundException: Web element with id: \u0027Object Repository/page_home/span_myTasks\u0027 located by \u0027By.xpath: //span[(text() \u003d \u0027Мои задачи\u0027 or . \u003d \u0027Мои задачи\u0027)]\u0027 not found)","startTime":1533819385273,"endTime":0,"childRecords":[],"interuppted":false}],"interuppted":false},{"testStatus":{"stackTrace":"","statusValue":"FAILED"},"type":"MESSAGE","name":"","message":"Unable to call Test Case with id \u0027Test Cases/Base/Authorization\u0027 (Root cause: Call Test Case \u0027Test Cases/Base/Authorization\u0027 failed)","startTime":1533819385276,"endTime":0,"childRecords":[],"interuppted":false}],"interuppted":false},{"testStatus":{"stackTrace":"","statusValue":"FAILED"},"type":"MESSAGE","name":"","message":"Test Cases/Base/Activation FAILED because (of) Unable to verify object \u0027Object Repository/page_home/span_myTasks\u0027 is present (Root cause: com.kms.katalon.core.webui.exception.WebElementNotFoundException: Web element with id: \u0027Object Repository/page_home/span_myTasks\u0027 located by \u0027By.xpath: //span[(text() \u003d \u0027Мои задачи\u0027 or . \u003d \u0027Мои задачи\u0027)]\u0027 not found)","startTime":1533819385277,"endTime":0,"childRecords":[],"interuppted":false}],"interuppted":false}],"interuppted":false}