<?xml version="1.0" encoding="UTF-8"?>
<testsuites name="Create budget" time="73" tests="0" failures="1" errors="0">
   <testsuite name="Create budget" tests="0" failures="1" errors="0" time="73" timestamp="2018-08-16 16:31:12" hostname="ex64 - ex64" id="Test Suites/Scenario1/Create budget">
      <properties>
         <property name="deviceName" value=""/>
         <property name="devicePlatform" value=""/>
         <property name="logFolder" value="T:\\Katalon Studio\\E1\\Reports\\Scenario1\\Create budget\\20180816_162717"/>
         <property name="logFiles" value="T:\\Katalon Studio\\E1\\Reports\\Scenario1\\Create budget\\20180816_162717\\execution0.log"/>
         <property name="attachments" value="T:\\Katalon Studio\\E1\\Reports\\Scenario1\\Create budget\\20180816_162717\\1534426342964.png"/>
         <property name="hostName" value="ex64 - ex64"/>
         <property name="os" value="Windows 7 64bit"/>
         <property name="katalonVersion" value="5.6.0.1"/>
         <property name="browser" value="Firefox 61.0"/>
         <property name="hostAddress" value="192.168.20.109"/>
         <property name="sessionId" value="f04ff661-942e-4f68-b1d4-af18de916e21"/>
         <property name="seleniumVersion" value="3.7.1"/>
         <property name="proxyInformation" value="ProxyInformation{proxyOption=NO_PROXY, proxyServerType=HTTP, password=, proxyServerAddress=, proxyServerPort=0}"/>
         <property name="platform" value="Windows 7"/>
      </properties>
      <testcase name="Test Cases/Base/Create budget" classname="Test Cases/Base/Create budget" status="FAILED">
         <failure type="FAILED" message="Unable to click on object 'Object Repository/DOCUMENT/btn_save' (Root cause: org.openqa.selenium.ElementClickInterceptedException: Element &lt;a class=&quot;btn btn-default btn-md&quot; href=&quot;#&quot;> is not clickable at point (1723.050048828125,115) because another element &lt;div class=&quot;modal fade&quot;> obscures it
Build info: version: '3.7.1', revision: '8a0099a', time: '2017-11-06T21:07:36.161Z'
System info: host: 'EX64', ip: '192.168.20.109', os.name: 'Windows 7', os.arch: 'amd64', os.version: '6.1', java.version: '1.8.0_102'
Driver info: com.kms.katalon.core.webui.driver.firefox.CGeckoDriver
Capabilities {acceptInsecureCerts: true, browserName: firefox, browserVersion: 61.0.2, javascriptEnabled: true, moz:accessibilityChecks: false, moz:headless: false, moz:processID: 4240, moz:profile: C:\Users\ex64\AppData\Local..., moz:useNonSpecCompliantPointerOrigin: false, moz:webdriverClick: true, pageLoadStrategy: normal, platform: XP, platformName: XP, platformVersion: 6.1, proxy: Proxy(direct), rotatable: false, timeouts: {implicit: 0, pageLoad: 300000, script: 30000}}
Session ID: f04ff661-942e-4f68-b1d4-af18de916e21)"/>
         <system-out><![CDATA[2018-08-16 16:31:12 - [TEST_CASE][FAILED] - Test Cases/Base/Create budget: Test Cases/Base/Create budget FAILED because (of) Unable to click on object 'Object Repository/DOCUMENT/btn_save' (Root cause: org.openqa.selenium.ElementClickInterceptedException: Element <a class="btn btn-default btn-md" href="#"> is not clickable at point (1723.050048828125,115) because another element <div class="modal fade"> obscures it
Build info: version: '3.7.1', revision: '8a0099a', time: '2017-11-06T21:07:36.161Z'
System info: host: 'EX64', ip: '192.168.20.109', os.name: 'Windows 7', os.arch: 'amd64', os.version: '6.1', java.version: '1.8.0_102'
Driver info: com.kms.katalon.core.webui.driver.firefox.CGeckoDriver
Capabilities {acceptInsecureCerts: true, browserName: firefox, browserVersion: 61.0.2, javascriptEnabled: true, moz:accessibilityChecks: false, moz:headless: false, moz:processID: 4240, moz:profile: C:\Users\ex64\AppData\Local..., moz:useNonSpecCompliantPointerOrigin: false, moz:webdriverClick: true, pageLoadStrategy: normal, platform: XP, platformName: XP, platformVersion: 6.1, proxy: Proxy(direct), rotatable: false, timeouts: {implicit: 0, pageLoad: 300000, script: 30000}}
Session ID: f04ff661-942e-4f68-b1d4-af18de916e21)

2018-08-16 16:31:12 - [TEST_STEP][PASSED] - callTestCase: Call Test Case 'Test Cases/Base/Authorization' successfully

2018-08-16 16:31:12 - [TEST_CASE][PASSED] - Test Cases/Base/Authorization: Test Cases/Base/Authorization

2018-08-16 16:31:13 - [TEST_STEP][PASSED] - openBrowser: Browser is opened with url: 'http://10.100.70.20/edo'

2018-08-16 16:31:20 - [MESSAGE][PASSED] - Browser is opened with url: 'http://10.100.70.20/edo'

2018-08-16 16:31:20 - [TEST_STEP][PASSED] - maximizeWindow: Current window maximized

2018-08-16 16:31:20 - [MESSAGE][PASSED] - Current window maximized

2018-08-16 16:31:20 - [TEST_STEP][PASSED] - verifyElementPresent: Object 'Object Repository/page_authorization/input_login' is present

2018-08-16 16:31:20 - [MESSAGE][WARNING] - Timeout '0' is invalid. Using default page load timeout: '60'

2018-08-16 16:31:20 - [MESSAGE][PASSED] - Object 'Object Repository/page_authorization/input_login' is present

2018-08-16 16:31:20 - [TEST_STEP][PASSED] - verifyElementPresent: Object 'Object Repository/page_authorization/input_password' is present

2018-08-16 16:31:20 - [MESSAGE][WARNING] - Timeout '0' is invalid. Using default page load timeout: '60'

2018-08-16 16:31:20 - [MESSAGE][PASSED] - Object 'Object Repository/page_authorization/input_password' is present

2018-08-16 16:31:20 - [TEST_STEP][PASSED] - verifyElementPresent: Object 'Object Repository/page_authorization/button_come' is present

2018-08-16 16:31:20 - [MESSAGE][WARNING] - Timeout '0' is invalid. Using default page load timeout: '60'

2018-08-16 16:31:21 - [MESSAGE][PASSED] - Object 'Object Repository/page_authorization/button_come' is present

2018-08-16 16:31:21 - [TEST_STEP][PASSED] - verifyElementPresent: Object 'Object Repository/page_authorization/button_comeEP' is present

2018-08-16 16:31:21 - [MESSAGE][WARNING] - Timeout '0' is invalid. Using default page load timeout: '60'

2018-08-16 16:31:21 - [MESSAGE][PASSED] - Object 'Object Repository/page_authorization/button_comeEP' is present

2018-08-16 16:31:21 - [TEST_STEP][PASSED] - verifyElementPresent: Object 'Object Repository/page_authorization/a_registry' is present

2018-08-16 16:31:21 - [MESSAGE][WARNING] - Timeout '0' is invalid. Using default page load timeout: '60'

2018-08-16 16:31:21 - [MESSAGE][PASSED] - Object 'Object Repository/page_authorization/a_registry' is present

2018-08-16 16:31:21 - [TEST_STEP][PASSED] - verifyElementPresent: Object 'Object Repository/page_authorization/a_passwordRecovery' is present

2018-08-16 16:31:21 - [MESSAGE][WARNING] - Timeout '0' is invalid. Using default page load timeout: '60'

2018-08-16 16:31:21 - [MESSAGE][PASSED] - Object 'Object Repository/page_authorization/a_passwordRecovery' is present

2018-08-16 16:31:21 - [TEST_STEP][PASSED] - setText: Text 'autoui80' is set on object 'Object Repository/page_authorization/input_login'

2018-08-16 16:31:21 - [MESSAGE][PASSED] - Text 'autoui80' is set on object 'Object Repository/page_authorization/input_login'

2018-08-16 16:31:21 - [TEST_STEP][PASSED] - setText: Text 'Gfhjkm123' is set on object 'Object Repository/page_authorization/input_password'

2018-08-16 16:31:21 - [MESSAGE][PASSED] - Text 'Gfhjkm123' is set on object 'Object Repository/page_authorization/input_password'

2018-08-16 16:31:21 - [TEST_STEP][PASSED] - click: Object: 'Object Repository/page_authorization/button_come' is clicked on

2018-08-16 16:31:26 - [MESSAGE][PASSED] - Object: 'Object Repository/page_authorization/button_come' is clicked on

2018-08-16 16:31:26 - [TEST_STEP][PASSED] - verifyElementPresent: Object 'Object Repository/page_home/span_myTasks' is present

2018-08-16 16:31:26 - [MESSAGE][WARNING] - Timeout '0' is invalid. Using default page load timeout: '60'

2018-08-16 16:32:01 - [MESSAGE][PASSED] - Object 'Object Repository/page_home/span_myTasks' is present

2018-08-16 16:32:01 - [TEST_STEP][PASSED] - verifyElementPresent: Object 'Object Repository/page_home/span_administration' is present

2018-08-16 16:32:01 - [MESSAGE][WARNING] - Timeout '0' is invalid. Using default page load timeout: '60'

2018-08-16 16:32:02 - [MESSAGE][PASSED] - Object 'Object Repository/page_home/span_administration' is present

2018-08-16 16:32:02 - [TEST_STEP][PASSED] - verifyElementPresent: Object 'Object Repository/page_home/span_exit' is present

2018-08-16 16:32:02 - [MESSAGE][WARNING] - Timeout '0' is invalid. Using default page load timeout: '60'

2018-08-16 16:32:02 - [MESSAGE][PASSED] - Object 'Object Repository/page_home/span_exit' is present

2018-08-16 16:32:02 - [MESSAGE][PASSED] - Call Test Case 'Test Cases/Base/Authorization' successfully

2018-08-16 16:32:02 - [TEST_STEP][PASSED] - click: Object: 'Object Repository/page_home/span_planning' is clicked on

2018-08-16 16:32:04 - [MESSAGE][PASSED] - Object: 'Object Repository/page_home/span_planning' is clicked on

2018-08-16 16:32:04 - [TEST_STEP][PASSED] - click: Object: 'Object Repository/page_planning/a_newBudget' is clicked on

2018-08-16 16:32:04 - [MESSAGE][PASSED] - Object: 'Object Repository/page_planning/a_newBudget' is clicked on

2018-08-16 16:32:04 - [TEST_STEP][PASSED] - Statement - new_budgetYear = com.kms.katalon.core.webui.keyword.WebUiBuiltInKeywords.modifyObjectProperty(com.kms.katalon.core.testobject.ObjectRepository.findTestObject(page_planning/page_year/radio_budgetYear), "value", "equals", BudgetYear, true): Modify property of object successfully

2018-08-16 16:32:04 - [MESSAGE][PASSED] - Modify property of object successfully

2018-08-16 16:32:04 - [TEST_STEP][PASSED] - check: Object 'Object Repository/page_planning/page_year/radio_budgetYear' is checked

2018-08-16 16:32:04 - [MESSAGE][PASSED] - Object 'Object Repository/page_planning/page_year/radio_budgetYear' is checked

2018-08-16 16:32:04 - [TEST_STEP][PASSED] - click: Object: 'Object Repository/page_planning/page_year/button_OK' is clicked on

2018-08-16 16:32:04 - [MESSAGE][PASSED] - Object: 'Object Repository/page_planning/page_year/button_OK' is clicked on

2018-08-16 16:32:04 - [TEST_STEP][PASSED] - verifyElementPresent: Object 'Object Repository/document_budget/btn_sourceFinancing' is present

2018-08-16 16:32:04 - [MESSAGE][WARNING] - Timeout '0' is invalid. Using default page load timeout: '60'

2018-08-16 16:32:06 - [MESSAGE][PASSED] - Object 'Object Repository/document_budget/btn_sourceFinancing' is present

2018-08-16 16:32:06 - [TEST_STEP][PASSED] - click: Object: 'Object Repository/document_budget/btn_sourceFinancing' is clicked on

2018-08-16 16:32:07 - [MESSAGE][PASSED] - Object: 'Object Repository/document_budget/btn_sourceFinancing' is clicked on

2018-08-16 16:32:07 - [TEST_STEP][PASSED] - setText: Text 'Бюджетные средства' is set on object 'Object Repository/document_budget/dictionary_sourceFinancing/find_sourceFinancing'

2018-08-16 16:32:07 - [MESSAGE][PASSED] - Text 'Бюджетные средства' is set on object 'Object Repository/document_budget/dictionary_sourceFinancing/find_sourceFinancing'

2018-08-16 16:32:07 - [TEST_STEP][PASSED] - click: Object: 'Object Repository/document_budget/dictionary_sourceFinancing/el_sourceFinancing' is clicked on

2018-08-16 16:32:07 - [MESSAGE][PASSED] - Object: 'Object Repository/document_budget/dictionary_sourceFinancing/el_sourceFinancing' is clicked on

2018-08-16 16:32:07 - [TEST_STEP][PASSED] - click: Object: 'Object Repository/document_budget/dictionary_sourceFinancing/btn_select' is clicked on

2018-08-16 16:32:07 - [MESSAGE][PASSED] - Object: 'Object Repository/document_budget/dictionary_sourceFinancing/btn_select' is clicked on

2018-08-16 16:32:07 - [TEST_STEP][PASSED] - click: Object: 'Object Repository/document_budget/btn_KBK' is clicked on

2018-08-16 16:32:08 - [MESSAGE][PASSED] - Object: 'Object Repository/document_budget/btn_KBK' is clicked on

2018-08-16 16:32:08 - [TEST_STEP][PASSED] - setText: Text '30301138930090059244' is set on object 'Object Repository/document_budget/dictionary_KBK/find_KBK'

2018-08-16 16:32:17 - [MESSAGE][PASSED] - Text '30301138930090059244' is set on object 'Object Repository/document_budget/dictionary_KBK/find_KBK'

2018-08-16 16:32:17 - [TEST_STEP][PASSED] - verifyElementPresent: Object 'Object Repository/document_budget/dictionary_KBK/check_KBK' is present

2018-08-16 16:32:17 - [MESSAGE][WARNING] - Timeout '0' is invalid. Using default page load timeout: '60'

2018-08-16 16:32:22 - [MESSAGE][PASSED] - Object 'Object Repository/document_budget/dictionary_KBK/check_KBK' is present

2018-08-16 16:32:22 - [TEST_STEP][PASSED] - click: Object: 'Object Repository/document_budget/dictionary_KBK/check_KBK' is clicked on

2018-08-16 16:32:22 - [MESSAGE][PASSED] - Object: 'Object Repository/document_budget/dictionary_KBK/check_KBK' is clicked on

2018-08-16 16:32:22 - [TEST_STEP][PASSED] - click: Object: 'Object Repository/document_budget/dictionary_KBK/btn_select' is clicked on

2018-08-16 16:32:22 - [MESSAGE][PASSED] - Object: 'Object Repository/document_budget/dictionary_KBK/btn_select' is clicked on

2018-08-16 16:32:22 - [TEST_STEP][PASSED] - setText: Text '1000000' is set on object 'Object Repository/document_budget/input_limitAmount'

2018-08-16 16:32:22 - [MESSAGE][PASSED] - Text '1000000' is set on object 'Object Repository/document_budget/input_limitAmount'

2018-08-16 16:32:22 - [TEST_STEP][PASSED] - waitForElementNotPresent: Web element with id: 'Object Repository/special/modal-backdrop fade' located by 'By.xpath: //*[@class = 'modal-backdrop fade']' is not present after '2' second(s)

2018-08-16 16:32:22 - [MESSAGE][PASSED] - Web element with id: 'Object Repository/special/modal-backdrop fade' located by 'By.xpath: //*[@class = 'modal-backdrop fade']' is not present after '2' second(s)

2018-08-16 16:32:22 - [TEST_STEP][FAILED] - click: Unable to click on object 'Object Repository/DOCUMENT/btn_save' (Root cause: org.openqa.selenium.ElementClickInterceptedException: Element <a class="btn btn-default btn-md" href="#"> is not clickable at point (1723.050048828125,115) because another element <div class="modal fade"> obscures it
Build info: version: '3.7.1', revision: '8a0099a', time: '2017-11-06T21:07:36.161Z'
System info: host: 'EX64', ip: '192.168.20.109', os.name: 'Windows 7', os.arch: 'amd64', os.version: '6.1', java.version: '1.8.0_102'
Driver info: com.kms.katalon.core.webui.driver.firefox.CGeckoDriver
Capabilities {acceptInsecureCerts: true, browserName: firefox, browserVersion: 61.0.2, javascriptEnabled: true, moz:accessibilityChecks: false, moz:headless: false, moz:processID: 4240, moz:profile: C:\Users\ex64\AppData\Local..., moz:useNonSpecCompliantPointerOrigin: false, moz:webdriverClick: true, pageLoadStrategy: normal, platform: XP, platformName: XP, platformVersion: 6.1, proxy: Proxy(direct), rotatable: false, timeouts: {implicit: 0, pageLoad: 300000, script: 30000}}
Session ID: f04ff661-942e-4f68-b1d4-af18de916e21)

2018-08-16 16:32:23 - [MESSAGE][FAILED] - Unable to click on object 'Object Repository/DOCUMENT/btn_save' (Root cause: org.openqa.selenium.ElementClickInterceptedException: Element <a class="btn btn-default btn-md" href="#"> is not clickable at point (1723.050048828125,115) because another element <div class="modal fade"> obscures it
Build info: version: '3.7.1', revision: '8a0099a', time: '2017-11-06T21:07:36.161Z'
System info: host: 'EX64', ip: '192.168.20.109', os.name: 'Windows 7', os.arch: 'amd64', os.version: '6.1', java.version: '1.8.0_102'
Driver info: com.kms.katalon.core.webui.driver.firefox.CGeckoDriver
Capabilities {acceptInsecureCerts: true, browserName: firefox, browserVersion: 61.0.2, javascriptEnabled: true, moz:accessibilityChecks: false, moz:headless: false, moz:processID: 4240, moz:profile: C:\Users\ex64\AppData\Local..., moz:useNonSpecCompliantPointerOrigin: false, moz:webdriverClick: true, pageLoadStrategy: normal, platform: XP, platformName: XP, platformVersion: 6.1, proxy: Proxy(direct), rotatable: false, timeouts: {implicit: 0, pageLoad: 300000, script: 30000}}
Session ID: f04ff661-942e-4f68-b1d4-af18de916e21)
[[ATTACHMENT|T:\\Katalon Studio\\E1\\Reports\\Scenario1\\Create budget\\20180816_162717\\1534426342964.png]]]]></system-out>
         <system-err><![CDATA[2018-08-16 16:31:12 - [TEST_CASE][FAILED] - Test Cases/Base/Create budget: Test Cases/Base/Create budget FAILED because (of) Unable to click on object 'Object Repository/DOCUMENT/btn_save' (Root cause: org.openqa.selenium.ElementClickInterceptedException: Element <a class="btn btn-default btn-md" href="#"> is not clickable at point (1723.050048828125,115) because another element <div class="modal fade"> obscures it
Build info: version: '3.7.1', revision: '8a0099a', time: '2017-11-06T21:07:36.161Z'
System info: host: 'EX64', ip: '192.168.20.109', os.name: 'Windows 7', os.arch: 'amd64', os.version: '6.1', java.version: '1.8.0_102'
Driver info: com.kms.katalon.core.webui.driver.firefox.CGeckoDriver
Capabilities {acceptInsecureCerts: true, browserName: firefox, browserVersion: 61.0.2, javascriptEnabled: true, moz:accessibilityChecks: false, moz:headless: false, moz:processID: 4240, moz:profile: C:\Users\ex64\AppData\Local..., moz:useNonSpecCompliantPointerOrigin: false, moz:webdriverClick: true, pageLoadStrategy: normal, platform: XP, platformName: XP, platformVersion: 6.1, proxy: Proxy(direct), rotatable: false, timeouts: {implicit: 0, pageLoad: 300000, script: 30000}}
Session ID: f04ff661-942e-4f68-b1d4-af18de916e21)]]></system-err>
      </testcase>
      <system-out><![CDATA[2018-08-16 16:31:12 - [TEST_SUITE][FAILED] - Create budget: Test Cases/Base/Create budget FAILED because (of) Unable to click on object 'Object Repository/DOCUMENT/btn_save' (Root cause: org.openqa.selenium.ElementClickInterceptedException: Element <a class="btn btn-default btn-md" href="#"> is not clickable at point (1723.050048828125,115) because another element <div class="modal fade"> obscures it
Build info: version: '3.7.1', revision: '8a0099a', time: '2017-11-06T21:07:36.161Z'
System info: host: 'EX64', ip: '192.168.20.109', os.name: 'Windows 7', os.arch: 'amd64', os.version: '6.1', java.version: '1.8.0_102'
Driver info: com.kms.katalon.core.webui.driver.firefox.CGeckoDriver
Capabilities {acceptInsecureCerts: true, browserName: firefox, browserVersion: 61.0.2, javascriptEnabled: true, moz:accessibilityChecks: false, moz:headless: false, moz:processID: 4240, moz:profile: C:\Users\ex64\AppData\Local..., moz:useNonSpecCompliantPointerOrigin: false, moz:webdriverClick: true, pageLoadStrategy: normal, platform: XP, platformName: XP, platformVersion: 6.1, proxy: Proxy(direct), rotatable: false, timeouts: {implicit: 0, pageLoad: 300000, script: 30000}}
Session ID: f04ff661-942e-4f68-b1d4-af18de916e21)]]></system-out>
      <system-err><![CDATA[2018-08-16 16:31:12 - [TEST_SUITE][FAILED] - Create budget: Test Cases/Base/Create budget FAILED because (of) Unable to click on object 'Object Repository/DOCUMENT/btn_save' (Root cause: org.openqa.selenium.ElementClickInterceptedException: Element <a class="btn btn-default btn-md" href="#"> is not clickable at point (1723.050048828125,115) because another element <div class="modal fade"> obscures it
Build info: version: '3.7.1', revision: '8a0099a', time: '2017-11-06T21:07:36.161Z'
System info: host: 'EX64', ip: '192.168.20.109', os.name: 'Windows 7', os.arch: 'amd64', os.version: '6.1', java.version: '1.8.0_102'
Driver info: com.kms.katalon.core.webui.driver.firefox.CGeckoDriver
Capabilities {acceptInsecureCerts: true, browserName: firefox, browserVersion: 61.0.2, javascriptEnabled: true, moz:accessibilityChecks: false, moz:headless: false, moz:processID: 4240, moz:profile: C:\Users\ex64\AppData\Local..., moz:useNonSpecCompliantPointerOrigin: false, moz:webdriverClick: true, pageLoadStrategy: normal, platform: XP, platformName: XP, platformVersion: 6.1, proxy: Proxy(direct), rotatable: false, timeouts: {implicit: 0, pageLoad: 300000, script: 30000}}
Session ID: f04ff661-942e-4f68-b1d4-af18de916e21)]]></system-err>
   </testsuite>
</testsuites>
