<?xml version="1.0" encoding="UTF-8"?>
<testsuites name="Create position purchase plan" time="252" tests="0" failures="1" errors="0">
   <testsuite name="Create position purchase plan" tests="0" failures="1" errors="0" time="252" timestamp="2018-08-28 13:30:21" hostname="ex64 - ex64" id="Test Suites/Scenario1/Create position purchase plan">
      <properties>
         <property name="deviceName" value=""/>
         <property name="devicePlatform" value=""/>
         <property name="logFolder" value="T:\\Katalon Studio\\E1\\Reports\\Scenario1\\Create position purchase plan\\20180828_132521"/>
         <property name="logFiles" value="T:\\Katalon Studio\\E1\\Reports\\Scenario1\\Create position purchase plan\\20180828_132521\\execution0.log"/>
         <property name="attachments" value=""/>
         <property name="hostName" value="ex64 - ex64"/>
         <property name="os" value="Windows 7 64bit"/>
         <property name="katalonVersion" value="5.6.1.1"/>
         <property name="browser" value="Firefox 61.0"/>
         <property name="hostAddress" value="192.168.20.109"/>
         <property name="sessionId" value="113b5e22-a294-4427-8c9a-c71f3da7a7c9"/>
         <property name="seleniumVersion" value="3.7.1"/>
         <property name="proxyInformation" value="ProxyInformation{proxyOption=NO_PROXY, proxyServerType=HTTP, password=, proxyServerAddress=, proxyServerPort=0}"/>
         <property name="platform" value="Windows 7"/>
      </properties>
      <testcase name="Test Cases/Base/Purchase plan/Create position purchase plan" classname="Test Cases/Base/Purchase plan/Create position purchase plan" status="FAILED">
         <failure type="FAILED" message="Unable to verify object 'Object Repository/DOCUMENT/btn_edit' is present (Root cause: org.openqa.selenium.WebDriverException: Failed to decode response from marionette
Build info: version: '3.7.1', revision: '8a0099a', time: '2017-11-06T21:07:36.161Z'
System info: host: 'EX64', ip: '192.168.20.109', os.name: 'Windows 7', os.arch: 'amd64', os.version: '6.1', java.version: '1.8.0_102'
Driver info: com.kms.katalon.core.webui.driver.firefox.CGeckoDriver
Capabilities {acceptInsecureCerts: true, browserName: firefox, browserVersion: 61.0.2, javascriptEnabled: true, moz:accessibilityChecks: false, moz:headless: false, moz:processID: 18656, moz:profile: C:\Users\ex64\AppData\Local..., moz:useNonSpecCompliantPointerOrigin: false, moz:webdriverClick: true, pageLoadStrategy: normal, platform: XP, platformName: XP, platformVersion: 6.1, proxy: Proxy(direct), rotatable: false, timeouts: {implicit: 0, pageLoad: 300000, script: 30000}}
Session ID: 113b5e22-a294-4427-8c9a-c71f3da7a7c9
*** Element info: {Using=xpath, value=//a[@title = 'Редактировать' and (text() = 'Редактировать' or . = 'Редактировать')]})"/>
         <system-out><![CDATA[2018-08-28 13:30:21 - [TEST_CASE][FAILED] - Test Cases/Base/Purchase plan/Create position purchase plan: Test Cases/Base/Purchase plan/Create position purchase plan FAILED because (of) Unable to verify object 'Object Repository/DOCUMENT/btn_edit' is present (Root cause: org.openqa.selenium.WebDriverException: Failed to decode response from marionette
Build info: version: '3.7.1', revision: '8a0099a', time: '2017-11-06T21:07:36.161Z'
System info: host: 'EX64', ip: '192.168.20.109', os.name: 'Windows 7', os.arch: 'amd64', os.version: '6.1', java.version: '1.8.0_102'
Driver info: com.kms.katalon.core.webui.driver.firefox.CGeckoDriver
Capabilities {acceptInsecureCerts: true, browserName: firefox, browserVersion: 61.0.2, javascriptEnabled: true, moz:accessibilityChecks: false, moz:headless: false, moz:processID: 18656, moz:profile: C:\Users\ex64\AppData\Local..., moz:useNonSpecCompliantPointerOrigin: false, moz:webdriverClick: true, pageLoadStrategy: normal, platform: XP, platformName: XP, platformVersion: 6.1, proxy: Proxy(direct), rotatable: false, timeouts: {implicit: 0, pageLoad: 300000, script: 30000}}
Session ID: 113b5e22-a294-4427-8c9a-c71f3da7a7c9
*** Element info: {Using=xpath, value=//a[@title = 'Редактировать' and (text() = 'Редактировать' or . = 'Редактировать')]})

2018-08-28 13:30:22 - [TEST_STEP][PASSED] - callTestCase: Call Test Case 'Test Cases/Base/Authorization' successfully

2018-08-28 13:30:22 - [TEST_CASE][PASSED] - Test Cases/Base/Authorization: Test Cases/Base/Authorization

2018-08-28 13:30:22 - [TEST_STEP][PASSED] - openBrowser: Browser is opened with url: 'http://192.168.20.68/edo'

2018-08-28 13:31:13 - [MESSAGE][PASSED] - Browser is opened with url: 'http://192.168.20.68/edo'

2018-08-28 13:31:13 - [TEST_STEP][PASSED] - deleteAllCookies: Delete all cookies successfully

2018-08-28 13:31:13 - [MESSAGE][PASSED] - Delete all cookies successfully

2018-08-28 13:31:13 - [TEST_STEP][PASSED] - refresh: Refresh successfully

2018-08-28 13:31:35 - [MESSAGE][PASSED] - Refresh successfully

2018-08-28 13:31:35 - [TEST_STEP][PASSED] - maximizeWindow: Current window maximized

2018-08-28 13:31:35 - [MESSAGE][PASSED] - Current window maximized

2018-08-28 13:31:35 - [TEST_STEP][PASSED] - setText: Text 'autoui22' is set on object 'Object Repository/page_authorization/input_login'

2018-08-28 13:31:35 - [MESSAGE][PASSED] - Text 'autoui22' is set on object 'Object Repository/page_authorization/input_login'

2018-08-28 13:31:35 - [TEST_STEP][PASSED] - setText: Text 'Gfhjkm123' is set on object 'Object Repository/page_authorization/input_password'

2018-08-28 13:31:36 - [MESSAGE][PASSED] - Text 'Gfhjkm123' is set on object 'Object Repository/page_authorization/input_password'

2018-08-28 13:31:36 - [TEST_STEP][PASSED] - click: Object: 'Object Repository/page_authorization/button_come' is clicked on

2018-08-28 13:31:41 - [MESSAGE][PASSED] - Object: 'Object Repository/page_authorization/button_come' is clicked on

2018-08-28 13:31:41 - [TEST_STEP][PASSED] - waitForElementPresent: Object 'Object Repository/page_home/span_exit' is present

2018-08-28 13:32:06 - [MESSAGE][PASSED] - Object 'Object Repository/page_home/span_exit' is present

2018-08-28 13:32:06 - [MESSAGE][PASSED] - Call Test Case 'Test Cases/Base/Authorization' successfully

2018-08-28 13:32:06 - [TEST_STEP][PASSED] - callTestCase: Call Test Case 'Test Cases/Base/Purchase plan/Open purchase plan' successfully

2018-08-28 13:32:06 - [TEST_CASE][PASSED] - Test Cases/Base/Purchase plan/Open purchase plan: Test Cases/Base/Purchase plan/Open purchase plan

2018-08-28 13:32:06 - [TEST_STEP][PASSED] - waitForElementPresent: Object 'Object Repository/page_home/span_planning' is present

2018-08-28 13:32:06 - [MESSAGE][PASSED] - Object 'Object Repository/page_home/span_planning' is present

2018-08-28 13:32:06 - [TEST_STEP][PASSED] - click: Object: 'Object Repository/page_home/span_planning' is clicked on

2018-08-28 13:32:11 - [MESSAGE][PASSED] - Object: 'Object Repository/page_home/span_planning' is clicked on

2018-08-28 13:32:11 - [TEST_STEP][PASSED] - waitForElementPresent: Object 'Object Repository/menu_planning/a_purchasePlan' is present

2018-08-28 13:32:55 - [MESSAGE][PASSED] - Object 'Object Repository/menu_planning/a_purchasePlan' is present

2018-08-28 13:32:55 - [TEST_STEP][PASSED] - click: Object: 'Object Repository/menu_planning/a_purchasePlan' is clicked on

2018-08-28 13:32:59 - [MESSAGE][PASSED] - Object: 'Object Repository/menu_planning/a_purchasePlan' is clicked on

2018-08-28 13:32:59 - [TEST_STEP][PASSED] - Statement - new_object = com.kms.katalon.core.webui.keyword.WebUiBuiltInKeywords.modifyObjectProperty(com.kms.katalon.core.testobject.ObjectRepository.findTestObject(DOCUMENT/object), "text", "equals", BudgetYear, true): Modify property of object successfully

2018-08-28 13:32:59 - [MESSAGE][PASSED] - Modify property of object successfully

2018-08-28 13:32:59 - [TEST_STEP][PASSED] - waitForElementPresent: Object 'Object Repository/DOCUMENT/object' is present

2018-08-28 13:33:00 - [MESSAGE][PASSED] - Object 'Object Repository/DOCUMENT/object' is present

2018-08-28 13:33:00 - [TEST_STEP][PASSED] - Statement - url_object = com.kms.katalon.core.webui.keyword.WebUiBuiltInKeywords.getAttribute(new_object, "href"): Attribute 'href' of object 'Object Repository/DOCUMENT/object' is: 'http://192.168.20.68/edo/Search/DocumentView/402'

2018-08-28 13:33:00 - [MESSAGE][PASSED] - Attribute 'href' of object 'Object Repository/DOCUMENT/object' is: 'http://192.168.20.68/edo/Search/DocumentView/402'

2018-08-28 13:33:00 - [TEST_STEP][PASSED] - navigateToUrl: Navigate to 'http://192.168.20.68/edo/Search/DocumentView/402' successfully

2018-08-28 13:33:04 - [MESSAGE][PASSED] - Navigate to 'http://192.168.20.68/edo/Search/DocumentView/402' successfully

2018-08-28 13:33:04 - [MESSAGE][PASSED] - Call Test Case 'Test Cases/Base/Purchase plan/Open purchase plan' successfully

2018-08-28 13:33:04 - [TEST_STEP][PASSED] - click: Object: 'Object Repository/document_purchasePlan/btn_newPPZ' is clicked on

2018-08-28 13:33:08 - [MESSAGE][PASSED] - Object: 'Object Repository/document_purchasePlan/btn_newPPZ' is clicked on

2018-08-28 13:33:08 - [TEST_STEP][PASSED] - click: Object: 'Object Repository/document_PPZ/btn_purchaseFrequency' is clicked on

2018-08-28 13:33:09 - [MESSAGE][PASSED] - Object: 'Object Repository/document_PPZ/btn_purchaseFrequency' is clicked on

2018-08-28 13:33:09 - [TEST_STEP][PASSED] - check: Object 'Object Repository/DOCUMENT/Dictionary_check/check_item' is checked

2018-08-28 13:33:09 - [MESSAGE][PASSED] - Object 'Object Repository/DOCUMENT/Dictionary_check/check_item' is checked

2018-08-28 13:33:09 - [TEST_STEP][PASSED] - click: Object: 'Object Repository/DOCUMENT/Dictionary_check/btn_select' is clicked on

2018-08-28 13:33:10 - [MESSAGE][PASSED] - Object: 'Object Repository/DOCUMENT/Dictionary_check/btn_select' is clicked on

2018-08-28 13:33:10 - [TEST_STEP][PASSED] - click: Object: 'Object Repository/document_PPZ/btn_OKPD2' is clicked on

2018-08-28 13:33:10 - [MESSAGE][PASSED] - Object: 'Object Repository/document_PPZ/btn_OKPD2' is clicked on

2018-08-28 13:33:10 - [TEST_STEP][PASSED] - setText: Text '01.11.11.111' is set on object 'Object Repository/document_PPZ/find_OKPD2'

2018-08-28 13:33:14 - [MESSAGE][PASSED] - Text '01.11.11.111' is set on object 'Object Repository/document_PPZ/find_OKPD2'

2018-08-28 13:33:14 - [TEST_STEP][PASSED] - check: Object 'Object Repository/DOCUMENT/Dictionary_check/check_item' is checked

2018-08-28 13:33:16 - [MESSAGE][PASSED] - Object 'Object Repository/DOCUMENT/Dictionary_check/check_item' is checked

2018-08-28 13:33:16 - [TEST_STEP][PASSED] - click: Object: 'Object Repository/DOCUMENT/Dictionary_check/btn_select' is clicked on

2018-08-28 13:33:16 - [MESSAGE][PASSED] - Object: 'Object Repository/DOCUMENT/Dictionary_check/btn_select' is clicked on

2018-08-28 13:33:16 - [TEST_STEP][PASSED] - setText: Text 'Пшеница' is set on object 'Object Repository/document_PPZ/input_nameObjectPurchase'

2018-08-28 13:33:16 - [MESSAGE][PASSED] - Text 'Пшеница' is set on object 'Object Repository/document_PPZ/input_nameObjectPurchase'

2018-08-28 13:33:16 - [TEST_STEP][PASSED] - click: Object: 'Object Repository/document_PPZ/menu_financing' is clicked on

2018-08-28 13:33:17 - [MESSAGE][PASSED] - Object: 'Object Repository/document_PPZ/menu_financing' is clicked on

2018-08-28 13:33:17 - [TEST_STEP][PASSED] - click: Object: 'Object Repository/document_PPZ/btn_KBK' is clicked on

2018-08-28 13:33:17 - [MESSAGE][PASSED] - Object: 'Object Repository/document_PPZ/btn_KBK' is clicked on

2018-08-28 13:33:17 - [TEST_STEP][PASSED] - check: Object 'Object Repository/DOCUMENT/Dictionary_check/check_item' is checked

2018-08-28 13:33:18 - [MESSAGE][PASSED] - Object 'Object Repository/DOCUMENT/Dictionary_check/check_item' is checked

2018-08-28 13:33:18 - [TEST_STEP][PASSED] - click: Object: 'Object Repository/DOCUMENT/Dictionary_check/btn_select' is clicked on

2018-08-28 13:33:18 - [MESSAGE][PASSED] - Object: 'Object Repository/DOCUMENT/Dictionary_check/btn_select' is clicked on

2018-08-28 13:33:18 - [TEST_STEP][PASSED] - setText: Text '100000' is set on object 'Object Repository/document_PPZ/input_amountFinancing'

2018-08-28 13:33:19 - [MESSAGE][PASSED] - Text '100000' is set on object 'Object Repository/document_PPZ/input_amountFinancing'

2018-08-28 13:33:19 - [TEST_STEP][PASSED] - click: Object: 'Object Repository/document_PPZ/menu_rationaleNeed' is clicked on

2018-08-28 13:33:19 - [MESSAGE][PASSED] - Object: 'Object Repository/document_PPZ/menu_rationaleNeed' is clicked on

2018-08-28 13:33:19 - [TEST_STEP][PASSED] - click: Object: 'Object Repository/document_PPZ/btn_targetedPrograms' is clicked on

2018-08-28 13:33:19 - [MESSAGE][PASSED] - Object: 'Object Repository/document_PPZ/btn_targetedPrograms' is clicked on

2018-08-28 13:33:19 - [TEST_STEP][PASSED] - check: Object 'Object Repository/DOCUMENT/Dictionary_check/check_item' is checked

2018-08-28 13:33:19 - [MESSAGE][PASSED] - Object 'Object Repository/DOCUMENT/Dictionary_check/check_item' is checked

2018-08-28 13:33:19 - [TEST_STEP][PASSED] - click: Object: 'Object Repository/DOCUMENT/Dictionary_check/btn_select' is clicked on

2018-08-28 13:33:20 - [MESSAGE][PASSED] - Object: 'Object Repository/DOCUMENT/Dictionary_check/btn_select' is clicked on

2018-08-28 13:33:20 - [TEST_STEP][PASSED] - click: Object: 'Object Repository/document_PPZ/btn_programActivities' is clicked on

2018-08-28 13:33:21 - [MESSAGE][PASSED] - Object: 'Object Repository/document_PPZ/btn_programActivities' is clicked on

2018-08-28 13:33:21 - [TEST_STEP][PASSED] - check: Object 'Object Repository/DOCUMENT/Dictionary_check/check_item' is checked

2018-08-28 13:33:21 - [MESSAGE][PASSED] - Object 'Object Repository/DOCUMENT/Dictionary_check/check_item' is checked

2018-08-28 13:33:21 - [TEST_STEP][PASSED] - click: Object: 'Object Repository/DOCUMENT/Dictionary_check/btn_select' is clicked on

2018-08-28 13:33:21 - [MESSAGE][PASSED] - Object: 'Object Repository/DOCUMENT/Dictionary_check/btn_select' is clicked on

2018-08-28 13:33:21 - [TEST_STEP][PASSED] - click: Object: 'Object Repository/document_PPZ/menu_rationalePurchase' is clicked on

2018-08-28 13:33:21 - [MESSAGE][PASSED] - Object: 'Object Repository/document_PPZ/menu_rationalePurchase' is clicked on

2018-08-28 13:33:21 - [TEST_STEP][PASSED] - setText: Text 'ТЗ' is set on object 'Object Repository/document_PPZ/input_conformity'

2018-08-28 13:33:21 - [MESSAGE][PASSED] - Text 'ТЗ' is set on object 'Object Repository/document_PPZ/input_conformity'

2018-08-28 13:33:21 - [TEST_STEP][PASSED] - click: Object: 'Object Repository/DOCUMENT/btn_save' is clicked on

2018-08-28 13:33:22 - [MESSAGE][PASSED] - Object: 'Object Repository/DOCUMENT/btn_save' is clicked on

2018-08-28 13:33:22 - [TEST_STEP][FAILED] - verifyElementPresent: Unable to verify object 'Object Repository/DOCUMENT/btn_edit' is present (Root cause: org.openqa.selenium.WebDriverException: Failed to decode response from marionette
Build info: version: '3.7.1', revision: '8a0099a', time: '2017-11-06T21:07:36.161Z'
System info: host: 'EX64', ip: '192.168.20.109', os.name: 'Windows 7', os.arch: 'amd64', os.version: '6.1', java.version: '1.8.0_102'
Driver info: com.kms.katalon.core.webui.driver.firefox.CGeckoDriver
Capabilities {acceptInsecureCerts: true, browserName: firefox, browserVersion: 61.0.2, javascriptEnabled: true, moz:accessibilityChecks: false, moz:headless: false, moz:processID: 18656, moz:profile: C:\Users\ex64\AppData\Local..., moz:useNonSpecCompliantPointerOrigin: false, moz:webdriverClick: true, pageLoadStrategy: normal, platform: XP, platformName: XP, platformVersion: 6.1, proxy: Proxy(direct), rotatable: false, timeouts: {implicit: 0, pageLoad: 300000, script: 30000}}
Session ID: 113b5e22-a294-4427-8c9a-c71f3da7a7c9
*** Element info: {Using=xpath, value=//a[@title = 'Редактировать' and (text() = 'Редактировать' or . = 'Редактировать')]})

2018-08-28 13:33:22 - [MESSAGE][WARNING] - Timeout '0' is invalid. Using default page load timeout: '120'

2018-08-28 13:34:31 - [MESSAGE][WARNING] - Cannot take screenshot

2018-08-28 13:34:31 - [MESSAGE][FAILED] - Unable to verify object 'Object Repository/DOCUMENT/btn_edit' is present (Root cause: org.openqa.selenium.WebDriverException: Failed to decode response from marionette
Build info: version: '3.7.1', revision: '8a0099a', time: '2017-11-06T21:07:36.161Z'
System info: host: 'EX64', ip: '192.168.20.109', os.name: 'Windows 7', os.arch: 'amd64', os.version: '6.1', java.version: '1.8.0_102'
Driver info: com.kms.katalon.core.webui.driver.firefox.CGeckoDriver
Capabilities {acceptInsecureCerts: true, browserName: firefox, browserVersion: 61.0.2, javascriptEnabled: true, moz:accessibilityChecks: false, moz:headless: false, moz:processID: 18656, moz:profile: C:\Users\ex64\AppData\Local..., moz:useNonSpecCompliantPointerOrigin: false, moz:webdriverClick: true, pageLoadStrategy: normal, platform: XP, platformName: XP, platformVersion: 6.1, proxy: Proxy(direct), rotatable: false, timeouts: {implicit: 0, pageLoad: 300000, script: 30000}}
Session ID: 113b5e22-a294-4427-8c9a-c71f3da7a7c9
*** Element info: {Using=xpath, value=//a[@title = 'Редактировать' and (text() = 'Редактировать' or . = 'Редактировать')]})]]></system-out>
         <system-err><![CDATA[2018-08-28 13:30:21 - [TEST_CASE][FAILED] - Test Cases/Base/Purchase plan/Create position purchase plan: Test Cases/Base/Purchase plan/Create position purchase plan FAILED because (of) Unable to verify object 'Object Repository/DOCUMENT/btn_edit' is present (Root cause: org.openqa.selenium.WebDriverException: Failed to decode response from marionette
Build info: version: '3.7.1', revision: '8a0099a', time: '2017-11-06T21:07:36.161Z'
System info: host: 'EX64', ip: '192.168.20.109', os.name: 'Windows 7', os.arch: 'amd64', os.version: '6.1', java.version: '1.8.0_102'
Driver info: com.kms.katalon.core.webui.driver.firefox.CGeckoDriver
Capabilities {acceptInsecureCerts: true, browserName: firefox, browserVersion: 61.0.2, javascriptEnabled: true, moz:accessibilityChecks: false, moz:headless: false, moz:processID: 18656, moz:profile: C:\Users\ex64\AppData\Local..., moz:useNonSpecCompliantPointerOrigin: false, moz:webdriverClick: true, pageLoadStrategy: normal, platform: XP, platformName: XP, platformVersion: 6.1, proxy: Proxy(direct), rotatable: false, timeouts: {implicit: 0, pageLoad: 300000, script: 30000}}
Session ID: 113b5e22-a294-4427-8c9a-c71f3da7a7c9
*** Element info: {Using=xpath, value=//a[@title = 'Редактировать' and (text() = 'Редактировать' or . = 'Редактировать')]})]]></system-err>
      </testcase>
      <system-out><![CDATA[2018-08-28 13:30:21 - [TEST_SUITE][INCOMPLETE] - Create position purchase plan: null]]></system-out>
      <system-err><![CDATA[2018-08-28 13:30:21 - [TEST_SUITE][INCOMPLETE] - Create position purchase plan: null]]></system-err>
   </testsuite>
</testsuites>
