<?xml version="1.0" encoding="UTF-8"?>
<testsuites name="Create position PPG" time="207" tests="0" failures="1" errors="0">
   <testsuite name="Create position PPG" tests="0" failures="1" errors="0" time="207" timestamp="2018-08-28 14:08:05" hostname="ex64 - ex64" id="Test Suites/Scenario1/Create position PPG">
      <properties>
         <property name="deviceName" value=""/>
         <property name="devicePlatform" value=""/>
         <property name="logFolder" value="T:\\Katalon Studio\\E1\\Reports\\Scenario1\\Create position PPG\\20180828_134430"/>
         <property name="logFiles" value="T:\\Katalon Studio\\E1\\Reports\\Scenario1\\Create position PPG\\20180828_134430\\execution0.log"/>
         <property name="attachments" value="T:\\Katalon Studio\\E1\\Reports\\Scenario1\\Create position PPG\\20180828_134430\\1535454690771.png"/>
         <property name="hostName" value="ex64 - ex64"/>
         <property name="os" value="Windows 7 64bit"/>
         <property name="katalonVersion" value="5.6.1.1"/>
         <property name="browser" value="Firefox 61.0"/>
         <property name="hostAddress" value="192.168.20.109"/>
         <property name="sessionId" value="73ad641f-6831-4ae5-9c0f-29bb6039fa7f"/>
         <property name="seleniumVersion" value="3.7.1"/>
         <property name="proxyInformation" value="ProxyInformation{proxyOption=NO_PROXY, proxyServerType=HTTP, password=, proxyServerAddress=, proxyServerPort=0}"/>
         <property name="platform" value="Windows 7"/>
      </properties>
      <testcase name="Test Cases/Base/Schedule plan/Create position PPG" classname="Test Cases/Base/Schedule plan/Create position PPG" status="FAILED">
         <failure type="FAILED" message="Unable to get attribute 'href' of object 'Object Repository/DOCUMENT/object' (Root cause: com.kms.katalon.core.webui.exception.WebElementNotFoundException: Web element with id: 'Object Repository/DOCUMENT/object' located by 'By.xpath: //a[(text() = '2018' or . = '2018') and @class = 'search-result-cell-value']' not found)"/>
         <system-out><![CDATA[2018-08-28 14:08:05 - [TEST_CASE][FAILED] - Test Cases/Base/Schedule plan/Create position PPG: Test Cases/Base/Schedule plan/Create position PPG FAILED because (of) Unable to get attribute 'href' of object 'Object Repository/DOCUMENT/object' (Root cause: com.kms.katalon.core.webui.exception.WebElementNotFoundException: Web element with id: 'Object Repository/DOCUMENT/object' located by 'By.xpath: //a[(text() = '2018' or . = '2018') and @class = 'search-result-cell-value']' not found)

2018-08-28 14:08:06 - [TEST_STEP][PASSED] - callTestCase: Call Test Case 'Test Cases/Base/Authorization' successfully

2018-08-28 14:08:06 - [TEST_CASE][PASSED] - Test Cases/Base/Authorization: Test Cases/Base/Authorization

2018-08-28 14:08:06 - [TEST_STEP][PASSED] - openBrowser: Browser is opened with url: 'http://10.100.70.20/edo'

2018-08-28 14:08:15 - [MESSAGE][PASSED] - Browser is opened with url: 'http://10.100.70.20/edo'

2018-08-28 14:08:15 - [TEST_STEP][PASSED] - deleteAllCookies: Delete all cookies successfully

2018-08-28 14:08:15 - [MESSAGE][PASSED] - Delete all cookies successfully

2018-08-28 14:08:15 - [TEST_STEP][PASSED] - refresh: Refresh successfully

2018-08-28 14:08:18 - [MESSAGE][PASSED] - Refresh successfully

2018-08-28 14:08:18 - [TEST_STEP][PASSED] - maximizeWindow: Current window maximized

2018-08-28 14:08:18 - [MESSAGE][PASSED] - Current window maximized

2018-08-28 14:08:18 - [TEST_STEP][PASSED] - setText: Text 'autoui202' is set on object 'Object Repository/page_authorization/input_login'

2018-08-28 14:08:18 - [MESSAGE][PASSED] - Text 'autoui202' is set on object 'Object Repository/page_authorization/input_login'

2018-08-28 14:08:18 - [TEST_STEP][PASSED] - setText: Text 'Gfhjkm123' is set on object 'Object Repository/page_authorization/input_password'

2018-08-28 14:08:18 - [MESSAGE][PASSED] - Text 'Gfhjkm123' is set on object 'Object Repository/page_authorization/input_password'

2018-08-28 14:08:18 - [TEST_STEP][PASSED] - click: Object: 'Object Repository/page_authorization/button_come' is clicked on

2018-08-28 14:08:21 - [MESSAGE][PASSED] - Object: 'Object Repository/page_authorization/button_come' is clicked on

2018-08-28 14:08:21 - [TEST_STEP][PASSED] - waitForElementPresent: Object 'Object Repository/page_home/span_exit' is present

2018-08-28 14:08:21 - [MESSAGE][PASSED] - Object 'Object Repository/page_home/span_exit' is present

2018-08-28 14:08:21 - [MESSAGE][PASSED] - Call Test Case 'Test Cases/Base/Authorization' successfully

2018-08-28 14:08:21 - [TEST_STEP][FAILED] - callTestCase: Unable to call Test Case with id 'Test Cases/Base/Schedule plan/Open schedule plan' (Root cause: Call Test Case 'Test Cases/Base/Schedule plan/Open schedule plan' failed)

2018-08-28 14:08:21 - [TEST_CASE][FAILED] - Test Cases/Base/Schedule plan/Open schedule plan: Test Cases/Base/Schedule plan/Open schedule plan FAILED because (of) Unable to get attribute 'href' of object 'Object Repository/DOCUMENT/object' (Root cause: com.kms.katalon.core.webui.exception.WebElementNotFoundException: Web element with id: 'Object Repository/DOCUMENT/object' located by 'By.xpath: //a[(text() = '2018' or . = '2018') and @class = 'search-result-cell-value']' not found)

2018-08-28 14:08:21 - [TEST_STEP][PASSED] - waitForElementPresent: Object 'Object Repository/page_home/span_planning' is present

2018-08-28 14:08:21 - [MESSAGE][PASSED] - Object 'Object Repository/page_home/span_planning' is present

2018-08-28 14:08:21 - [TEST_STEP][PASSED] - click: Object: 'Object Repository/page_home/span_planning' is clicked on

2018-08-28 14:08:23 - [MESSAGE][PASSED] - Object: 'Object Repository/page_home/span_planning' is clicked on

2018-08-28 14:08:23 - [TEST_STEP][PASSED] - waitForElementPresent: Object 'Object Repository/menu_planning/a_schedulePlan' is present

2018-08-28 14:08:23 - [MESSAGE][PASSED] - Object 'Object Repository/menu_planning/a_schedulePlan' is present

2018-08-28 14:08:23 - [TEST_STEP][PASSED] - click: Object: 'Object Repository/menu_planning/a_schedulePlan' is clicked on

2018-08-28 14:08:25 - [MESSAGE][PASSED] - Object: 'Object Repository/menu_planning/a_schedulePlan' is clicked on

2018-08-28 14:08:25 - [TEST_STEP][PASSED] - waitForElementPresent: Object 'Object Repository/menu_planning/a_actual' is present

2018-08-28 14:08:25 - [MESSAGE][PASSED] - Object 'Object Repository/menu_planning/a_actual' is present

2018-08-28 14:08:25 - [TEST_STEP][PASSED] - click: Object: 'Object Repository/menu_planning/a_actual' is clicked on

2018-08-28 14:08:27 - [MESSAGE][PASSED] - Object: 'Object Repository/menu_planning/a_actual' is clicked on

2018-08-28 14:08:27 - [TEST_STEP][PASSED] - Statement - new_object = com.kms.katalon.core.webui.keyword.WebUiBuiltInKeywords.modifyObjectProperty(com.kms.katalon.core.testobject.ObjectRepository.findTestObject(DOCUMENT/object), "text", "equals", BudgetYear, true): Modify property of object successfully

2018-08-28 14:08:27 - [MESSAGE][PASSED] - Modify property of object successfully

2018-08-28 14:08:27 - [TEST_STEP][PASSED] - waitForElementPresent: Object 'Object Repository/DOCUMENT/object' is not present after 60 second(s)

2018-08-28 14:09:29 - [MESSAGE][WARNING] - Object 'Object Repository/DOCUMENT/object' is not present after 60 second(s)

2018-08-28 14:09:29 - [TEST_STEP][FAILED] - Statement - url_object = com.kms.katalon.core.webui.keyword.WebUiBuiltInKeywords.getAttribute(new_object, "href"): Unable to get attribute 'href' of object 'Object Repository/DOCUMENT/object' (Root cause: com.kms.katalon.core.webui.exception.WebElementNotFoundException: Web element with id: 'Object Repository/DOCUMENT/object' located by 'By.xpath: //a[(text() = '2018' or . = '2018') and @class = 'search-result-cell-value']' not found)

2018-08-28 14:11:30 - [MESSAGE][FAILED] - Unable to get attribute 'href' of object 'Object Repository/DOCUMENT/object' (Root cause: com.kms.katalon.core.webui.exception.WebElementNotFoundException: Web element with id: 'Object Repository/DOCUMENT/object' located by 'By.xpath: //a[(text() = '2018' or . = '2018') and @class = 'search-result-cell-value']' not found)
[[ATTACHMENT|T:\\Katalon Studio\\E1\\Reports\\Scenario1\\Create position PPG\\20180828_134430\\1535454690771.png]]

2018-08-28 14:11:30 - [MESSAGE][FAILED] - Unable to call Test Case with id 'Test Cases/Base/Schedule plan/Open schedule plan' (Root cause: Call Test Case 'Test Cases/Base/Schedule plan/Open schedule plan' failed)]]></system-out>
         <system-err><![CDATA[2018-08-28 14:08:05 - [TEST_CASE][FAILED] - Test Cases/Base/Schedule plan/Create position PPG: Test Cases/Base/Schedule plan/Create position PPG FAILED because (of) Unable to get attribute 'href' of object 'Object Repository/DOCUMENT/object' (Root cause: com.kms.katalon.core.webui.exception.WebElementNotFoundException: Web element with id: 'Object Repository/DOCUMENT/object' located by 'By.xpath: //a[(text() = '2018' or . = '2018') and @class = 'search-result-cell-value']' not found)]]></system-err>
      </testcase>
      <system-out><![CDATA[2018-08-28 14:08:05 - [TEST_SUITE][FAILED] - Create position PPG: Test Cases/Base/Schedule plan/Create position PPG FAILED because (of) Unable to get attribute 'href' of object 'Object Repository/DOCUMENT/object' (Root cause: com.kms.katalon.core.webui.exception.WebElementNotFoundException: Web element with id: 'Object Repository/DOCUMENT/object' located by 'By.xpath: //a[(text() = '2018' or . = '2018') and @class = 'search-result-cell-value']' not found)]]></system-out>
      <system-err><![CDATA[2018-08-28 14:08:05 - [TEST_SUITE][FAILED] - Create position PPG: Test Cases/Base/Schedule plan/Create position PPG FAILED because (of) Unable to get attribute 'href' of object 'Object Repository/DOCUMENT/object' (Root cause: com.kms.katalon.core.webui.exception.WebElementNotFoundException: Web element with id: 'Object Repository/DOCUMENT/object' located by 'By.xpath: //a[(text() = '2018' or . = '2018') and @class = 'search-result-cell-value']' not found)]]></system-err>
   </testsuite>
</testsuites>
