<?xml version="1.0" encoding="UTF-8"?>
<testsuites name="New Test Suite" time="66" tests="0" failures="1" errors="0">
   <testsuite name="New Test Suite" tests="0" failures="1" errors="0" time="66" timestamp="2018-08-16 15:17:45" hostname="ex64 - ex64" id="Test Suites/TEST/New Test Suite">
      <properties>
         <property name="deviceName" value=""/>
         <property name="devicePlatform" value=""/>
         <property name="logFolder" value="T:\\Katalon Studio\\E1\\Reports\\TEST\\New Test Suite\\20180816_151744"/>
         <property name="logFiles" value="T:\\Katalon Studio\\E1\\Reports\\TEST\\New Test Suite\\20180816_151744\\execution0.log, T:\\Katalon Studio\\E1\\Reports\\TEST\\New Test Suite\\20180816_151744\\IEDriverServer.log"/>
         <property name="attachments" value="T:\\Katalon Studio\\E1\\Reports\\TEST\\New Test Suite\\20180816_151744\\1534421929304.png"/>
         <property name="hostName" value="ex64 - ex64"/>
         <property name="os" value="Windows 7 64bit"/>
         <property name="katalonVersion" value="5.6.0.1"/>
         <property name="browser" value="IE 11"/>
         <property name="hostAddress" value="192.168.20.109"/>
         <property name="sessionId" value="12d9e3c9-9759-481a-9742-cd67e28e216a"/>
         <property name="seleniumVersion" value="3.7.1"/>
         <property name="proxyInformation" value="ProxyInformation{proxyOption=NO_PROXY, proxyServerType=HTTP, password=, proxyServerAddress=, proxyServerPort=0}"/>
         <property name="platform" value="Windows 7"/>
      </properties>
      <testcase name="Test Cases/Base/Purchase plan/Appruval route purchase plan" classname="Test Cases/Base/Purchase plan/Appruval route purchase plan" status="FAILED">
         <failure type="FAILED" message="Unable to click on object 'Object Repository/my_tasks/act_menu' (Root cause: org.openqa.selenium.ElementNotInteractableException: Cannot click on element
Build info: version: '3.7.1', revision: '8a0099a', time: '2017-11-06T21:07:36.161Z'
System info: host: 'EX64', ip: '192.168.20.109', os.name: 'Windows 7', os.arch: 'amd64', os.version: '6.1', java.version: '1.8.0_102'
Driver info: com.kms.katalon.selenium.driver.CInternetExplorerDriver
Capabilities {acceptInsecureCerts: false, browserName: internet explorer, browserVersion: 11, javascriptEnabled: true, pageLoadStrategy: normal, platform: WINDOWS, platformName: WINDOWS, se:ieOptions: {browserAttachTimeout: 0, elementScrollBehavior: 0, enablePersistentHover: true, ie.browserCommandLineSwitches: , ie.ensureCleanSession: false, ie.fileUploadDialogTimeout: 3000, ie.forceCreateProcessApi: false, ignoreProtectedModeSettings: false, ignoreZoomSetting: false, initialBrowserUrl: http://localhost:26414/, nativeEvents: true, requireWindowFocus: false}, setWindowRect: true}
Session ID: 12d9e3c9-9759-481a-9742-cd67e28e216a)"/>
         <system-out><![CDATA[2018-08-16 15:17:45 - [TEST_CASE][FAILED] - Test Cases/Base/Purchase plan/Appruval route purchase plan: Test Cases/Base/Purchase plan/Appruval route purchase plan FAILED because (of) Unable to click on object 'Object Repository/my_tasks/act_menu' (Root cause: org.openqa.selenium.ElementNotInteractableException: Cannot click on element
Build info: version: '3.7.1', revision: '8a0099a', time: '2017-11-06T21:07:36.161Z'
System info: host: 'EX64', ip: '192.168.20.109', os.name: 'Windows 7', os.arch: 'amd64', os.version: '6.1', java.version: '1.8.0_102'
Driver info: com.kms.katalon.selenium.driver.CInternetExplorerDriver
Capabilities {acceptInsecureCerts: false, browserName: internet explorer, browserVersion: 11, javascriptEnabled: true, pageLoadStrategy: normal, platform: WINDOWS, platformName: WINDOWS, se:ieOptions: {browserAttachTimeout: 0, elementScrollBehavior: 0, enablePersistentHover: true, ie.browserCommandLineSwitches: , ie.ensureCleanSession: false, ie.fileUploadDialogTimeout: 3000, ie.forceCreateProcessApi: false, ignoreProtectedModeSettings: false, ignoreZoomSetting: false, initialBrowserUrl: http://localhost:26414/, nativeEvents: true, requireWindowFocus: false}, setWindowRect: true}
Session ID: 12d9e3c9-9759-481a-9742-cd67e28e216a)

2018-08-16 15:17:46 - [TEST_STEP][PASSED] - callTestCase: Call Test Case 'Test Cases/Base/Authorization' successfully

2018-08-16 15:17:46 - [TEST_CASE][PASSED] - Test Cases/Base/Authorization: Test Cases/Base/Authorization

2018-08-16 15:17:46 - [TEST_STEP][PASSED] - openBrowser: Browser is opened with url: 'http://10.100.70.20/edo'

2018-08-16 15:17:52 - [MESSAGE][PASSED] - Browser is opened with url: 'http://10.100.70.20/edo'

2018-08-16 15:17:52 - [TEST_STEP][PASSED] - maximizeWindow: Current window maximized

2018-08-16 15:17:52 - [MESSAGE][PASSED] - Current window maximized

2018-08-16 15:17:52 - [TEST_STEP][PASSED] - verifyElementPresent: Object 'Object Repository/page_authorization/input_login' is present

2018-08-16 15:17:52 - [MESSAGE][WARNING] - Timeout '0' is invalid. Using default page load timeout: '60'

2018-08-16 15:17:52 - [MESSAGE][PASSED] - Object 'Object Repository/page_authorization/input_login' is present

2018-08-16 15:17:52 - [TEST_STEP][PASSED] - verifyElementPresent: Object 'Object Repository/page_authorization/input_password' is present

2018-08-16 15:17:52 - [MESSAGE][WARNING] - Timeout '0' is invalid. Using default page load timeout: '60'

2018-08-16 15:17:53 - [MESSAGE][PASSED] - Object 'Object Repository/page_authorization/input_password' is present

2018-08-16 15:17:53 - [TEST_STEP][PASSED] - verifyElementPresent: Object 'Object Repository/page_authorization/button_come' is present

2018-08-16 15:17:53 - [MESSAGE][WARNING] - Timeout '0' is invalid. Using default page load timeout: '60'

2018-08-16 15:17:53 - [MESSAGE][PASSED] - Object 'Object Repository/page_authorization/button_come' is present

2018-08-16 15:17:53 - [TEST_STEP][PASSED] - verifyElementPresent: Object 'Object Repository/page_authorization/button_comeEP' is present

2018-08-16 15:17:53 - [MESSAGE][WARNING] - Timeout '0' is invalid. Using default page load timeout: '60'

2018-08-16 15:17:53 - [MESSAGE][PASSED] - Object 'Object Repository/page_authorization/button_comeEP' is present

2018-08-16 15:17:53 - [TEST_STEP][PASSED] - verifyElementPresent: Object 'Object Repository/page_authorization/a_registry' is present

2018-08-16 15:17:53 - [MESSAGE][WARNING] - Timeout '0' is invalid. Using default page load timeout: '60'

2018-08-16 15:17:53 - [MESSAGE][PASSED] - Object 'Object Repository/page_authorization/a_registry' is present

2018-08-16 15:17:53 - [TEST_STEP][PASSED] - verifyElementPresent: Object 'Object Repository/page_authorization/a_passwordRecovery' is present

2018-08-16 15:17:53 - [MESSAGE][WARNING] - Timeout '0' is invalid. Using default page load timeout: '60'

2018-08-16 15:17:53 - [MESSAGE][PASSED] - Object 'Object Repository/page_authorization/a_passwordRecovery' is present

2018-08-16 15:17:53 - [TEST_STEP][PASSED] - setText: Text 'autoui71' is set on object 'Object Repository/page_authorization/input_login'

2018-08-16 15:17:54 - [MESSAGE][PASSED] - Text 'autoui71' is set on object 'Object Repository/page_authorization/input_login'

2018-08-16 15:17:54 - [TEST_STEP][PASSED] - setText: Text 'Gfhjkm123' is set on object 'Object Repository/page_authorization/input_password'

2018-08-16 15:17:55 - [MESSAGE][PASSED] - Text 'Gfhjkm123' is set on object 'Object Repository/page_authorization/input_password'

2018-08-16 15:17:55 - [TEST_STEP][PASSED] - click: Object: 'Object Repository/page_authorization/button_come' is clicked on

2018-08-16 15:17:59 - [MESSAGE][PASSED] - Object: 'Object Repository/page_authorization/button_come' is clicked on

2018-08-16 15:17:59 - [TEST_STEP][PASSED] - verifyElementPresent: Object 'Object Repository/page_home/span_myTasks' is present

2018-08-16 15:17:59 - [MESSAGE][WARNING] - Timeout '0' is invalid. Using default page load timeout: '60'

2018-08-16 15:17:59 - [MESSAGE][PASSED] - Object 'Object Repository/page_home/span_myTasks' is present

2018-08-16 15:17:59 - [TEST_STEP][PASSED] - verifyElementPresent: Object 'Object Repository/page_home/span_administration' is present

2018-08-16 15:17:59 - [MESSAGE][WARNING] - Timeout '0' is invalid. Using default page load timeout: '60'

2018-08-16 15:17:59 - [MESSAGE][PASSED] - Object 'Object Repository/page_home/span_administration' is present

2018-08-16 15:17:59 - [TEST_STEP][PASSED] - verifyElementPresent: Object 'Object Repository/page_home/span_exit' is present

2018-08-16 15:17:59 - [MESSAGE][WARNING] - Timeout '0' is invalid. Using default page load timeout: '60'

2018-08-16 15:17:59 - [MESSAGE][PASSED] - Object 'Object Repository/page_home/span_exit' is present

2018-08-16 15:17:59 - [MESSAGE][PASSED] - Call Test Case 'Test Cases/Base/Authorization' successfully

2018-08-16 15:17:59 - [TEST_STEP][PASSED] - click: Object: 'Object Repository/my_tasks/menu_performance' is clicked on

2018-08-16 15:18:03 - [MESSAGE][PASSED] - Object: 'Object Repository/my_tasks/menu_performance' is clicked on

2018-08-16 15:18:03 - [TEST_STEP][PASSED] - click: Object: 'Object Repository/my_tasks/span_approval' is clicked on

2018-08-16 15:18:06 - [MESSAGE][PASSED] - Object: 'Object Repository/my_tasks/span_approval' is clicked on

2018-08-16 15:18:06 - [TEST_STEP][PASSED] - click: Object: 'Object Repository/my_tasks/act_menu' is clicked on

2018-08-16 15:18:08 - [MESSAGE][PASSED] - Object: 'Object Repository/my_tasks/act_menu' is clicked on

2018-08-16 15:18:08 - [TEST_STEP][PASSED] - click: Object: 'Object Repository/my_tasks/act_approval' is clicked on

2018-08-16 15:18:09 - [MESSAGE][PASSED] - Object: 'Object Repository/my_tasks/act_approval' is clicked on

2018-08-16 15:18:09 - [TEST_STEP][PASSED] - callTestCase: Call Test Case 'Test Cases/Base/Certificate selection' successfully

2018-08-16 15:18:09 - [TEST_CASE][PASSED] - Test Cases/Base/Certificate selection: Test Cases/Base/Certificate selection

2018-08-16 15:18:09 - [TEST_STEP][PASSED] - waitForAlert: Alert is present after 60 second(s).

2018-08-16 15:18:10 - [MESSAGE][PASSED] - Alert is present after 60 second(s).

2018-08-16 15:18:10 - [TEST_STEP][PASSED] - acceptAlert: Alert accepted

2018-08-16 15:18:11 - [MESSAGE][PASSED] - Alert accepted

2018-08-16 15:18:11 - [TEST_STEP][PASSED] - click: Object: 'Object Repository/my_tasks/radio_certificate' is clicked on

2018-08-16 15:18:12 - [MESSAGE][PASSED] - Object: 'Object Repository/my_tasks/radio_certificate' is clicked on

2018-08-16 15:18:12 - [MESSAGE][PASSED] - Call Test Case 'Test Cases/Base/Certificate selection' successfully

2018-08-16 15:18:12 - [TEST_STEP][PASSED] - click: Object: 'Object Repository/DOCUMENT/Dialog/btn_OK' is clicked on

2018-08-16 15:18:13 - [MESSAGE][PASSED] - Object: 'Object Repository/DOCUMENT/Dialog/btn_OK' is clicked on

2018-08-16 15:18:13 - [TEST_STEP][PASSED] - waitForElementNotPresent: Web element with id: 'Object Repository/my_tasks/act_menu' located by 'By.xpath: //span[@class = 'dx-menu-item-popout-container']' is not present after '60' second(s)

2018-08-16 15:18:23 - [MESSAGE][PASSED] - Web element with id: 'Object Repository/my_tasks/act_menu' located by 'By.xpath: //span[@class = 'dx-menu-item-popout-container']' is not present after '60' second(s)

2018-08-16 15:18:23 - [TEST_STEP][PASSED] - callTestCase: Call Test Case 'Test Cases/Base/Purchase plan/Open purchase plan' successfully

2018-08-16 15:18:23 - [TEST_CASE][PASSED] - Test Cases/Base/Purchase plan/Open purchase plan: Test Cases/Base/Purchase plan/Open purchase plan

2018-08-16 15:18:23 - [TEST_STEP][PASSED] - click: Object: 'Object Repository/page_home/span_planning' is clicked on

2018-08-16 15:18:28 - [MESSAGE][PASSED] - Object: 'Object Repository/page_home/span_planning' is clicked on

2018-08-16 15:18:28 - [TEST_STEP][PASSED] - click: Object: 'Object Repository/page_planning/a_purchasePlan' is clicked on

2018-08-16 15:18:32 - [MESSAGE][PASSED] - Object: 'Object Repository/page_planning/a_purchasePlan' is clicked on

2018-08-16 15:18:32 - [TEST_STEP][PASSED] - click: Object: 'Object Repository/document_purchasePlan/menu_actual' is clicked on

2018-08-16 15:18:36 - [MESSAGE][PASSED] - Object: 'Object Repository/document_purchasePlan/menu_actual' is clicked on

2018-08-16 15:18:36 - [TEST_STEP][PASSED] - Statement - new_budgetYear = com.kms.katalon.core.webui.keyword.WebUiBuiltInKeywords.modifyObjectProperty(com.kms.katalon.core.testobject.ObjectRepository.findTestObject(document_purchasePlan/link_purchaseplan), "text", "equals", BudgetYear, true): Modify property of object successfully

2018-08-16 15:18:37 - [MESSAGE][PASSED] - Modify property of object successfully

2018-08-16 15:18:37 - [TEST_STEP][PASSED] - Statement - url_purchase = com.kms.katalon.core.webui.keyword.WebUiBuiltInKeywords.getAttribute(new_budgetYear, "href"): Attribute 'href' of object 'Object Repository/document_purchasePlan/link_purchaseplan' is: 'http://10.100.70.20/edo/Search/DocumentView/29508'

2018-08-16 15:18:37 - [MESSAGE][PASSED] - Attribute 'href' of object 'Object Repository/document_purchasePlan/link_purchaseplan' is: 'http://10.100.70.20/edo/Search/DocumentView/29508'

2018-08-16 15:18:37 - [TEST_STEP][PASSED] - navigateToUrl: Navigate to 'http://10.100.70.20/edo/Search/DocumentView/29508' successfully

2018-08-16 15:18:46 - [MESSAGE][PASSED] - Navigate to 'http://10.100.70.20/edo/Search/DocumentView/29508' successfully

2018-08-16 15:18:46 - [MESSAGE][PASSED] - Call Test Case 'Test Cases/Base/Purchase plan/Open purchase plan' successfully

2018-08-16 15:18:46 - [TEST_STEP][PASSED] - click: Object: 'Object Repository/document_purchasePlan/toolbar_reading/menu_route' is clicked on

2018-08-16 15:18:48 - [MESSAGE][PASSED] - Object: 'Object Repository/document_purchasePlan/toolbar_reading/menu_route' is clicked on

2018-08-16 15:18:48 - [TEST_STEP][FAILED] - click: Unable to click on object 'Object Repository/my_tasks/act_menu' (Root cause: org.openqa.selenium.ElementNotInteractableException: Cannot click on element
Build info: version: '3.7.1', revision: '8a0099a', time: '2017-11-06T21:07:36.161Z'
System info: host: 'EX64', ip: '192.168.20.109', os.name: 'Windows 7', os.arch: 'amd64', os.version: '6.1', java.version: '1.8.0_102'
Driver info: com.kms.katalon.selenium.driver.CInternetExplorerDriver
Capabilities {acceptInsecureCerts: false, browserName: internet explorer, browserVersion: 11, javascriptEnabled: true, pageLoadStrategy: normal, platform: WINDOWS, platformName: WINDOWS, se:ieOptions: {browserAttachTimeout: 0, elementScrollBehavior: 0, enablePersistentHover: true, ie.browserCommandLineSwitches: , ie.ensureCleanSession: false, ie.fileUploadDialogTimeout: 3000, ie.forceCreateProcessApi: false, ignoreProtectedModeSettings: false, ignoreZoomSetting: false, initialBrowserUrl: http://localhost:26414/, nativeEvents: true, requireWindowFocus: false}, setWindowRect: true}
Session ID: 12d9e3c9-9759-481a-9742-cd67e28e216a)

2018-08-16 15:18:49 - [MESSAGE][FAILED] - Unable to click on object 'Object Repository/my_tasks/act_menu' (Root cause: org.openqa.selenium.ElementNotInteractableException: Cannot click on element
Build info: version: '3.7.1', revision: '8a0099a', time: '2017-11-06T21:07:36.161Z'
System info: host: 'EX64', ip: '192.168.20.109', os.name: 'Windows 7', os.arch: 'amd64', os.version: '6.1', java.version: '1.8.0_102'
Driver info: com.kms.katalon.selenium.driver.CInternetExplorerDriver
Capabilities {acceptInsecureCerts: false, browserName: internet explorer, browserVersion: 11, javascriptEnabled: true, pageLoadStrategy: normal, platform: WINDOWS, platformName: WINDOWS, se:ieOptions: {browserAttachTimeout: 0, elementScrollBehavior: 0, enablePersistentHover: true, ie.browserCommandLineSwitches: , ie.ensureCleanSession: false, ie.fileUploadDialogTimeout: 3000, ie.forceCreateProcessApi: false, ignoreProtectedModeSettings: false, ignoreZoomSetting: false, initialBrowserUrl: http://localhost:26414/, nativeEvents: true, requireWindowFocus: false}, setWindowRect: true}
Session ID: 12d9e3c9-9759-481a-9742-cd67e28e216a)
[[ATTACHMENT|T:\\Katalon Studio\\E1\\Reports\\TEST\\New Test Suite\\20180816_151744\\1534421929304.png]]]]></system-out>
         <system-err><![CDATA[2018-08-16 15:17:45 - [TEST_CASE][FAILED] - Test Cases/Base/Purchase plan/Appruval route purchase plan: Test Cases/Base/Purchase plan/Appruval route purchase plan FAILED because (of) Unable to click on object 'Object Repository/my_tasks/act_menu' (Root cause: org.openqa.selenium.ElementNotInteractableException: Cannot click on element
Build info: version: '3.7.1', revision: '8a0099a', time: '2017-11-06T21:07:36.161Z'
System info: host: 'EX64', ip: '192.168.20.109', os.name: 'Windows 7', os.arch: 'amd64', os.version: '6.1', java.version: '1.8.0_102'
Driver info: com.kms.katalon.selenium.driver.CInternetExplorerDriver
Capabilities {acceptInsecureCerts: false, browserName: internet explorer, browserVersion: 11, javascriptEnabled: true, pageLoadStrategy: normal, platform: WINDOWS, platformName: WINDOWS, se:ieOptions: {browserAttachTimeout: 0, elementScrollBehavior: 0, enablePersistentHover: true, ie.browserCommandLineSwitches: , ie.ensureCleanSession: false, ie.fileUploadDialogTimeout: 3000, ie.forceCreateProcessApi: false, ignoreProtectedModeSettings: false, ignoreZoomSetting: false, initialBrowserUrl: http://localhost:26414/, nativeEvents: true, requireWindowFocus: false}, setWindowRect: true}
Session ID: 12d9e3c9-9759-481a-9742-cd67e28e216a)]]></system-err>
      </testcase>
      <system-out><![CDATA[2018-08-16 15:17:45 - [TEST_SUITE][FAILED] - New Test Suite: Test Cases/Base/Purchase plan/Appruval route purchase plan FAILED because (of) Unable to click on object 'Object Repository/my_tasks/act_menu' (Root cause: org.openqa.selenium.ElementNotInteractableException: Cannot click on element
Build info: version: '3.7.1', revision: '8a0099a', time: '2017-11-06T21:07:36.161Z'
System info: host: 'EX64', ip: '192.168.20.109', os.name: 'Windows 7', os.arch: 'amd64', os.version: '6.1', java.version: '1.8.0_102'
Driver info: com.kms.katalon.selenium.driver.CInternetExplorerDriver
Capabilities {acceptInsecureCerts: false, browserName: internet explorer, browserVersion: 11, javascriptEnabled: true, pageLoadStrategy: normal, platform: WINDOWS, platformName: WINDOWS, se:ieOptions: {browserAttachTimeout: 0, elementScrollBehavior: 0, enablePersistentHover: true, ie.browserCommandLineSwitches: , ie.ensureCleanSession: false, ie.fileUploadDialogTimeout: 3000, ie.forceCreateProcessApi: false, ignoreProtectedModeSettings: false, ignoreZoomSetting: false, initialBrowserUrl: http://localhost:26414/, nativeEvents: true, requireWindowFocus: false}, setWindowRect: true}
Session ID: 12d9e3c9-9759-481a-9742-cd67e28e216a)]]></system-out>
      <system-err><![CDATA[2018-08-16 15:17:45 - [TEST_SUITE][FAILED] - New Test Suite: Test Cases/Base/Purchase plan/Appruval route purchase plan FAILED because (of) Unable to click on object 'Object Repository/my_tasks/act_menu' (Root cause: org.openqa.selenium.ElementNotInteractableException: Cannot click on element
Build info: version: '3.7.1', revision: '8a0099a', time: '2017-11-06T21:07:36.161Z'
System info: host: 'EX64', ip: '192.168.20.109', os.name: 'Windows 7', os.arch: 'amd64', os.version: '6.1', java.version: '1.8.0_102'
Driver info: com.kms.katalon.selenium.driver.CInternetExplorerDriver
Capabilities {acceptInsecureCerts: false, browserName: internet explorer, browserVersion: 11, javascriptEnabled: true, pageLoadStrategy: normal, platform: WINDOWS, platformName: WINDOWS, se:ieOptions: {browserAttachTimeout: 0, elementScrollBehavior: 0, enablePersistentHover: true, ie.browserCommandLineSwitches: , ie.ensureCleanSession: false, ie.fileUploadDialogTimeout: 3000, ie.forceCreateProcessApi: false, ignoreProtectedModeSettings: false, ignoreZoomSetting: false, initialBrowserUrl: http://localhost:26414/, nativeEvents: true, requireWindowFocus: false}, setWindowRect: true}
Session ID: 12d9e3c9-9759-481a-9742-cd67e28e216a)]]></system-err>
   </testsuite>
</testsuites>
