<?xml version="1.0" encoding="UTF-8"?>
<testsuites name="Authorization" time="40" tests="0" failures="1" errors="0">
   <testsuite name="Authorization" tests="0" failures="1" errors="0" time="40" timestamp="2018-08-09 16:46:30" hostname="ex64 - ex64" id="Test Suites/Scenario1/Authorization">
      <properties>
         <property name="deviceName" value=""/>
         <property name="devicePlatform" value=""/>
         <property name="logFolder" value="T:\\Katalon Studio\\E1\\Reports\\Scenario1\\Authorization\\20180809_164344"/>
         <property name="logFiles" value="T:\\Katalon Studio\\E1\\Reports\\Scenario1\\Authorization\\20180809_164344\\execution0.log"/>
         <property name="attachments" value="T:\\Katalon Studio\\E1\\Reports\\Scenario1\\Authorization\\20180809_164344\\1533822431322.png, T:\\Katalon Studio\\E1\\Reports\\Scenario1\\Authorization\\20180809_164344\\1533822431404.png"/>
         <property name="hostName" value="ex64 - ex64"/>
         <property name="os" value="Windows 7 64bit"/>
         <property name="katalonVersion" value="5.6.0.1"/>
         <property name="browser" value="Firefox 61.0"/>
         <property name="hostAddress" value="192.168.20.109"/>
         <property name="sessionId" value="64e58b97-15e7-4029-9684-20a360ec081a"/>
         <property name="seleniumVersion" value="3.7.1"/>
         <property name="proxyInformation" value="ProxyInformation{proxyOption=NO_PROXY, proxyServerType=HTTP, password=, proxyServerAddress=, proxyServerPort=0}"/>
         <property name="platform" value="Windows 7"/>
      </properties>
      <testcase name="Test Cases/Base/Authorization" classname="Test Cases/Base/Authorization" status="FAILED">
         <failure type="FAILED" message="Unable to verify object 'Object Repository/page_home/span_myTasks' is present (Root cause: com.kms.katalon.core.webui.exception.WebElementNotFoundException: Web element with id: 'Object Repository/page_home/span_myTasks' located by 'By.xpath: //span[(text() = 'Мои задачи' or . = 'Мои задачи')]' not found)"/>
         <system-out><![CDATA[2018-08-09 16:46:31 - [TEST_CASE][FAILED] - Test Cases/Base/Authorization: Test Cases/Base/Authorization FAILED because (of) Unable to verify object 'Object Repository/page_home/span_myTasks' is present (Root cause: com.kms.katalon.core.webui.exception.WebElementNotFoundException: Web element with id: 'Object Repository/page_home/span_myTasks' located by 'By.xpath: //span[(text() = 'Мои задачи' or . = 'Мои задачи')]' not found)

2018-08-09 16:46:31 - [TEST_STEP][PASSED] - openBrowser: Browser is opened with url: 'http://10.100.70.20/edo'

2018-08-09 16:46:38 - [MESSAGE][PASSED] - Browser is opened with url: 'http://10.100.70.20/edo'

2018-08-09 16:46:38 - [TEST_STEP][PASSED] - maximizeWindow: Current window maximized

2018-08-09 16:46:38 - [MESSAGE][PASSED] - Current window maximized

2018-08-09 16:46:38 - [TEST_STEP][PASSED] - verifyElementPresent: Object 'Object Repository/page_authorization/input_login' is present

2018-08-09 16:46:38 - [MESSAGE][WARNING] - Timeout '0' is invalid. Using default page load timeout: '30'

2018-08-09 16:46:39 - [MESSAGE][PASSED] - Object 'Object Repository/page_authorization/input_login' is present

2018-08-09 16:46:39 - [TEST_STEP][PASSED] - verifyElementPresent: Object 'Object Repository/page_authorization/input_password' is present

2018-08-09 16:46:39 - [MESSAGE][WARNING] - Timeout '0' is invalid. Using default page load timeout: '30'

2018-08-09 16:46:39 - [MESSAGE][PASSED] - Object 'Object Repository/page_authorization/input_password' is present

2018-08-09 16:46:39 - [TEST_STEP][PASSED] - verifyElementPresent: Object 'Object Repository/page_authorization/button_come' is present

2018-08-09 16:46:39 - [MESSAGE][WARNING] - Timeout '0' is invalid. Using default page load timeout: '30'

2018-08-09 16:46:39 - [MESSAGE][PASSED] - Object 'Object Repository/page_authorization/button_come' is present

2018-08-09 16:46:39 - [TEST_STEP][PASSED] - verifyElementPresent: Object 'Object Repository/page_authorization/button_comeEP' is present

2018-08-09 16:46:39 - [MESSAGE][WARNING] - Timeout '0' is invalid. Using default page load timeout: '30'

2018-08-09 16:46:39 - [MESSAGE][PASSED] - Object 'Object Repository/page_authorization/button_comeEP' is present

2018-08-09 16:46:39 - [TEST_STEP][PASSED] - verifyElementPresent: Object 'Object Repository/page_authorization/a_registry' is present

2018-08-09 16:46:39 - [MESSAGE][WARNING] - Timeout '0' is invalid. Using default page load timeout: '30'

2018-08-09 16:46:39 - [MESSAGE][PASSED] - Object 'Object Repository/page_authorization/a_registry' is present

2018-08-09 16:46:39 - [TEST_STEP][PASSED] - verifyElementPresent: Object 'Object Repository/page_authorization/a_passwordRecovery' is present

2018-08-09 16:46:39 - [MESSAGE][WARNING] - Timeout '0' is invalid. Using default page load timeout: '30'

2018-08-09 16:46:39 - [MESSAGE][PASSED] - Object 'Object Repository/page_authorization/a_passwordRecovery' is present

2018-08-09 16:46:39 - [TEST_STEP][PASSED] - setText: Text 'autoui12' is set on object 'Object Repository/page_authorization/input_login'

2018-08-09 16:46:39 - [MESSAGE][PASSED] - Text 'autoui12' is set on object 'Object Repository/page_authorization/input_login'

2018-08-09 16:46:39 - [TEST_STEP][PASSED] - setText: Text 'Gfhjkm123' is set on object 'Object Repository/page_authorization/input_password'

2018-08-09 16:46:39 - [MESSAGE][PASSED] - Text 'Gfhjkm123' is set on object 'Object Repository/page_authorization/input_password'

2018-08-09 16:46:39 - [TEST_STEP][PASSED] - click: Object: 'Object Repository/page_authorization/button_come' is clicked on

2018-08-09 16:46:40 - [MESSAGE][PASSED] - Object: 'Object Repository/page_authorization/button_come' is clicked on

2018-08-09 16:46:40 - [TEST_STEP][FAILED] - verifyElementPresent: Unable to verify object 'Object Repository/page_home/span_myTasks' is present (Root cause: com.kms.katalon.core.webui.exception.WebElementNotFoundException: Web element with id: 'Object Repository/page_home/span_myTasks' located by 'By.xpath: //span[(text() = 'Мои задачи' or . = 'Мои задачи')]' not found)

2018-08-09 16:46:40 - [MESSAGE][WARNING] - Timeout '0' is invalid. Using default page load timeout: '30'

2018-08-09 16:47:11 - [MESSAGE][FAILED] - com.kms.katalon.core.webui.exception.WebElementNotFoundException: Web element with id: 'Object Repository/page_home/span_myTasks' located by 'By.xpath: //span[(text() = 'Мои задачи' or . = 'Мои задачи')]' not found
[[ATTACHMENT|T:\\Katalon Studio\\E1\\Reports\\Scenario1\\Authorization\\20180809_164344\\1533822431322.png]]

2018-08-09 16:47:11 - [MESSAGE][FAILED] - Unable to verify object 'Object Repository/page_home/span_myTasks' is present (Root cause: com.kms.katalon.core.webui.exception.WebElementNotFoundException: Web element with id: 'Object Repository/page_home/span_myTasks' located by 'By.xpath: //span[(text() = 'Мои задачи' or . = 'Мои задачи')]' not found)
[[ATTACHMENT|T:\\Katalon Studio\\E1\\Reports\\Scenario1\\Authorization\\20180809_164344\\1533822431404.png]]]]></system-out>
         <system-err><![CDATA[2018-08-09 16:46:31 - [TEST_CASE][FAILED] - Test Cases/Base/Authorization: Test Cases/Base/Authorization FAILED because (of) Unable to verify object 'Object Repository/page_home/span_myTasks' is present (Root cause: com.kms.katalon.core.webui.exception.WebElementNotFoundException: Web element with id: 'Object Repository/page_home/span_myTasks' located by 'By.xpath: //span[(text() = 'Мои задачи' or . = 'Мои задачи')]' not found)]]></system-err>
      </testcase>
      <system-out><![CDATA[2018-08-09 16:46:30 - [TEST_SUITE][FAILED] - Authorization: Test Cases/Base/Authorization FAILED because (of) Unable to verify object 'Object Repository/page_home/span_myTasks' is present (Root cause: com.kms.katalon.core.webui.exception.WebElementNotFoundException: Web element with id: 'Object Repository/page_home/span_myTasks' located by 'By.xpath: //span[(text() = 'Мои задачи' or . = 'Мои задачи')]' not found)]]></system-out>
      <system-err><![CDATA[2018-08-09 16:46:30 - [TEST_SUITE][FAILED] - Authorization: Test Cases/Base/Authorization FAILED because (of) Unable to verify object 'Object Repository/page_home/span_myTasks' is present (Root cause: com.kms.katalon.core.webui.exception.WebElementNotFoundException: Web element with id: 'Object Repository/page_home/span_myTasks' located by 'By.xpath: //span[(text() = 'Мои задачи' or . = 'Мои задачи')]' not found)]]></system-err>
   </testsuite>
</testsuites>
