<?xml version="1.0" encoding="UTF-8"?>
<testsuites name="New Test Suite" time="122" tests="0" failures="2" errors="0">
   <testsuite name="New Test Suite" tests="0" failures="2" errors="0" time="122" timestamp="2018-08-16 14:29:19" hostname="ex64 - ex64" id="Test Suites/TEST/New Test Suite">
      <properties>
         <property name="deviceName" value=""/>
         <property name="devicePlatform" value=""/>
         <property name="logFolder" value="T:\\Katalon Studio\\E1\\Reports\\TEST\\New Test Suite\\20180816_142918"/>
         <property name="logFiles" value="T:\\Katalon Studio\\E1\\Reports\\TEST\\New Test Suite\\20180816_142918\\execution0.log, T:\\Katalon Studio\\E1\\Reports\\TEST\\New Test Suite\\20180816_142918\\IEDriverServer.log"/>
         <property name="attachments" value="T:\\Katalon Studio\\E1\\Reports\\TEST\\New Test Suite\\20180816_142918\\1534418986369.png"/>
         <property name="hostName" value="ex64 - ex64"/>
         <property name="os" value="Windows 7 64bit"/>
         <property name="katalonVersion" value="5.6.0.1"/>
         <property name="browser" value="IE 11"/>
         <property name="hostAddress" value="192.168.20.109"/>
         <property name="sessionId" value="d773991b-9f68-4f04-a867-30c024784e51"/>
         <property name="seleniumVersion" value="3.7.1"/>
         <property name="proxyInformation" value="ProxyInformation{proxyOption=NO_PROXY, proxyServerType=HTTP, password=, proxyServerAddress=, proxyServerPort=0}"/>
         <property name="platform" value="Windows 7"/>
      </properties>
      <testcase name="Test Cases/Base/Purchase plan/Route approval" classname="Test Cases/Base/Purchase plan/Route approval" status="FAILED">
         <failure type="FAILED" message="Unable to get attribute 'href' of object 'Object Repository/document_purchasePlan/link_purchaseplan' (Root cause: org.openqa.selenium.JavascriptException: JavaScript error
Build info: version: '3.7.1', revision: '8a0099a', time: '2017-11-06T21:07:36.161Z'
System info: host: 'EX64', ip: '192.168.20.109', os.name: 'Windows 7', os.arch: 'amd64', os.version: '6.1', java.version: '1.8.0_102'
Driver info: com.kms.katalon.selenium.driver.CInternetExplorerDriver
Capabilities {acceptInsecureCerts: false, browserName: internet explorer, browserVersion: 11, javascriptEnabled: true, pageLoadStrategy: normal, platform: WINDOWS, platformName: WINDOWS, se:ieOptions: {browserAttachTimeout: 0, elementScrollBehavior: 0, enablePersistentHover: true, ie.browserCommandLineSwitches: , ie.ensureCleanSession: false, ie.fileUploadDialogTimeout: 3000, ie.forceCreateProcessApi: false, ignoreProtectedModeSettings: false, ignoreZoomSetting: false, initialBrowserUrl: http://localhost:24462/, nativeEvents: true, requireWindowFocus: false}, setWindowRect: true}
Session ID: e25fbb92-6fec-48ed-98d0-3a2d8bf8cad3)"/>
         <system-out><![CDATA[2018-08-16 14:29:19 - [TEST_CASE][FAILED] - Test Cases/Base/Purchase plan/Route approval: Test Cases/Base/Purchase plan/Route approval FAILED because (of) Unable to get attribute 'href' of object 'Object Repository/document_purchasePlan/link_purchaseplan' (Root cause: org.openqa.selenium.JavascriptException: JavaScript error
Build info: version: '3.7.1', revision: '8a0099a', time: '2017-11-06T21:07:36.161Z'
System info: host: 'EX64', ip: '192.168.20.109', os.name: 'Windows 7', os.arch: 'amd64', os.version: '6.1', java.version: '1.8.0_102'
Driver info: com.kms.katalon.selenium.driver.CInternetExplorerDriver
Capabilities {acceptInsecureCerts: false, browserName: internet explorer, browserVersion: 11, javascriptEnabled: true, pageLoadStrategy: normal, platform: WINDOWS, platformName: WINDOWS, se:ieOptions: {browserAttachTimeout: 0, elementScrollBehavior: 0, enablePersistentHover: true, ie.browserCommandLineSwitches: , ie.ensureCleanSession: false, ie.fileUploadDialogTimeout: 3000, ie.forceCreateProcessApi: false, ignoreProtectedModeSettings: false, ignoreZoomSetting: false, initialBrowserUrl: http://localhost:24462/, nativeEvents: true, requireWindowFocus: false}, setWindowRect: true}
Session ID: e25fbb92-6fec-48ed-98d0-3a2d8bf8cad3)

2018-08-16 14:29:19 - [TEST_STEP][PASSED] - callTestCase: Call Test Case 'Test Cases/Base/Authorization' successfully

2018-08-16 14:29:20 - [TEST_CASE][PASSED] - Test Cases/Base/Authorization: Test Cases/Base/Authorization

2018-08-16 14:29:20 - [TEST_STEP][PASSED] - openBrowser: Browser is opened with url: 'http://10.100.70.20/edo'

2018-08-16 14:29:27 - [MESSAGE][PASSED] - Browser is opened with url: 'http://10.100.70.20/edo'

2018-08-16 14:29:27 - [TEST_STEP][PASSED] - maximizeWindow: Current window maximized

2018-08-16 14:29:27 - [MESSAGE][PASSED] - Current window maximized

2018-08-16 14:29:27 - [TEST_STEP][PASSED] - verifyElementPresent: Object 'Object Repository/page_authorization/input_login' is present

2018-08-16 14:29:27 - [MESSAGE][WARNING] - Timeout '0' is invalid. Using default page load timeout: '60'

2018-08-16 14:29:30 - [MESSAGE][PASSED] - Object 'Object Repository/page_authorization/input_login' is present

2018-08-16 14:29:30 - [TEST_STEP][PASSED] - verifyElementPresent: Object 'Object Repository/page_authorization/input_password' is present

2018-08-16 14:29:30 - [MESSAGE][WARNING] - Timeout '0' is invalid. Using default page load timeout: '60'

2018-08-16 14:29:30 - [MESSAGE][PASSED] - Object 'Object Repository/page_authorization/input_password' is present

2018-08-16 14:29:30 - [TEST_STEP][PASSED] - verifyElementPresent: Object 'Object Repository/page_authorization/button_come' is present

2018-08-16 14:29:30 - [MESSAGE][WARNING] - Timeout '0' is invalid. Using default page load timeout: '60'

2018-08-16 14:29:30 - [MESSAGE][PASSED] - Object 'Object Repository/page_authorization/button_come' is present

2018-08-16 14:29:30 - [TEST_STEP][PASSED] - verifyElementPresent: Object 'Object Repository/page_authorization/button_comeEP' is present

2018-08-16 14:29:30 - [MESSAGE][WARNING] - Timeout '0' is invalid. Using default page load timeout: '60'

2018-08-16 14:29:30 - [MESSAGE][PASSED] - Object 'Object Repository/page_authorization/button_comeEP' is present

2018-08-16 14:29:30 - [TEST_STEP][PASSED] - verifyElementPresent: Object 'Object Repository/page_authorization/a_registry' is present

2018-08-16 14:29:30 - [MESSAGE][WARNING] - Timeout '0' is invalid. Using default page load timeout: '60'

2018-08-16 14:29:30 - [MESSAGE][PASSED] - Object 'Object Repository/page_authorization/a_registry' is present

2018-08-16 14:29:30 - [TEST_STEP][PASSED] - verifyElementPresent: Object 'Object Repository/page_authorization/a_passwordRecovery' is present

2018-08-16 14:29:30 - [MESSAGE][WARNING] - Timeout '0' is invalid. Using default page load timeout: '60'

2018-08-16 14:29:30 - [MESSAGE][PASSED] - Object 'Object Repository/page_authorization/a_passwordRecovery' is present

2018-08-16 14:29:30 - [TEST_STEP][PASSED] - setText: Text 'autoui71' is set on object 'Object Repository/page_authorization/input_login'

2018-08-16 14:29:31 - [MESSAGE][PASSED] - Text 'autoui71' is set on object 'Object Repository/page_authorization/input_login'

2018-08-16 14:29:31 - [TEST_STEP][PASSED] - setText: Text 'Gfhjkm123' is set on object 'Object Repository/page_authorization/input_password'

2018-08-16 14:29:32 - [MESSAGE][PASSED] - Text 'Gfhjkm123' is set on object 'Object Repository/page_authorization/input_password'

2018-08-16 14:29:32 - [TEST_STEP][PASSED] - click: Object: 'Object Repository/page_authorization/button_come' is clicked on

2018-08-16 14:29:36 - [MESSAGE][PASSED] - Object: 'Object Repository/page_authorization/button_come' is clicked on

2018-08-16 14:29:36 - [TEST_STEP][PASSED] - verifyElementPresent: Object 'Object Repository/page_home/span_myTasks' is present

2018-08-16 14:29:36 - [MESSAGE][WARNING] - Timeout '0' is invalid. Using default page load timeout: '60'

2018-08-16 14:29:36 - [MESSAGE][PASSED] - Object 'Object Repository/page_home/span_myTasks' is present

2018-08-16 14:29:36 - [TEST_STEP][PASSED] - verifyElementPresent: Object 'Object Repository/page_home/span_administration' is present

2018-08-16 14:29:36 - [MESSAGE][WARNING] - Timeout '0' is invalid. Using default page load timeout: '60'

2018-08-16 14:29:37 - [MESSAGE][PASSED] - Object 'Object Repository/page_home/span_administration' is present

2018-08-16 14:29:37 - [TEST_STEP][PASSED] - verifyElementPresent: Object 'Object Repository/page_home/span_exit' is present

2018-08-16 14:29:37 - [MESSAGE][WARNING] - Timeout '0' is invalid. Using default page load timeout: '60'

2018-08-16 14:29:37 - [MESSAGE][PASSED] - Object 'Object Repository/page_home/span_exit' is present

2018-08-16 14:29:37 - [MESSAGE][PASSED] - Call Test Case 'Test Cases/Base/Authorization' successfully

2018-08-16 14:29:37 - [TEST_STEP][FAILED] - callTestCase: Unable to call Test Case with id 'Test Cases/Base/Purchase plan/Open purchase plan' (Root cause: Call Test Case 'Test Cases/Base/Purchase plan/Open purchase plan' failed)

2018-08-16 14:29:37 - [TEST_CASE][FAILED] - Test Cases/Base/Purchase plan/Open purchase plan: Test Cases/Base/Purchase plan/Open purchase plan FAILED because (of) Unable to get attribute 'href' of object 'Object Repository/document_purchasePlan/link_purchaseplan' (Root cause: org.openqa.selenium.JavascriptException: JavaScript error
Build info: version: '3.7.1', revision: '8a0099a', time: '2017-11-06T21:07:36.161Z'
System info: host: 'EX64', ip: '192.168.20.109', os.name: 'Windows 7', os.arch: 'amd64', os.version: '6.1', java.version: '1.8.0_102'
Driver info: com.kms.katalon.selenium.driver.CInternetExplorerDriver
Capabilities {acceptInsecureCerts: false, browserName: internet explorer, browserVersion: 11, javascriptEnabled: true, pageLoadStrategy: normal, platform: WINDOWS, platformName: WINDOWS, se:ieOptions: {browserAttachTimeout: 0, elementScrollBehavior: 0, enablePersistentHover: true, ie.browserCommandLineSwitches: , ie.ensureCleanSession: false, ie.fileUploadDialogTimeout: 3000, ie.forceCreateProcessApi: false, ignoreProtectedModeSettings: false, ignoreZoomSetting: false, initialBrowserUrl: http://localhost:24462/, nativeEvents: true, requireWindowFocus: false}, setWindowRect: true}
Session ID: e25fbb92-6fec-48ed-98d0-3a2d8bf8cad3)

2018-08-16 14:29:37 - [TEST_STEP][PASSED] - click: Object: 'Object Repository/page_home/span_planning' is clicked on

2018-08-16 14:29:40 - [MESSAGE][PASSED] - Object: 'Object Repository/page_home/span_planning' is clicked on

2018-08-16 14:29:40 - [TEST_STEP][PASSED] - click: Object: 'Object Repository/page_planning/a_purchasePlan' is clicked on

2018-08-16 14:29:44 - [MESSAGE][PASSED] - Object: 'Object Repository/page_planning/a_purchasePlan' is clicked on

2018-08-16 14:29:44 - [TEST_STEP][PASSED] - click: Object: 'Object Repository/document_purchasePlan/menu_actual' is clicked on

2018-08-16 14:29:45 - [MESSAGE][PASSED] - Object: 'Object Repository/document_purchasePlan/menu_actual' is clicked on

2018-08-16 14:29:45 - [TEST_STEP][PASSED] - Statement - new_budgetYear = com.kms.katalon.core.webui.keyword.WebUiBuiltInKeywords.modifyObjectProperty(com.kms.katalon.core.testobject.ObjectRepository.findTestObject(document_purchasePlan/link_purchaseplan), "text", "equals", BudgetYear, true): Modify property of object successfully

2018-08-16 14:29:45 - [MESSAGE][PASSED] - Modify property of object successfully

2018-08-16 14:29:45 - [TEST_STEP][FAILED] - Statement - url_purchase = com.kms.katalon.core.webui.keyword.WebUiBuiltInKeywords.getAttribute(new_budgetYear, "href"): Unable to get attribute 'href' of object 'Object Repository/document_purchasePlan/link_purchaseplan' (Root cause: org.openqa.selenium.JavascriptException: JavaScript error
Build info: version: '3.7.1', revision: '8a0099a', time: '2017-11-06T21:07:36.161Z'
System info: host: 'EX64', ip: '192.168.20.109', os.name: 'Windows 7', os.arch: 'amd64', os.version: '6.1', java.version: '1.8.0_102'
Driver info: com.kms.katalon.selenium.driver.CInternetExplorerDriver
Capabilities {acceptInsecureCerts: false, browserName: internet explorer, browserVersion: 11, javascriptEnabled: true, pageLoadStrategy: normal, platform: WINDOWS, platformName: WINDOWS, se:ieOptions: {browserAttachTimeout: 0, elementScrollBehavior: 0, enablePersistentHover: true, ie.browserCommandLineSwitches: , ie.ensureCleanSession: false, ie.fileUploadDialogTimeout: 3000, ie.forceCreateProcessApi: false, ignoreProtectedModeSettings: false, ignoreZoomSetting: false, initialBrowserUrl: http://localhost:24462/, nativeEvents: true, requireWindowFocus: false}, setWindowRect: true}
Session ID: e25fbb92-6fec-48ed-98d0-3a2d8bf8cad3)

2018-08-16 14:30:13 - [MESSAGE][FAILED] - Unable to get attribute 'href' of object 'Object Repository/document_purchasePlan/link_purchaseplan' (Root cause: org.openqa.selenium.JavascriptException: JavaScript error
Build info: version: '3.7.1', revision: '8a0099a', time: '2017-11-06T21:07:36.161Z'
System info: host: 'EX64', ip: '192.168.20.109', os.name: 'Windows 7', os.arch: 'amd64', os.version: '6.1', java.version: '1.8.0_102'
Driver info: com.kms.katalon.selenium.driver.CInternetExplorerDriver
Capabilities {acceptInsecureCerts: false, browserName: internet explorer, browserVersion: 11, javascriptEnabled: true, pageLoadStrategy: normal, platform: WINDOWS, platformName: WINDOWS, se:ieOptions: {browserAttachTimeout: 0, elementScrollBehavior: 0, enablePersistentHover: true, ie.browserCommandLineSwitches: , ie.ensureCleanSession: false, ie.fileUploadDialogTimeout: 3000, ie.forceCreateProcessApi: false, ignoreProtectedModeSettings: false, ignoreZoomSetting: false, initialBrowserUrl: http://localhost:24462/, nativeEvents: true, requireWindowFocus: false}, setWindowRect: true}
Session ID: e25fbb92-6fec-48ed-98d0-3a2d8bf8cad3)
[[ATTACHMENT|T:\\Katalon Studio\\E1\\Reports\\TEST\\New Test Suite\\20180816_142918\\1534418986369.png]]

2018-08-16 14:30:13 - [MESSAGE][FAILED] - Unable to call Test Case with id 'Test Cases/Base/Purchase plan/Open purchase plan' (Root cause: Call Test Case 'Test Cases/Base/Purchase plan/Open purchase plan' failed)]]></system-out>
         <system-err><![CDATA[2018-08-16 14:29:19 - [TEST_CASE][FAILED] - Test Cases/Base/Purchase plan/Route approval: Test Cases/Base/Purchase plan/Route approval FAILED because (of) Unable to get attribute 'href' of object 'Object Repository/document_purchasePlan/link_purchaseplan' (Root cause: org.openqa.selenium.JavascriptException: JavaScript error
Build info: version: '3.7.1', revision: '8a0099a', time: '2017-11-06T21:07:36.161Z'
System info: host: 'EX64', ip: '192.168.20.109', os.name: 'Windows 7', os.arch: 'amd64', os.version: '6.1', java.version: '1.8.0_102'
Driver info: com.kms.katalon.selenium.driver.CInternetExplorerDriver
Capabilities {acceptInsecureCerts: false, browserName: internet explorer, browserVersion: 11, javascriptEnabled: true, pageLoadStrategy: normal, platform: WINDOWS, platformName: WINDOWS, se:ieOptions: {browserAttachTimeout: 0, elementScrollBehavior: 0, enablePersistentHover: true, ie.browserCommandLineSwitches: , ie.ensureCleanSession: false, ie.fileUploadDialogTimeout: 3000, ie.forceCreateProcessApi: false, ignoreProtectedModeSettings: false, ignoreZoomSetting: false, initialBrowserUrl: http://localhost:24462/, nativeEvents: true, requireWindowFocus: false}, setWindowRect: true}
Session ID: e25fbb92-6fec-48ed-98d0-3a2d8bf8cad3)]]></system-err>
      </testcase>
      <testcase name="Test Cases/Base/Purchase plan/Appruval route purchase plan" classname="Test Cases/Base/Purchase plan/Appruval route purchase plan" status="FAILED">
         <failure type="FAILED" message="Unable to click on object 'Object Repository/my_tasks/act_menu' (Root cause: org.openqa.selenium.NoSuchWindowException: Unable to find elements on closed window
Build info: version: '3.7.1', revision: '8a0099a', time: '2017-11-06T21:07:36.161Z'
System info: host: 'EX64', ip: '192.168.20.109', os.name: 'Windows 7', os.arch: 'amd64', os.version: '6.1', java.version: '1.8.0_102'
Driver info: com.kms.katalon.selenium.driver.CInternetExplorerDriver
Capabilities {acceptInsecureCerts: false, browserName: internet explorer, browserVersion: 11, javascriptEnabled: true, pageLoadStrategy: normal, platform: WINDOWS, platformName: WINDOWS, se:ieOptions: {browserAttachTimeout: 0, elementScrollBehavior: 0, enablePersistentHover: true, ie.browserCommandLineSwitches: , ie.ensureCleanSession: false, ie.fileUploadDialogTimeout: 3000, ie.forceCreateProcessApi: false, ignoreProtectedModeSettings: false, ignoreZoomSetting: false, initialBrowserUrl: http://localhost:19497/, nativeEvents: true, requireWindowFocus: false}, setWindowRect: true}
Session ID: d773991b-9f68-4f04-a867-30c024784e51
*** Element info: {Using=xpath, value=//span[@class = 'dx-menu-item-popout-container']})"/>
         <system-out><![CDATA[2018-08-16 14:30:15 - [TEST_CASE][FAILED] - Test Cases/Base/Purchase plan/Appruval route purchase plan: Test Cases/Base/Purchase plan/Appruval route purchase plan FAILED because (of) Unable to click on object 'Object Repository/my_tasks/act_menu' (Root cause: org.openqa.selenium.NoSuchWindowException: Unable to find elements on closed window
Build info: version: '3.7.1', revision: '8a0099a', time: '2017-11-06T21:07:36.161Z'
System info: host: 'EX64', ip: '192.168.20.109', os.name: 'Windows 7', os.arch: 'amd64', os.version: '6.1', java.version: '1.8.0_102'
Driver info: com.kms.katalon.selenium.driver.CInternetExplorerDriver
Capabilities {acceptInsecureCerts: false, browserName: internet explorer, browserVersion: 11, javascriptEnabled: true, pageLoadStrategy: normal, platform: WINDOWS, platformName: WINDOWS, se:ieOptions: {browserAttachTimeout: 0, elementScrollBehavior: 0, enablePersistentHover: true, ie.browserCommandLineSwitches: , ie.ensureCleanSession: false, ie.fileUploadDialogTimeout: 3000, ie.forceCreateProcessApi: false, ignoreProtectedModeSettings: false, ignoreZoomSetting: false, initialBrowserUrl: http://localhost:19497/, nativeEvents: true, requireWindowFocus: false}, setWindowRect: true}
Session ID: d773991b-9f68-4f04-a867-30c024784e51
*** Element info: {Using=xpath, value=//span[@class = 'dx-menu-item-popout-container']})

2018-08-16 14:30:15 - [TEST_STEP][PASSED] - callTestCase: Call Test Case 'Test Cases/Base/Authorization' successfully

2018-08-16 14:30:15 - [TEST_CASE][PASSED] - Test Cases/Base/Authorization: Test Cases/Base/Authorization

2018-08-16 14:30:15 - [TEST_STEP][PASSED] - openBrowser: Browser is opened with url: 'http://10.100.70.20/edo'

2018-08-16 14:30:15 - [MESSAGE][WARNING] - A browser is already opened. Closing browser and opening a new one

2018-08-16 14:30:21 - [MESSAGE][PASSED] - Browser is opened with url: 'http://10.100.70.20/edo'

2018-08-16 14:30:21 - [TEST_STEP][PASSED] - maximizeWindow: Current window maximized

2018-08-16 14:30:21 - [MESSAGE][PASSED] - Current window maximized

2018-08-16 14:30:21 - [TEST_STEP][PASSED] - verifyElementPresent: Object 'Object Repository/page_authorization/input_login' is present

2018-08-16 14:30:21 - [MESSAGE][WARNING] - Timeout '0' is invalid. Using default page load timeout: '60'

2018-08-16 14:30:28 - [MESSAGE][PASSED] - Object 'Object Repository/page_authorization/input_login' is present

2018-08-16 14:30:28 - [TEST_STEP][PASSED] - verifyElementPresent: Object 'Object Repository/page_authorization/input_password' is present

2018-08-16 14:30:28 - [MESSAGE][WARNING] - Timeout '0' is invalid. Using default page load timeout: '60'

2018-08-16 14:30:28 - [MESSAGE][PASSED] - Object 'Object Repository/page_authorization/input_password' is present

2018-08-16 14:30:28 - [TEST_STEP][PASSED] - verifyElementPresent: Object 'Object Repository/page_authorization/button_come' is present

2018-08-16 14:30:28 - [MESSAGE][WARNING] - Timeout '0' is invalid. Using default page load timeout: '60'

2018-08-16 14:30:28 - [MESSAGE][PASSED] - Object 'Object Repository/page_authorization/button_come' is present

2018-08-16 14:30:28 - [TEST_STEP][PASSED] - verifyElementPresent: Object 'Object Repository/page_authorization/button_comeEP' is present

2018-08-16 14:30:28 - [MESSAGE][WARNING] - Timeout '0' is invalid. Using default page load timeout: '60'

2018-08-16 14:30:28 - [MESSAGE][PASSED] - Object 'Object Repository/page_authorization/button_comeEP' is present

2018-08-16 14:30:28 - [TEST_STEP][PASSED] - verifyElementPresent: Object 'Object Repository/page_authorization/a_registry' is present

2018-08-16 14:30:28 - [MESSAGE][WARNING] - Timeout '0' is invalid. Using default page load timeout: '60'

2018-08-16 14:30:28 - [MESSAGE][PASSED] - Object 'Object Repository/page_authorization/a_registry' is present

2018-08-16 14:30:28 - [TEST_STEP][PASSED] - verifyElementPresent: Object 'Object Repository/page_authorization/a_passwordRecovery' is present

2018-08-16 14:30:28 - [MESSAGE][WARNING] - Timeout '0' is invalid. Using default page load timeout: '60'

2018-08-16 14:30:28 - [MESSAGE][PASSED] - Object 'Object Repository/page_authorization/a_passwordRecovery' is present

2018-08-16 14:30:28 - [TEST_STEP][PASSED] - setText: Text 'autoui71' is set on object 'Object Repository/page_authorization/input_login'

2018-08-16 14:30:29 - [MESSAGE][PASSED] - Text 'autoui71' is set on object 'Object Repository/page_authorization/input_login'

2018-08-16 14:30:29 - [TEST_STEP][PASSED] - setText: Text 'Gfhjkm123' is set on object 'Object Repository/page_authorization/input_password'

2018-08-16 14:30:30 - [MESSAGE][PASSED] - Text 'Gfhjkm123' is set on object 'Object Repository/page_authorization/input_password'

2018-08-16 14:30:30 - [TEST_STEP][PASSED] - click: Object: 'Object Repository/page_authorization/button_come' is clicked on

2018-08-16 14:30:31 - [MESSAGE][PASSED] - Object: 'Object Repository/page_authorization/button_come' is clicked on

2018-08-16 14:30:31 - [TEST_STEP][PASSED] - verifyElementPresent: Object 'Object Repository/page_home/span_myTasks' is present

2018-08-16 14:30:31 - [MESSAGE][WARNING] - Timeout '0' is invalid. Using default page load timeout: '60'

2018-08-16 14:30:35 - [MESSAGE][PASSED] - Object 'Object Repository/page_home/span_myTasks' is present

2018-08-16 14:30:35 - [TEST_STEP][PASSED] - verifyElementPresent: Object 'Object Repository/page_home/span_administration' is present

2018-08-16 14:30:35 - [MESSAGE][WARNING] - Timeout '0' is invalid. Using default page load timeout: '60'

2018-08-16 14:30:35 - [MESSAGE][PASSED] - Object 'Object Repository/page_home/span_administration' is present

2018-08-16 14:30:35 - [TEST_STEP][PASSED] - verifyElementPresent: Object 'Object Repository/page_home/span_exit' is present

2018-08-16 14:30:35 - [MESSAGE][WARNING] - Timeout '0' is invalid. Using default page load timeout: '60'

2018-08-16 14:30:35 - [MESSAGE][PASSED] - Object 'Object Repository/page_home/span_exit' is present

2018-08-16 14:30:35 - [MESSAGE][PASSED] - Call Test Case 'Test Cases/Base/Authorization' successfully

2018-08-16 14:30:35 - [TEST_STEP][PASSED] - click: Object: 'Object Repository/my_tasks/menu_performance' is clicked on

2018-08-16 14:30:39 - [MESSAGE][PASSED] - Object: 'Object Repository/my_tasks/menu_performance' is clicked on

2018-08-16 14:30:39 - [TEST_STEP][PASSED] - click: Object: 'Object Repository/my_tasks/span_approval' is clicked on

2018-08-16 14:30:43 - [MESSAGE][PASSED] - Object: 'Object Repository/my_tasks/span_approval' is clicked on

2018-08-16 14:30:43 - [TEST_STEP][FAILED] - click: Unable to click on object 'Object Repository/my_tasks/act_menu' (Root cause: org.openqa.selenium.NoSuchWindowException: Unable to find elements on closed window
Build info: version: '3.7.1', revision: '8a0099a', time: '2017-11-06T21:07:36.161Z'
System info: host: 'EX64', ip: '192.168.20.109', os.name: 'Windows 7', os.arch: 'amd64', os.version: '6.1', java.version: '1.8.0_102'
Driver info: com.kms.katalon.selenium.driver.CInternetExplorerDriver
Capabilities {acceptInsecureCerts: false, browserName: internet explorer, browserVersion: 11, javascriptEnabled: true, pageLoadStrategy: normal, platform: WINDOWS, platformName: WINDOWS, se:ieOptions: {browserAttachTimeout: 0, elementScrollBehavior: 0, enablePersistentHover: true, ie.browserCommandLineSwitches: , ie.ensureCleanSession: false, ie.fileUploadDialogTimeout: 3000, ie.forceCreateProcessApi: false, ignoreProtectedModeSettings: false, ignoreZoomSetting: false, initialBrowserUrl: http://localhost:19497/, nativeEvents: true, requireWindowFocus: false}, setWindowRect: true}
Session ID: d773991b-9f68-4f04-a867-30c024784e51
*** Element info: {Using=xpath, value=//span[@class = 'dx-menu-item-popout-container']})

2018-08-16 14:31:19 - [MESSAGE][WARNING] - Cannot take screenshot

2018-08-16 14:31:19 - [MESSAGE][FAILED] - Unable to click on object 'Object Repository/my_tasks/act_menu' (Root cause: org.openqa.selenium.NoSuchWindowException: Unable to find elements on closed window
Build info: version: '3.7.1', revision: '8a0099a', time: '2017-11-06T21:07:36.161Z'
System info: host: 'EX64', ip: '192.168.20.109', os.name: 'Windows 7', os.arch: 'amd64', os.version: '6.1', java.version: '1.8.0_102'
Driver info: com.kms.katalon.selenium.driver.CInternetExplorerDriver
Capabilities {acceptInsecureCerts: false, browserName: internet explorer, browserVersion: 11, javascriptEnabled: true, pageLoadStrategy: normal, platform: WINDOWS, platformName: WINDOWS, se:ieOptions: {browserAttachTimeout: 0, elementScrollBehavior: 0, enablePersistentHover: true, ie.browserCommandLineSwitches: , ie.ensureCleanSession: false, ie.fileUploadDialogTimeout: 3000, ie.forceCreateProcessApi: false, ignoreProtectedModeSettings: false, ignoreZoomSetting: false, initialBrowserUrl: http://localhost:19497/, nativeEvents: true, requireWindowFocus: false}, setWindowRect: true}
Session ID: d773991b-9f68-4f04-a867-30c024784e51
*** Element info: {Using=xpath, value=//span[@class = 'dx-menu-item-popout-container']})]]></system-out>
         <system-err><![CDATA[2018-08-16 14:30:15 - [TEST_CASE][FAILED] - Test Cases/Base/Purchase plan/Appruval route purchase plan: Test Cases/Base/Purchase plan/Appruval route purchase plan FAILED because (of) Unable to click on object 'Object Repository/my_tasks/act_menu' (Root cause: org.openqa.selenium.NoSuchWindowException: Unable to find elements on closed window
Build info: version: '3.7.1', revision: '8a0099a', time: '2017-11-06T21:07:36.161Z'
System info: host: 'EX64', ip: '192.168.20.109', os.name: 'Windows 7', os.arch: 'amd64', os.version: '6.1', java.version: '1.8.0_102'
Driver info: com.kms.katalon.selenium.driver.CInternetExplorerDriver
Capabilities {acceptInsecureCerts: false, browserName: internet explorer, browserVersion: 11, javascriptEnabled: true, pageLoadStrategy: normal, platform: WINDOWS, platformName: WINDOWS, se:ieOptions: {browserAttachTimeout: 0, elementScrollBehavior: 0, enablePersistentHover: true, ie.browserCommandLineSwitches: , ie.ensureCleanSession: false, ie.fileUploadDialogTimeout: 3000, ie.forceCreateProcessApi: false, ignoreProtectedModeSettings: false, ignoreZoomSetting: false, initialBrowserUrl: http://localhost:19497/, nativeEvents: true, requireWindowFocus: false}, setWindowRect: true}
Session ID: d773991b-9f68-4f04-a867-30c024784e51
*** Element info: {Using=xpath, value=//span[@class = 'dx-menu-item-popout-container']})]]></system-err>
      </testcase>
      <system-out><![CDATA[2018-08-16 14:29:19 - [TEST_SUITE][FAILED] - New Test Suite: Test Cases/Base/Purchase plan/Route approval FAILED because (of) Unable to get attribute 'href' of object 'Object Repository/document_purchasePlan/link_purchaseplan' (Root cause: org.openqa.selenium.JavascriptException: JavaScript error
Build info: version: '3.7.1', revision: '8a0099a', time: '2017-11-06T21:07:36.161Z'
System info: host: 'EX64', ip: '192.168.20.109', os.name: 'Windows 7', os.arch: 'amd64', os.version: '6.1', java.version: '1.8.0_102'
Driver info: com.kms.katalon.selenium.driver.CInternetExplorerDriver
Capabilities {acceptInsecureCerts: false, browserName: internet explorer, browserVersion: 11, javascriptEnabled: true, pageLoadStrategy: normal, platform: WINDOWS, platformName: WINDOWS, se:ieOptions: {browserAttachTimeout: 0, elementScrollBehavior: 0, enablePersistentHover: true, ie.browserCommandLineSwitches: , ie.ensureCleanSession: false, ie.fileUploadDialogTimeout: 3000, ie.forceCreateProcessApi: false, ignoreProtectedModeSettings: false, ignoreZoomSetting: false, initialBrowserUrl: http://localhost:24462/, nativeEvents: true, requireWindowFocus: false}, setWindowRect: true}
Session ID: e25fbb92-6fec-48ed-98d0-3a2d8bf8cad3)]]></system-out>
      <system-err><![CDATA[2018-08-16 14:29:19 - [TEST_SUITE][FAILED] - New Test Suite: Test Cases/Base/Purchase plan/Route approval FAILED because (of) Unable to get attribute 'href' of object 'Object Repository/document_purchasePlan/link_purchaseplan' (Root cause: org.openqa.selenium.JavascriptException: JavaScript error
Build info: version: '3.7.1', revision: '8a0099a', time: '2017-11-06T21:07:36.161Z'
System info: host: 'EX64', ip: '192.168.20.109', os.name: 'Windows 7', os.arch: 'amd64', os.version: '6.1', java.version: '1.8.0_102'
Driver info: com.kms.katalon.selenium.driver.CInternetExplorerDriver
Capabilities {acceptInsecureCerts: false, browserName: internet explorer, browserVersion: 11, javascriptEnabled: true, pageLoadStrategy: normal, platform: WINDOWS, platformName: WINDOWS, se:ieOptions: {browserAttachTimeout: 0, elementScrollBehavior: 0, enablePersistentHover: true, ie.browserCommandLineSwitches: , ie.ensureCleanSession: false, ie.fileUploadDialogTimeout: 3000, ie.forceCreateProcessApi: false, ignoreProtectedModeSettings: false, ignoreZoomSetting: false, initialBrowserUrl: http://localhost:24462/, nativeEvents: true, requireWindowFocus: false}, setWindowRect: true}
Session ID: e25fbb92-6fec-48ed-98d0-3a2d8bf8cad3)]]></system-err>
   </testsuite>
</testsuites>
