<?xml version="1.0" encoding="UTF-8"?>
<testsuites name="Activation_gmail" time="110" tests="0" failures="1" errors="0">
   <testsuite name="Activation_gmail" tests="0" failures="1" errors="0" time="110" timestamp="2018-08-16 16:28:04" hostname="ex64 - ex64" id="Test Suites/Scenario1/Activation_gmail">
      <properties>
         <property name="deviceName" value=""/>
         <property name="devicePlatform" value=""/>
         <property name="logFolder" value="T:\\Katalon Studio\\E1\\Reports\\Scenario1\\Activation_gmail\\20180816_162717"/>
         <property name="logFiles" value="T:\\Katalon Studio\\E1\\Reports\\Scenario1\\Activation_gmail\\20180816_162717\\execution0.log"/>
         <property name="attachments" value="T:\\Katalon Studio\\E1\\Reports\\Scenario1\\Activation_gmail\\20180816_162717\\1534426192322.png, T:\\Katalon Studio\\E1\\Reports\\Scenario1\\Activation_gmail\\20180816_162717\\1534426192382.png"/>
         <property name="hostName" value="ex64 - ex64"/>
         <property name="os" value="Windows 7 64bit"/>
         <property name="katalonVersion" value="5.6.0.1"/>
         <property name="browser" value="Firefox 61.0"/>
         <property name="hostAddress" value="192.168.20.109"/>
         <property name="sessionId" value="ee3e9e97-e9bf-427f-b90a-5fdfd02b6b7b"/>
         <property name="seleniumVersion" value="3.7.1"/>
         <property name="proxyInformation" value="ProxyInformation{proxyOption=NO_PROXY, proxyServerType=HTTP, password=, proxyServerAddress=, proxyServerPort=0}"/>
         <property name="platform" value="Windows 7"/>
      </properties>
      <testcase name="Test Cases/Base/Activation_gmail" classname="Test Cases/Base/Activation_gmail" status="FAILED">
         <failure type="FAILED" message="Unable to verify object 'Object Repository/page_gmail/message_pass' is present (Root cause: com.kms.katalon.core.webui.exception.WebElementNotFoundException: Web element with id: 'Object Repository/page_gmail/message_pass' located by 'By.xpath: //div[@class = 'alert alert-success']' not found)"/>
         <system-out><![CDATA[2018-08-16 16:28:04 - [TEST_CASE][FAILED] - Test Cases/Base/Activation_gmail: Test Cases/Base/Activation_gmail FAILED because (of) Unable to verify object 'Object Repository/page_gmail/message_pass' is present (Root cause: com.kms.katalon.core.webui.exception.WebElementNotFoundException: Web element with id: 'Object Repository/page_gmail/message_pass' located by 'By.xpath: //div[@class = 'alert alert-success']' not found)

2018-08-16 16:28:05 - [TEST_STEP][PASSED] - openBrowser: Browser is opened with url: 'https://mail.google.com'

2018-08-16 16:28:10 - [MESSAGE][PASSED] - Browser is opened with url: 'https://mail.google.com'

2018-08-16 16:28:10 - [TEST_STEP][PASSED] - setText: Text 'test.cognitive@gmail.com' is set on object 'Object Repository/page_gmail/input_email'

2018-08-16 16:28:10 - [MESSAGE][PASSED] - Text 'test.cognitive@gmail.com' is set on object 'Object Repository/page_gmail/input_email'

2018-08-16 16:28:10 - [TEST_STEP][PASSED] - click: Object: 'Object Repository/page_gmail/span_next' is clicked on

2018-08-16 16:28:11 - [MESSAGE][PASSED] - Object: 'Object Repository/page_gmail/span_next' is clicked on

2018-08-16 16:28:11 - [TEST_STEP][PASSED] - waitForElementClickable: Object 'Object Repository/page_gmail/input_password' is clickable

2018-08-16 16:28:11 - [MESSAGE][PASSED] - Object 'Object Repository/page_gmail/input_password' is clickable

2018-08-16 16:28:11 - [TEST_STEP][PASSED] - setText: Text 'TestDepartment2016' is set on object 'Object Repository/page_gmail/input_password'

2018-08-16 16:28:11 - [MESSAGE][PASSED] - Text 'TestDepartment2016' is set on object 'Object Repository/page_gmail/input_password'

2018-08-16 16:28:11 - [TEST_STEP][NOT_RUN] - delay: NOT_RUN: delay

2018-08-16 16:28:11 - [MESSAGE][NOT_RUN] - NOT_RUN: delay

2018-08-16 16:28:11 - [TEST_STEP][PASSED] - waitForElementClickable: Object 'Object Repository/page_gmail/span_next' is clickable

2018-08-16 16:28:11 - [MESSAGE][PASSED] - Object 'Object Repository/page_gmail/span_next' is clickable

2018-08-16 16:28:11 - [TEST_STEP][PASSED] - click: Object: 'Object Repository/page_gmail/span_next' is clicked on

2018-08-16 16:28:16 - [MESSAGE][PASSED] - Object: 'Object Repository/page_gmail/span_next' is clicked on

2018-08-16 16:28:16 - [TEST_STEP][NOT_RUN] - sendKeys: NOT_RUN: sendKeys

2018-08-16 16:28:16 - [MESSAGE][NOT_RUN] - NOT_RUN: sendKeys

2018-08-16 16:28:16 - [TEST_STEP][PASSED] - click: Object: 'Object Repository/page_gmail/mail' is clicked on

2018-08-16 16:28:16 - [MESSAGE][PASSED] - Object: 'Object Repository/page_gmail/mail' is clicked on

2018-08-16 16:28:16 - [TEST_STEP][PASSED] - Statement - url_activation = com.kms.katalon.core.webui.keyword.WebUiBuiltInKeywords.getAttribute(com.kms.katalon.core.testobject.ObjectRepository.findTestObject(page_gmail/mail_url), "href"): Attribute 'href' of object 'Object Repository/page_gmail/mail_url' is: 'http://10.100.70.20/edo/Account/Confirm?actionName=register&actionUser=autoui80&actionKey=fd7c2e6f-0845-4435-8123-f6d7f06ee249'

2018-08-16 16:28:17 - [MESSAGE][PASSED] - Attribute 'href' of object 'Object Repository/page_gmail/mail_url' is: 'http://10.100.70.20/edo/Account/Confirm?actionName=register&actionUser=autoui80&actionKey=fd7c2e6f-0845-4435-8123-f6d7f06ee249'

2018-08-16 16:28:17 - [TEST_STEP][PASSED] - navigateToUrl: Navigate to 'http://10.100.70.20/edo/Account/Confirm?actionName=register&actionUser=autoui80&actionKey=fd7c2e6f-0845-4435-8123-f6d7f06ee249' successfully

2018-08-16 16:28:51 - [MESSAGE][PASSED] - Navigate to 'http://10.100.70.20/edo/Account/Confirm?actionName=register&actionUser=autoui80&actionKey=fd7c2e6f-0845-4435-8123-f6d7f06ee249' successfully

2018-08-16 16:28:51 - [TEST_STEP][FAILED] - verifyElementPresent: Unable to verify object 'Object Repository/page_gmail/message_pass' is present (Root cause: com.kms.katalon.core.webui.exception.WebElementNotFoundException: Web element with id: 'Object Repository/page_gmail/message_pass' located by 'By.xpath: //div[@class = 'alert alert-success']' not found)

2018-08-16 16:28:51 - [MESSAGE][WARNING] - Timeout '0' is invalid. Using default page load timeout: '60'

2018-08-16 16:29:52 - [MESSAGE][FAILED] - com.kms.katalon.core.webui.exception.WebElementNotFoundException: Web element with id: 'Object Repository/page_gmail/message_pass' located by 'By.xpath: //div[@class = 'alert alert-success']' not found
[[ATTACHMENT|T:\\Katalon Studio\\E1\\Reports\\Scenario1\\Activation_gmail\\20180816_162717\\1534426192322.png]]

2018-08-16 16:29:52 - [MESSAGE][FAILED] - Unable to verify object 'Object Repository/page_gmail/message_pass' is present (Root cause: com.kms.katalon.core.webui.exception.WebElementNotFoundException: Web element with id: 'Object Repository/page_gmail/message_pass' located by 'By.xpath: //div[@class = 'alert alert-success']' not found)
[[ATTACHMENT|T:\\Katalon Studio\\E1\\Reports\\Scenario1\\Activation_gmail\\20180816_162717\\1534426192382.png]]]]></system-out>
         <system-err><![CDATA[2018-08-16 16:28:04 - [TEST_CASE][FAILED] - Test Cases/Base/Activation_gmail: Test Cases/Base/Activation_gmail FAILED because (of) Unable to verify object 'Object Repository/page_gmail/message_pass' is present (Root cause: com.kms.katalon.core.webui.exception.WebElementNotFoundException: Web element with id: 'Object Repository/page_gmail/message_pass' located by 'By.xpath: //div[@class = 'alert alert-success']' not found)]]></system-err>
      </testcase>
      <system-out><![CDATA[2018-08-16 16:28:04 - [TEST_SUITE][FAILED] - Activation_gmail: Test Cases/Base/Activation_gmail FAILED because (of) Unable to verify object 'Object Repository/page_gmail/message_pass' is present (Root cause: com.kms.katalon.core.webui.exception.WebElementNotFoundException: Web element with id: 'Object Repository/page_gmail/message_pass' located by 'By.xpath: //div[@class = 'alert alert-success']' not found)]]></system-out>
      <system-err><![CDATA[2018-08-16 16:28:04 - [TEST_SUITE][FAILED] - Activation_gmail: Test Cases/Base/Activation_gmail FAILED because (of) Unable to verify object 'Object Repository/page_gmail/message_pass' is present (Root cause: com.kms.katalon.core.webui.exception.WebElementNotFoundException: Web element with id: 'Object Repository/page_gmail/message_pass' located by 'By.xpath: //div[@class = 'alert alert-success']' not found)]]></system-err>
   </testsuite>
</testsuites>
