<?xml version="1.0" encoding="UTF-8"?>
<testsuites name="New Test Suite" time="11" tests="0" failures="1" errors="0">
   <testsuite name="New Test Suite" tests="0" failures="1" errors="0" time="11" timestamp="2018-08-16 16:37:42" hostname="ex64 - ex64" id="Test Suites/TEST/New Test Suite">
      <properties>
         <property name="deviceName" value=""/>
         <property name="devicePlatform" value=""/>
         <property name="logFolder" value="T:\\Katalon Studio\\E1\\Reports\\TEST\\New Test Suite\\20180816_163741"/>
         <property name="logFiles" value="T:\\Katalon Studio\\E1\\Reports\\TEST\\New Test Suite\\20180816_163741\\execution0.log"/>
         <property name="attachments" value="T:\\Katalon Studio\\E1\\Reports\\TEST\\New Test Suite\\20180816_163741\\1534426671415.png"/>
         <property name="hostName" value="ex64 - ex64"/>
         <property name="os" value="Windows 7 64bit"/>
         <property name="katalonVersion" value="5.6.0.1"/>
         <property name="browser" value="Firefox 61.0"/>
         <property name="hostAddress" value="192.168.20.109"/>
         <property name="sessionId" value="76b5cc73-1d8b-4a54-aa30-fcc1aa34868a"/>
         <property name="seleniumVersion" value="3.7.1"/>
         <property name="proxyInformation" value="ProxyInformation{proxyOption=NO_PROXY, proxyServerType=HTTP, password=, proxyServerAddress=, proxyServerPort=0}"/>
         <property name="platform" value="Windows 7"/>
      </properties>
      <testcase name="Test Cases/Base/Create budget" classname="Test Cases/Base/Create budget" status="FAILED">
         <failure type="FAILED" message="Unable to set text 'null' of object 'Object Repository/page_authorization/input_login' (Root cause: java.lang.IllegalArgumentException: Text is null)"/>
         <system-out><![CDATA[2018-08-16 16:37:42 - [TEST_CASE][FAILED] - Test Cases/Base/Create budget: Test Cases/Base/Create budget FAILED because (of) Unable to set text 'null' of object 'Object Repository/page_authorization/input_login' (Root cause: java.lang.IllegalArgumentException: Text is null)

2018-08-16 16:37:42 - [TEST_STEP][FAILED] - callTestCase: Unable to call Test Case with id 'Test Cases/Base/Authorization' (Root cause: Call Test Case 'Test Cases/Base/Authorization' failed)

2018-08-16 16:37:43 - [TEST_CASE][FAILED] - Test Cases/Base/Authorization: Test Cases/Base/Authorization FAILED because (of) Unable to set text 'null' of object 'Object Repository/page_authorization/input_login' (Root cause: java.lang.IllegalArgumentException: Text is null)

2018-08-16 16:37:43 - [TEST_STEP][PASSED] - openBrowser: Browser is opened with url: 'http://10.100.70.20/edo'

2018-08-16 16:37:51 - [MESSAGE][PASSED] - Browser is opened with url: 'http://10.100.70.20/edo'

2018-08-16 16:37:51 - [TEST_STEP][PASSED] - maximizeWindow: Current window maximized

2018-08-16 16:37:51 - [MESSAGE][PASSED] - Current window maximized

2018-08-16 16:37:51 - [TEST_STEP][PASSED] - verifyElementPresent: Object 'Object Repository/page_authorization/input_login' is present

2018-08-16 16:37:51 - [MESSAGE][WARNING] - Timeout '0' is invalid. Using default page load timeout: '60'

2018-08-16 16:37:51 - [MESSAGE][PASSED] - Object 'Object Repository/page_authorization/input_login' is present

2018-08-16 16:37:51 - [TEST_STEP][PASSED] - verifyElementPresent: Object 'Object Repository/page_authorization/input_password' is present

2018-08-16 16:37:51 - [MESSAGE][WARNING] - Timeout '0' is invalid. Using default page load timeout: '60'

2018-08-16 16:37:51 - [MESSAGE][PASSED] - Object 'Object Repository/page_authorization/input_password' is present

2018-08-16 16:37:51 - [TEST_STEP][PASSED] - verifyElementPresent: Object 'Object Repository/page_authorization/button_come' is present

2018-08-16 16:37:51 - [MESSAGE][WARNING] - Timeout '0' is invalid. Using default page load timeout: '60'

2018-08-16 16:37:51 - [MESSAGE][PASSED] - Object 'Object Repository/page_authorization/button_come' is present

2018-08-16 16:37:51 - [TEST_STEP][PASSED] - verifyElementPresent: Object 'Object Repository/page_authorization/button_comeEP' is present

2018-08-16 16:37:51 - [MESSAGE][WARNING] - Timeout '0' is invalid. Using default page load timeout: '60'

2018-08-16 16:37:51 - [MESSAGE][PASSED] - Object 'Object Repository/page_authorization/button_comeEP' is present

2018-08-16 16:37:51 - [TEST_STEP][PASSED] - verifyElementPresent: Object 'Object Repository/page_authorization/a_registry' is present

2018-08-16 16:37:51 - [MESSAGE][WARNING] - Timeout '0' is invalid. Using default page load timeout: '60'

2018-08-16 16:37:51 - [MESSAGE][PASSED] - Object 'Object Repository/page_authorization/a_registry' is present

2018-08-16 16:37:51 - [TEST_STEP][PASSED] - verifyElementPresent: Object 'Object Repository/page_authorization/a_passwordRecovery' is present

2018-08-16 16:37:51 - [MESSAGE][WARNING] - Timeout '0' is invalid. Using default page load timeout: '60'

2018-08-16 16:37:51 - [MESSAGE][PASSED] - Object 'Object Repository/page_authorization/a_passwordRecovery' is present

2018-08-16 16:37:51 - [TEST_STEP][FAILED] - setText: Unable to set text 'null' of object 'Object Repository/page_authorization/input_login' (Root cause: java.lang.IllegalArgumentException: Text is null)

2018-08-16 16:37:51 - [MESSAGE][FAILED] - Unable to set text 'null' of object 'Object Repository/page_authorization/input_login' (Root cause: java.lang.IllegalArgumentException: Text is null)
[[ATTACHMENT|T:\\Katalon Studio\\E1\\Reports\\TEST\\New Test Suite\\20180816_163741\\1534426671415.png]]

2018-08-16 16:37:51 - [MESSAGE][FAILED] - Unable to call Test Case with id 'Test Cases/Base/Authorization' (Root cause: Call Test Case 'Test Cases/Base/Authorization' failed)]]></system-out>
         <system-err><![CDATA[2018-08-16 16:37:42 - [TEST_CASE][FAILED] - Test Cases/Base/Create budget: Test Cases/Base/Create budget FAILED because (of) Unable to set text 'null' of object 'Object Repository/page_authorization/input_login' (Root cause: java.lang.IllegalArgumentException: Text is null)]]></system-err>
      </testcase>
      <system-out><![CDATA[2018-08-16 16:37:42 - [TEST_SUITE][FAILED] - New Test Suite: Test Cases/Base/Create budget FAILED because (of) Unable to set text 'null' of object 'Object Repository/page_authorization/input_login' (Root cause: java.lang.IllegalArgumentException: Text is null)]]></system-out>
      <system-err><![CDATA[2018-08-16 16:37:42 - [TEST_SUITE][FAILED] - New Test Suite: Test Cases/Base/Create budget FAILED because (of) Unable to set text 'null' of object 'Object Repository/page_authorization/input_login' (Root cause: java.lang.IllegalArgumentException: Text is null)]]></system-err>
   </testsuite>
</testsuites>
