<?xml version="1.0" encoding="UTF-8"?>
<testsuites name="Route_execute PZ" time="210" tests="0" failures="1" errors="0">
   <testsuite name="Route_execute PZ" tests="0" failures="1" errors="0" time="210" timestamp="2018-08-28 13:59:33" hostname="ex64 - ex64" id="Test Suites/Scenario1/Route_execute PZ">
      <properties>
         <property name="deviceName" value=""/>
         <property name="devicePlatform" value=""/>
         <property name="logFolder" value="T:\\Katalon Studio\\E1\\Reports\\Scenario1\\Route_execute PZ\\20180828_134430"/>
         <property name="logFiles" value="T:\\Katalon Studio\\E1\\Reports\\Scenario1\\Route_execute PZ\\20180828_134430\\execution0.log"/>
         <property name="attachments" value="T:\\Katalon Studio\\E1\\Reports\\Scenario1\\Route_execute PZ\\20180828_134430\\1535454120157.png, T:\\Katalon Studio\\E1\\Reports\\Scenario1\\Route_execute PZ\\20180828_134430\\1535454181277.png"/>
         <property name="hostName" value="ex64 - ex64"/>
         <property name="os" value="Windows 7 64bit"/>
         <property name="katalonVersion" value="5.6.1.1"/>
         <property name="browser" value="Firefox 61.0"/>
         <property name="hostAddress" value="192.168.20.109"/>
         <property name="sessionId" value="cfeb3308-19f1-4f2b-a05b-ae30ea57c05d"/>
         <property name="seleniumVersion" value="3.7.1"/>
         <property name="proxyInformation" value="ProxyInformation{proxyOption=NO_PROXY, proxyServerType=HTTP, password=, proxyServerAddress=, proxyServerPort=0}"/>
         <property name="platform" value="Windows 7"/>
      </properties>
      <testcase name="Test Cases/Base/Purchase plan/Route_execute PZ" classname="Test Cases/Base/Purchase plan/Route_execute PZ" status="FAILED">
         <failure type="FAILED" message="Unable to click on object 'Object Repository/DOCUMENT/Toolbar_horizon/btn_senToEIS' (Root cause: com.kms.katalon.core.webui.exception.WebElementNotFoundException: Web element with id: 'Object Repository/DOCUMENT/Toolbar_horizon/btn_senToEIS' located by 'By.xpath: //a[(text() = 'Опубликовать в ЕИС' or . = 'Опубликовать в ЕИС')]' not found)"/>
         <system-out><![CDATA[2018-08-28 13:59:33 - [TEST_CASE][FAILED] - Test Cases/Base/Purchase plan/Route_execute PZ: Test Cases/Base/Purchase plan/Route_execute PZ FAILED because (of) Unable to click on object 'Object Repository/DOCUMENT/Toolbar_horizon/btn_senToEIS' (Root cause: com.kms.katalon.core.webui.exception.WebElementNotFoundException: Web element with id: 'Object Repository/DOCUMENT/Toolbar_horizon/btn_senToEIS' located by 'By.xpath: //a[(text() = 'Опубликовать в ЕИС' or . = 'Опубликовать в ЕИС')]' not found)

2018-08-28 13:59:33 - [TEST_STEP][PASSED] - callTestCase: Call Test Case 'Test Cases/Base/Authorization' successfully

2018-08-28 13:59:34 - [TEST_CASE][PASSED] - Test Cases/Base/Authorization: Test Cases/Base/Authorization

2018-08-28 13:59:34 - [TEST_STEP][PASSED] - openBrowser: Browser is opened with url: 'http://10.100.70.20/edo'

2018-08-28 13:59:43 - [MESSAGE][PASSED] - Browser is opened with url: 'http://10.100.70.20/edo'

2018-08-28 13:59:43 - [TEST_STEP][PASSED] - deleteAllCookies: Delete all cookies successfully

2018-08-28 13:59:43 - [MESSAGE][PASSED] - Delete all cookies successfully

2018-08-28 13:59:43 - [TEST_STEP][PASSED] - refresh: Refresh successfully

2018-08-28 13:59:45 - [MESSAGE][PASSED] - Refresh successfully

2018-08-28 13:59:45 - [TEST_STEP][PASSED] - maximizeWindow: Current window maximized

2018-08-28 13:59:46 - [MESSAGE][PASSED] - Current window maximized

2018-08-28 13:59:46 - [TEST_STEP][PASSED] - setText: Text 'autoui202' is set on object 'Object Repository/page_authorization/input_login'

2018-08-28 13:59:46 - [MESSAGE][PASSED] - Text 'autoui202' is set on object 'Object Repository/page_authorization/input_login'

2018-08-28 13:59:46 - [TEST_STEP][PASSED] - setText: Text 'Gfhjkm123' is set on object 'Object Repository/page_authorization/input_password'

2018-08-28 13:59:46 - [MESSAGE][PASSED] - Text 'Gfhjkm123' is set on object 'Object Repository/page_authorization/input_password'

2018-08-28 13:59:46 - [TEST_STEP][PASSED] - click: Object: 'Object Repository/page_authorization/button_come' is clicked on

2018-08-28 13:59:48 - [MESSAGE][PASSED] - Object: 'Object Repository/page_authorization/button_come' is clicked on

2018-08-28 13:59:48 - [TEST_STEP][PASSED] - waitForElementPresent: Object 'Object Repository/page_home/span_exit' is present

2018-08-28 13:59:48 - [MESSAGE][PASSED] - Object 'Object Repository/page_home/span_exit' is present

2018-08-28 13:59:48 - [MESSAGE][PASSED] - Call Test Case 'Test Cases/Base/Authorization' successfully

2018-08-28 13:59:48 - [TEST_STEP][PASSED] - callTestCase: Call Test Case 'Test Cases/Base/Purchase plan/Open purchase plan' successfully

2018-08-28 13:59:48 - [TEST_CASE][PASSED] - Test Cases/Base/Purchase plan/Open purchase plan: Test Cases/Base/Purchase plan/Open purchase plan

2018-08-28 13:59:49 - [TEST_STEP][PASSED] - waitForElementPresent: Object 'Object Repository/page_home/span_planning' is present

2018-08-28 13:59:49 - [MESSAGE][PASSED] - Object 'Object Repository/page_home/span_planning' is present

2018-08-28 13:59:49 - [TEST_STEP][PASSED] - click: Object: 'Object Repository/page_home/span_planning' is clicked on

2018-08-28 13:59:51 - [MESSAGE][PASSED] - Object: 'Object Repository/page_home/span_planning' is clicked on

2018-08-28 13:59:51 - [TEST_STEP][PASSED] - waitForElementPresent: Object 'Object Repository/menu_planning/a_purchasePlan' is present

2018-08-28 13:59:51 - [MESSAGE][PASSED] - Object 'Object Repository/menu_planning/a_purchasePlan' is present

2018-08-28 13:59:51 - [TEST_STEP][PASSED] - click: Object: 'Object Repository/menu_planning/a_purchasePlan' is clicked on

2018-08-28 13:59:53 - [MESSAGE][PASSED] - Object: 'Object Repository/menu_planning/a_purchasePlan' is clicked on

2018-08-28 13:59:53 - [TEST_STEP][PASSED] - Statement - new_object = com.kms.katalon.core.webui.keyword.WebUiBuiltInKeywords.modifyObjectProperty(com.kms.katalon.core.testobject.ObjectRepository.findTestObject(DOCUMENT/object), "text", "equals", BudgetYear, true): Modify property of object successfully

2018-08-28 13:59:53 - [MESSAGE][PASSED] - Modify property of object successfully

2018-08-28 13:59:53 - [TEST_STEP][PASSED] - waitForElementPresent: Object 'Object Repository/DOCUMENT/object' is present

2018-08-28 13:59:53 - [MESSAGE][PASSED] - Object 'Object Repository/DOCUMENT/object' is present

2018-08-28 13:59:53 - [TEST_STEP][PASSED] - Statement - url_object = com.kms.katalon.core.webui.keyword.WebUiBuiltInKeywords.getAttribute(new_object, "href"): Attribute 'href' of object 'Object Repository/DOCUMENT/object' is: 'http://10.100.70.20/edo/Search/DocumentView/25302?searchTemplateName=SearchMenu'

2018-08-28 13:59:54 - [MESSAGE][PASSED] - Attribute 'href' of object 'Object Repository/DOCUMENT/object' is: 'http://10.100.70.20/edo/Search/DocumentView/25302?searchTemplateName=SearchMenu'

2018-08-28 13:59:54 - [TEST_STEP][PASSED] - navigateToUrl: Navigate to 'http://10.100.70.20/edo/Search/DocumentView/25302?searchTemplateName=SearchMenu' successfully

2018-08-28 13:59:56 - [MESSAGE][PASSED] - Navigate to 'http://10.100.70.20/edo/Search/DocumentView/25302?searchTemplateName=SearchMenu' successfully

2018-08-28 13:59:56 - [MESSAGE][PASSED] - Call Test Case 'Test Cases/Base/Purchase plan/Open purchase plan' successfully

2018-08-28 13:59:56 - [TEST_STEP][FAILED] - callTestCase: Unable to call Test Case with id 'Test Cases/Base/EIS/Send to EIS' (Root cause: Call Test Case 'Test Cases/Base/EIS/Send to EIS' failed)

2018-08-28 13:59:56 - [TEST_CASE][FAILED] - Test Cases/Base/EIS/Send to EIS: Test Cases/Base/EIS/Send to EIS FAILED because (of) Unable to click on object 'Object Repository/DOCUMENT/Toolbar_horizon/btn_senToEIS' (Root cause: com.kms.katalon.core.webui.exception.WebElementNotFoundException: Web element with id: 'Object Repository/DOCUMENT/Toolbar_horizon/btn_senToEIS' located by 'By.xpath: //a[(text() = 'Опубликовать в ЕИС' or . = 'Опубликовать в ЕИС')]' not found)

2018-08-28 13:59:56 - [TEST_STEP][FAILED] - click: Unable to click on object 'Object Repository/DOCUMENT/Toolbar_horizon/btn_senToEIS' (Root cause: com.kms.katalon.core.webui.exception.WebElementNotFoundException: Web element with id: 'Object Repository/DOCUMENT/Toolbar_horizon/btn_senToEIS' located by 'By.xpath: //a[(text() = 'Опубликовать в ЕИС' or . = 'Опубликовать в ЕИС')]' not found)

2018-08-28 14:02:00 - [MESSAGE][FAILED] - Unable to click on object 'Object Repository/DOCUMENT/Toolbar_horizon/btn_senToEIS' (Root cause: com.kms.katalon.core.webui.exception.WebElementNotFoundException: Web element with id: 'Object Repository/DOCUMENT/Toolbar_horizon/btn_senToEIS' located by 'By.xpath: //a[(text() = 'Опубликовать в ЕИС' or . = 'Опубликовать в ЕИС')]' not found)
[[ATTACHMENT|T:\\Katalon Studio\\E1\\Reports\\Scenario1\\Route_execute PZ\\20180828_134430\\1535454120157.png]]

2018-08-28 14:02:00 - [MESSAGE][FAILED] - Unable to call Test Case with id 'Test Cases/Base/EIS/Send to EIS' (Root cause: Call Test Case 'Test Cases/Base/EIS/Send to EIS' failed)

2018-08-28 14:02:00 - [TEST_STEP][PASSED] - waitForElementPresent: Object 'Object Repository/DOCUMENT/Toolbar_vertical/menu_route' is present

2018-08-28 14:02:00 - [MESSAGE][PASSED] - Object 'Object Repository/DOCUMENT/Toolbar_vertical/menu_route' is present

2018-08-28 14:02:00 - [TEST_STEP][PASSED] - click: Object: 'Object Repository/DOCUMENT/Toolbar_vertical/menu_route' is clicked on

2018-08-28 14:02:00 - [MESSAGE][PASSED] - Object: 'Object Repository/DOCUMENT/Toolbar_vertical/menu_route' is clicked on

2018-08-28 14:02:00 - [TEST_STEP][FAILED] - waitForElementPresent: Unable to wait for object 'Object Repository/routs/route_menu' to be present (Root cause: org.openqa.selenium.InvalidSelectorException: Given xpath expression "" is invalid: SyntaxError: The expression is not a legal expression.
For documentation on this error, please visit: http://seleniumhq.org/exceptions/invalid_selector_exception.html
Build info: version: '3.7.1', revision: '8a0099a', time: '2017-11-06T21:07:36.161Z'
System info: host: 'EX64', ip: '192.168.20.109', os.name: 'Windows 7', os.arch: 'amd64', os.version: '6.1', java.version: '1.8.0_102'
Driver info: com.kms.katalon.core.webui.driver.firefox.CGeckoDriver
Capabilities {acceptInsecureCerts: true, browserName: firefox, browserVersion: 61.0.2, javascriptEnabled: true, moz:accessibilityChecks: false, moz:headless: false, moz:processID: 16720, moz:profile: C:\Users\ex64\AppData\Local..., moz:useNonSpecCompliantPointerOrigin: false, moz:webdriverClick: true, pageLoadStrategy: normal, platform: XP, platformName: XP, platformVersion: 6.1, proxy: Proxy(direct), rotatable: false, timeouts: {implicit: 0, pageLoad: 300000, script: 30000}}
Session ID: cfeb3308-19f1-4f2b-a05b-ae30ea57c05d
*** Element info: {Using=xpath, value=})

2018-08-28 14:03:01 - [MESSAGE][FAILED] - Unable to wait for object 'Object Repository/routs/route_menu' to be present (Root cause: org.openqa.selenium.InvalidSelectorException: Given xpath expression "" is invalid: SyntaxError: The expression is not a legal expression.
For documentation on this error, please visit: http://seleniumhq.org/exceptions/invalid_selector_exception.html
Build info: version: '3.7.1', revision: '8a0099a', time: '2017-11-06T21:07:36.161Z'
System info: host: 'EX64', ip: '192.168.20.109', os.name: 'Windows 7', os.arch: 'amd64', os.version: '6.1', java.version: '1.8.0_102'
Driver info: com.kms.katalon.core.webui.driver.firefox.CGeckoDriver
Capabilities {acceptInsecureCerts: true, browserName: firefox, browserVersion: 61.0.2, javascriptEnabled: true, moz:accessibilityChecks: false, moz:headless: false, moz:processID: 16720, moz:profile: C:\Users\ex64\AppData\Local..., moz:useNonSpecCompliantPointerOrigin: false, moz:webdriverClick: true, pageLoadStrategy: normal, platform: XP, platformName: XP, platformVersion: 6.1, proxy: Proxy(direct), rotatable: false, timeouts: {implicit: 0, pageLoad: 300000, script: 30000}}
Session ID: cfeb3308-19f1-4f2b-a05b-ae30ea57c05d
*** Element info: {Using=xpath, value=})
[[ATTACHMENT|T:\\Katalon Studio\\E1\\Reports\\Scenario1\\Route_execute PZ\\20180828_134430\\1535454181277.png]]]]></system-out>
         <system-err><![CDATA[2018-08-28 13:59:33 - [TEST_CASE][FAILED] - Test Cases/Base/Purchase plan/Route_execute PZ: Test Cases/Base/Purchase plan/Route_execute PZ FAILED because (of) Unable to click on object 'Object Repository/DOCUMENT/Toolbar_horizon/btn_senToEIS' (Root cause: com.kms.katalon.core.webui.exception.WebElementNotFoundException: Web element with id: 'Object Repository/DOCUMENT/Toolbar_horizon/btn_senToEIS' located by 'By.xpath: //a[(text() = 'Опубликовать в ЕИС' or . = 'Опубликовать в ЕИС')]' not found)]]></system-err>
      </testcase>
      <system-out><![CDATA[2018-08-28 13:59:33 - [TEST_SUITE][FAILED] - Route_execute PZ: Test Cases/Base/Purchase plan/Route_execute PZ FAILED because (of) Unable to click on object 'Object Repository/DOCUMENT/Toolbar_horizon/btn_senToEIS' (Root cause: com.kms.katalon.core.webui.exception.WebElementNotFoundException: Web element with id: 'Object Repository/DOCUMENT/Toolbar_horizon/btn_senToEIS' located by 'By.xpath: //a[(text() = 'Опубликовать в ЕИС' or . = 'Опубликовать в ЕИС')]' not found)]]></system-out>
      <system-err><![CDATA[2018-08-28 13:59:33 - [TEST_SUITE][FAILED] - Route_execute PZ: Test Cases/Base/Purchase plan/Route_execute PZ FAILED because (of) Unable to click on object 'Object Repository/DOCUMENT/Toolbar_horizon/btn_senToEIS' (Root cause: com.kms.katalon.core.webui.exception.WebElementNotFoundException: Web element with id: 'Object Repository/DOCUMENT/Toolbar_horizon/btn_senToEIS' located by 'By.xpath: //a[(text() = 'Опубликовать в ЕИС' or . = 'Опубликовать в ЕИС')]' not found)]]></system-err>
   </testsuite>
</testsuites>
