{"devicePlatform":"","logFolder":"T:\\Katalon Studio\\E1\\Reports\\TEST\\New Test Suite\\20180809_161728","runData":{"hostName":"ex64 - ex64","os":"Windows 7 64bit","katalonVersion":"5.6.0.1","browser":"Firefox 61.0","hostAddress":"192.168.20.109","sessionId":"e6b9f09d-be37-4794-9d14-a1a5b666fc4e","seleniumVersion":"3.7.1","proxyInformation":"ProxyInformation{proxyOption\u003dNO_PROXY, proxyServerType\u003dHTTP, password\u003d, proxyServerAddress\u003d, proxyServerPort\u003d0}","platform":"Windows 7"},"type":"TEST_SUITE","name":"New Test Suite","id":"Test Suites/TEST/New Test Suite","source":"","message":"Test Cases/Base/Activation FAILED because (of) Unable to verify object \u0027Object Repository/page_home/span_myTasks\u0027 is present (Root cause: com.kms.katalon.core.webui.exception.WebElementNotFoundException: Web element with id: \u0027Object Repository/page_home/span_myTasks\u0027 located by \u0027By.xpath: //span[(text() \u003d \u0027Мои задачи\u0027 or . \u003d \u0027Мои задачи\u0027)]\u0027 not found)","description":"","startTime":1533820649589,"endTime":1533820694383,"childRecords":[{"isOptional":false,"type":"TEST_CASE","name":"Test Cases/Base/Activation","id":"Test Cases/Base/Activation","source":"T:\\\\Katalon Studio\\\\E1\\\\Test Cases\\\\Base\\\\Activation.tc","message":"Test Cases/Base/Activation FAILED because (of) Unable to verify object \u0027Object Repository/page_home/span_myTasks\u0027 is present (Root cause: com.kms.katalon.core.webui.exception.WebElementNotFoundException: Web element with id: \u0027Object Repository/page_home/span_myTasks\u0027 located by \u0027By.xpath: //span[(text() \u003d \u0027Мои задачи\u0027 or . \u003d \u0027Мои задачи\u0027)]\u0027 not found)","description":"Активация нового пользователя","startTime":1533820649816,"endTime":1533820693985,"childRecords":[{"testStatus":{"stackTrace":"","statusValue":"INFO"},"type":"MESSAGE","name":"","message":"Evaluating variables for test case","startTime":1533820649829,"endTime":0,"childRecords":[],"interuppted":false},{"index":1,"isIgnoredIfFailed":false,"type":"TEST_STEP","name":"callTestCase","message":"Unable to call Test Case with id \u0027Test Cases/Base/Authorization\u0027 (Root cause: Call Test Case \u0027Test Cases/Base/Authorization\u0027 failed)","description":"Авторизация администратором","startTime":1533820650074,"endTime":1533820693984,"childRecords":[{"isOptional":false,"type":"TEST_CASE","name":"Test Cases/Base/Authorization","id":"Test Cases/Base/Authorization","source":"T:\\\\Katalon Studio\\\\E1\\\\Test Cases\\\\Base\\\\Authorization.tc","message":"Test Cases/Base/Authorization FAILED because (of) Unable to verify object \u0027Object Repository/page_home/span_myTasks\u0027 is present (Root cause: com.kms.katalon.core.webui.exception.WebElementNotFoundException: Web element with id: \u0027Object Repository/page_home/span_myTasks\u0027 located by \u0027By.xpath: //span[(text() \u003d \u0027Мои задачи\u0027 or . \u003d \u0027Мои задачи\u0027)]\u0027 not found)","description":"","startTime":1533820650173,"endTime":1533820693981,"childRecords":[{"testStatus":{"stackTrace":"","statusValue":"INFO"},"type":"MESSAGE","name":"","message":"Evaluating variables for test case","startTime":1533820650188,"endTime":0,"childRecords":[],"interuppted":false},{"testStatus":{"stackTrace":"","statusValue":"INFO"},"type":"MESSAGE","name":"","message":"Variable \u0027login\u0027 is set to {} as default","startTime":1533820650215,"endTime":0,"childRecords":[],"interuppted":false},{"testStatus":{"stackTrace":"","statusValue":"INFO"},"type":"MESSAGE","name":"","message":"Checking test data id","startTime":1533820650227,"endTime":0,"childRecords":[],"interuppted":false},{"testStatus":{"stackTrace":"","statusValue":"INFO"},"type":"MESSAGE","name":"","message":"Finding test data with id \u0027Data Files/Excel/Authorization\u0027","startTime":1533820650230,"endTime":0,"childRecords":[],"interuppted":false},{"testStatus":{"stackTrace":"","statusValue":"WARNING"},"type":"MESSAGE","name":"","message":"Unable to set variable \u0027password\u0027 for test case because (of) Cannot find test data with id \u0027Data Files/Excel/Authorization\u0027 because (of) \u0027java.lang.IllegalArgumentException: Test data with id \u0027Data Files/Excel/Authorization\u0027 does not exist\u0027","startTime":1533820650232,"endTime":0,"childRecords":[],"interuppted":false},{"index":1,"isIgnoredIfFailed":false,"type":"TEST_STEP","name":"openBrowser","message":"Browser is opened with url: \u0027http://10.100.70.20/edo\u0027","description":"Переход на тестовый стенд","startTime":1533820650340,"endTime":1533820656822,"childRecords":[{"testStatus":{"stackTrace":"","statusValue":"PASSED"},"type":"MESSAGE","name":"","message":"Browser is opened with url: \u0027http://10.100.70.20/edo\u0027","startTime":1533820656822,"endTime":0,"childRecords":[],"interuppted":false}],"interuppted":false},{"index":2,"isIgnoredIfFailed":false,"type":"TEST_STEP","name":"maximizeWindow","message":"Current window maximized","description":"Максимальный экран браузера","startTime":1533820656823,"endTime":1533820656915,"childRecords":[{"testStatus":{"stackTrace":"","statusValue":"PASSED"},"type":"MESSAGE","name":"","message":"Current window maximized","startTime":1533820656913,"endTime":0,"childRecords":[],"interuppted":false}],"interuppted":false},{"index":3,"isIgnoredIfFailed":false,"type":"TEST_STEP","name":"verifyElementPresent","message":"Object \u0027Object Repository/page_authorization/input_login\u0027 is present","description":"Проверка наличия поля \"Имя пользователя\"","startTime":1533820656915,"endTime":1533820656988,"childRecords":[{"testStatus":{"stackTrace":"","statusValue":"WARNING"},"type":"MESSAGE","name":"","message":"Timeout \u00270\u0027 is invalid. Using default page load timeout: \u002730\u0027","startTime":1533820656961,"endTime":0,"childRecords":[],"interuppted":false},{"testStatus":{"stackTrace":"","statusValue":"PASSED"},"type":"MESSAGE","name":"","message":"Object \u0027Object Repository/page_authorization/input_login\u0027 is present","startTime":1533820656988,"endTime":0,"childRecords":[],"interuppted":false}],"interuppted":false},{"index":4,"isIgnoredIfFailed":false,"type":"TEST_STEP","name":"verifyElementPresent","message":"Object \u0027Object Repository/page_authorization/input_password\u0027 is present","description":"Проверка наличия поля \"Пароль\"","startTime":1533820656989,"endTime":1533820657020,"childRecords":[{"testStatus":{"stackTrace":"","statusValue":"WARNING"},"type":"MESSAGE","name":"","message":"Timeout \u00270\u0027 is invalid. Using default page load timeout: \u002730\u0027","startTime":1533820656993,"endTime":0,"childRecords":[],"interuppted":false},{"testStatus":{"stackTrace":"","statusValue":"PASSED"},"type":"MESSAGE","name":"","message":"Object \u0027Object Repository/page_authorization/input_password\u0027 is present","startTime":1533820657004,"endTime":0,"childRecords":[],"interuppted":false}],"interuppted":false},{"index":5,"isIgnoredIfFailed":false,"type":"TEST_STEP","name":"verifyElementPresent","message":"Object \u0027Object Repository/page_authorization/button_come\u0027 is present","description":"Проверка наличия кнопки \"Войти\"","startTime":1533820657021,"endTime":1533820657045,"childRecords":[{"testStatus":{"stackTrace":"","statusValue":"WARNING"},"type":"MESSAGE","name":"","message":"Timeout \u00270\u0027 is invalid. Using default page load timeout: \u002730\u0027","startTime":1533820657033,"endTime":0,"childRecords":[],"interuppted":false},{"testStatus":{"stackTrace":"","statusValue":"PASSED"},"type":"MESSAGE","name":"","message":"Object \u0027Object Repository/page_authorization/button_come\u0027 is present","startTime":1533820657044,"endTime":0,"childRecords":[],"interuppted":false}],"interuppted":false},{"index":6,"isIgnoredIfFailed":false,"type":"TEST_STEP","name":"verifyElementPresent","message":"Object \u0027Object Repository/page_authorization/button_comeEP\u0027 is present","description":"Проверка наличия кнопки \"Войти по ЭП\"","startTime":1533820657045,"endTime":1533820657060,"childRecords":[{"testStatus":{"stackTrace":"","statusValue":"WARNING"},"type":"MESSAGE","name":"","message":"Timeout \u00270\u0027 is invalid. Using default page load timeout: \u002730\u0027","startTime":1533820657049,"endTime":0,"childRecords":[],"interuppted":false},{"testStatus":{"stackTrace":"","statusValue":"PASSED"},"type":"MESSAGE","name":"","message":"Object \u0027Object Repository/page_authorization/button_comeEP\u0027 is present","startTime":1533820657060,"endTime":0,"childRecords":[],"interuppted":false}],"interuppted":false},{"index":7,"isIgnoredIfFailed":false,"type":"TEST_STEP","name":"verifyElementPresent","message":"Object \u0027Object Repository/page_authorization/a_registry\u0027 is present","description":"Проверка наличия ссылки \"Регистрация\"","startTime":1533820657061,"endTime":1533820657100,"childRecords":[{"testStatus":{"stackTrace":"","statusValue":"WARNING"},"type":"MESSAGE","name":"","message":"Timeout \u00270\u0027 is invalid. Using default page load timeout: \u002730\u0027","startTime":1533820657072,"endTime":0,"childRecords":[],"interuppted":false},{"testStatus":{"stackTrace":"","statusValue":"PASSED"},"type":"MESSAGE","name":"","message":"Object \u0027Object Repository/page_authorization/a_registry\u0027 is present","startTime":1533820657099,"endTime":0,"childRecords":[],"interuppted":false}],"interuppted":false},{"index":8,"isIgnoredIfFailed":false,"type":"TEST_STEP","name":"verifyElementPresent","message":"Object \u0027Object Repository/page_authorization/a_passwordRecovery\u0027 is present","description":"Проверка наличия ссылки \"Восстановление пароля\"","startTime":1533820657100,"endTime":1533820657123,"childRecords":[{"testStatus":{"stackTrace":"","statusValue":"WARNING"},"type":"MESSAGE","name":"","message":"Timeout \u00270\u0027 is invalid. Using default page load timeout: \u002730\u0027","startTime":1533820657110,"endTime":0,"childRecords":[],"interuppted":false},{"testStatus":{"stackTrace":"","statusValue":"PASSED"},"type":"MESSAGE","name":"","message":"Object \u0027Object Repository/page_authorization/a_passwordRecovery\u0027 is present","startTime":1533820657122,"endTime":0,"childRecords":[],"interuppted":false}],"interuppted":false},{"index":9,"isIgnoredIfFailed":false,"type":"TEST_STEP","name":"setText","message":"Text \u0027aaermolin\u0027 is set on object \u0027Object Repository/page_authorization/input_login\u0027","description":"Ввод логина","startTime":1533820657123,"endTime":1533820657419,"childRecords":[{"testStatus":{"stackTrace":"","statusValue":"PASSED"},"type":"MESSAGE","name":"","message":"Text \u0027aaermolin\u0027 is set on object \u0027Object Repository/page_authorization/input_login\u0027","startTime":1533820657419,"endTime":0,"childRecords":[],"interuppted":false}],"interuppted":false},{"index":10,"isIgnoredIfFailed":false,"type":"TEST_STEP","name":"setText","message":"Text \u0027Gfhjkm1\u0027 is set on object \u0027Object Repository/page_authorization/input_password\u0027","description":"Ввод пароля","startTime":1533820657420,"endTime":1533820657482,"childRecords":[{"testStatus":{"stackTrace":"","statusValue":"PASSED"},"type":"MESSAGE","name":"","message":"Text \u0027Gfhjkm1\u0027 is set on object \u0027Object Repository/page_authorization/input_password\u0027","startTime":1533820657481,"endTime":0,"childRecords":[],"interuppted":false}],"interuppted":false},{"index":11,"isIgnoredIfFailed":false,"type":"TEST_STEP","name":"click","message":"Object: \u0027Object Repository/page_authorization/button_come\u0027 is clicked on","description":"Клик по кнопке \"Войти\"","startTime":1533820657482,"endTime":1533820662736,"childRecords":[{"testStatus":{"stackTrace":"","statusValue":"PASSED"},"type":"MESSAGE","name":"","message":"Object: \u0027Object Repository/page_authorization/button_come\u0027 is clicked on","startTime":1533820662736,"endTime":0,"childRecords":[],"interuppted":false}],"interuppted":false},{"attachment":"1533820693903.png","index":12,"isIgnoredIfFailed":false,"type":"TEST_STEP","name":"verifyElementPresent","message":"Unable to verify object \u0027Object Repository/page_home/span_myTasks\u0027 is present (Root cause: com.kms.katalon.core.webui.exception.WebElementNotFoundException: Web element with id: \u0027Object Repository/page_home/span_myTasks\u0027 located by \u0027By.xpath: //span[(text() \u003d \u0027Мои задачи\u0027 or . \u003d \u0027Мои задачи\u0027)]\u0027 not found)","description":"Проверка наличия меню \"Мои задачи\"","startTime":1533820662736,"endTime":1533820693980,"childRecords":[{"testStatus":{"stackTrace":"","statusValue":"WARNING"},"type":"MESSAGE","name":"","message":"Timeout \u00270\u0027 is invalid. Using default page load timeout: \u002730\u0027","startTime":1533820662739,"endTime":0,"childRecords":[],"interuppted":false},{"testStatus":{"stackTrace":"","statusValue":"FAILED"},"attachment":"1533820693794.png","type":"MESSAGE","name":"","message":"com.kms.katalon.core.webui.exception.WebElementNotFoundException: Web element with id: \u0027Object Repository/page_home/span_myTasks\u0027 located by \u0027By.xpath: //span[(text() \u003d \u0027Мои задачи\u0027 or . \u003d \u0027Мои задачи\u0027)]\u0027 not found","startTime":1533820693903,"endTime":0,"childRecords":[],"interuppted":false},{"testStatus":{"stackTrace":"","statusValue":"FAILED"},"attachment":"1533820693903.png","type":"MESSAGE","name":"","message":"Unable to verify object \u0027Object Repository/page_home/span_myTasks\u0027 is present (Root cause: com.kms.katalon.core.webui.exception.WebElementNotFoundException: Web element with id: \u0027Object Repository/page_home/span_myTasks\u0027 located by \u0027By.xpath: //span[(text() \u003d \u0027Мои задачи\u0027 or . \u003d \u0027Мои задачи\u0027)]\u0027 not found)","startTime":1533820693979,"endTime":0,"childRecords":[],"interuppted":false}],"interuppted":false},{"testStatus":{"stackTrace":"","statusValue":"FAILED"},"type":"MESSAGE","name":"","message":"Test Cases/Base/Authorization FAILED because (of) Unable to verify object \u0027Object Repository/page_home/span_myTasks\u0027 is present (Root cause: com.kms.katalon.core.webui.exception.WebElementNotFoundException: Web element with id: \u0027Object Repository/page_home/span_myTasks\u0027 located by \u0027By.xpath: //span[(text() \u003d \u0027Мои задачи\u0027 or . \u003d \u0027Мои задачи\u0027)]\u0027 not found)","startTime":1533820693980,"endTime":0,"childRecords":[],"interuppted":false}],"interuppted":false},{"testStatus":{"stackTrace":"","statusValue":"FAILED"},"type":"MESSAGE","name":"","message":"Unable to call Test Case with id \u0027Test Cases/Base/Authorization\u0027 (Root cause: Call Test Case \u0027Test Cases/Base/Authorization\u0027 failed)","startTime":1533820693984,"endTime":0,"childRecords":[],"interuppted":false}],"interuppted":false},{"testStatus":{"stackTrace":"","statusValue":"FAILED"},"type":"MESSAGE","name":"","message":"Test Cases/Base/Activation FAILED because (of) Unable to verify object \u0027Object Repository/page_home/span_myTasks\u0027 is present (Root cause: com.kms.katalon.core.webui.exception.WebElementNotFoundException: Web element with id: \u0027Object Repository/page_home/span_myTasks\u0027 located by \u0027By.xpath: //span[(text() \u003d \u0027Мои задачи\u0027 or . \u003d \u0027Мои задачи\u0027)]\u0027 not found)","startTime":1533820693984,"endTime":0,"childRecords":[],"interuppted":false}],"interuppted":false}],"interuppted":false}