<?xml version="1.0" encoding="UTF-8"?>
<testsuites name="Create position plan schedule" time="150" tests="0" failures="1" errors="0">
   <testsuite name="Create position plan schedule" tests="0" failures="1" errors="0" time="150" timestamp="2018-08-28 14:05:33" hostname="ex64 - ex64" id="Test Suites/Scenario1/Create position plan schedule">
      <properties>
         <property name="deviceName" value=""/>
         <property name="devicePlatform" value=""/>
         <property name="logFolder" value="T:\\Katalon Studio\\E1\\Reports\\Scenario1\\Create position plan schedule\\20180828_134430"/>
         <property name="logFiles" value="T:\\Katalon Studio\\E1\\Reports\\Scenario1\\Create position plan schedule\\20180828_134430\\execution0.log"/>
         <property name="attachments" value="T:\\Katalon Studio\\E1\\Reports\\Scenario1\\Create position plan schedule\\20180828_134430\\1535454481881.png"/>
         <property name="hostName" value="ex64 - ex64"/>
         <property name="os" value="Windows 7 64bit"/>
         <property name="katalonVersion" value="5.6.1.1"/>
         <property name="browser" value="Firefox 61.0"/>
         <property name="hostAddress" value="192.168.20.109"/>
         <property name="sessionId" value="8d9fc1c5-8b26-457b-986f-8d58a9285b2a"/>
         <property name="seleniumVersion" value="3.7.1"/>
         <property name="proxyInformation" value="ProxyInformation{proxyOption=NO_PROXY, proxyServerType=HTTP, password=, proxyServerAddress=, proxyServerPort=0}"/>
         <property name="platform" value="Windows 7"/>
      </properties>
      <testcase name="Test Cases/Base/Schedule plan/Create position plan schedule" classname="Test Cases/Base/Schedule plan/Create position plan schedule" status="FAILED">
         <failure type="FAILED" message="Unable to get attribute 'href' of object 'Object Repository/document_purchasePlan/PPZ/a_urlPPZ' (Root cause: com.kms.katalon.core.webui.exception.WebElementNotFoundException: Web element with id: 'Object Repository/document_purchasePlan/PPZ/a_urlPPZ' located by 'By.xpath: //a[(text() = 'Пшеница' or . = 'Пшеница')]' not found)"/>
         <system-out><![CDATA[2018-08-28 14:05:33 - [TEST_CASE][FAILED] - Test Cases/Base/Schedule plan/Create position plan schedule: Test Cases/Base/Schedule plan/Create position plan schedule FAILED because (of) Unable to get attribute 'href' of object 'Object Repository/document_purchasePlan/PPZ/a_urlPPZ' (Root cause: com.kms.katalon.core.webui.exception.WebElementNotFoundException: Web element with id: 'Object Repository/document_purchasePlan/PPZ/a_urlPPZ' located by 'By.xpath: //a[(text() = 'Пшеница' or . = 'Пшеница')]' not found)

2018-08-28 14:05:34 - [TEST_STEP][PASSED] - callTestCase: Call Test Case 'Test Cases/Base/Authorization' successfully

2018-08-28 14:05:34 - [TEST_CASE][PASSED] - Test Cases/Base/Authorization: Test Cases/Base/Authorization

2018-08-28 14:05:34 - [TEST_STEP][PASSED] - openBrowser: Browser is opened with url: 'http://10.100.70.20/edo'

2018-08-28 14:05:43 - [MESSAGE][PASSED] - Browser is opened with url: 'http://10.100.70.20/edo'

2018-08-28 14:05:43 - [TEST_STEP][PASSED] - deleteAllCookies: Delete all cookies successfully

2018-08-28 14:05:43 - [MESSAGE][PASSED] - Delete all cookies successfully

2018-08-28 14:05:43 - [TEST_STEP][PASSED] - refresh: Refresh successfully

2018-08-28 14:05:46 - [MESSAGE][PASSED] - Refresh successfully

2018-08-28 14:05:46 - [TEST_STEP][PASSED] - maximizeWindow: Current window maximized

2018-08-28 14:05:46 - [MESSAGE][PASSED] - Current window maximized

2018-08-28 14:05:46 - [TEST_STEP][PASSED] - setText: Text 'autoui202' is set on object 'Object Repository/page_authorization/input_login'

2018-08-28 14:05:46 - [MESSAGE][PASSED] - Text 'autoui202' is set on object 'Object Repository/page_authorization/input_login'

2018-08-28 14:05:46 - [TEST_STEP][PASSED] - setText: Text 'Gfhjkm123' is set on object 'Object Repository/page_authorization/input_password'

2018-08-28 14:05:46 - [MESSAGE][PASSED] - Text 'Gfhjkm123' is set on object 'Object Repository/page_authorization/input_password'

2018-08-28 14:05:46 - [TEST_STEP][PASSED] - click: Object: 'Object Repository/page_authorization/button_come' is clicked on

2018-08-28 14:05:49 - [MESSAGE][PASSED] - Object: 'Object Repository/page_authorization/button_come' is clicked on

2018-08-28 14:05:49 - [TEST_STEP][PASSED] - waitForElementPresent: Object 'Object Repository/page_home/span_exit' is present

2018-08-28 14:05:49 - [MESSAGE][PASSED] - Object 'Object Repository/page_home/span_exit' is present

2018-08-28 14:05:49 - [MESSAGE][PASSED] - Call Test Case 'Test Cases/Base/Authorization' successfully

2018-08-28 14:05:49 - [TEST_STEP][PASSED] - callTestCase: Call Test Case 'Test Cases/Base/Purchase plan/Open purchase plan' successfully

2018-08-28 14:05:49 - [TEST_CASE][PASSED] - Test Cases/Base/Purchase plan/Open purchase plan: Test Cases/Base/Purchase plan/Open purchase plan

2018-08-28 14:05:49 - [TEST_STEP][PASSED] - waitForElementPresent: Object 'Object Repository/page_home/span_planning' is present

2018-08-28 14:05:49 - [MESSAGE][PASSED] - Object 'Object Repository/page_home/span_planning' is present

2018-08-28 14:05:49 - [TEST_STEP][PASSED] - click: Object: 'Object Repository/page_home/span_planning' is clicked on

2018-08-28 14:05:52 - [MESSAGE][PASSED] - Object: 'Object Repository/page_home/span_planning' is clicked on

2018-08-28 14:05:52 - [TEST_STEP][PASSED] - waitForElementPresent: Object 'Object Repository/menu_planning/a_purchasePlan' is present

2018-08-28 14:05:52 - [MESSAGE][PASSED] - Object 'Object Repository/menu_planning/a_purchasePlan' is present

2018-08-28 14:05:52 - [TEST_STEP][PASSED] - click: Object: 'Object Repository/menu_planning/a_purchasePlan' is clicked on

2018-08-28 14:05:54 - [MESSAGE][PASSED] - Object: 'Object Repository/menu_planning/a_purchasePlan' is clicked on

2018-08-28 14:05:54 - [TEST_STEP][PASSED] - Statement - new_object = com.kms.katalon.core.webui.keyword.WebUiBuiltInKeywords.modifyObjectProperty(com.kms.katalon.core.testobject.ObjectRepository.findTestObject(DOCUMENT/object), "text", "equals", BudgetYear, true): Modify property of object successfully

2018-08-28 14:05:54 - [MESSAGE][PASSED] - Modify property of object successfully

2018-08-28 14:05:54 - [TEST_STEP][PASSED] - waitForElementPresent: Object 'Object Repository/DOCUMENT/object' is present

2018-08-28 14:05:54 - [MESSAGE][PASSED] - Object 'Object Repository/DOCUMENT/object' is present

2018-08-28 14:05:54 - [TEST_STEP][PASSED] - Statement - url_object = com.kms.katalon.core.webui.keyword.WebUiBuiltInKeywords.getAttribute(new_object, "href"): Attribute 'href' of object 'Object Repository/DOCUMENT/object' is: 'http://10.100.70.20/edo/Search/DocumentView/25302?searchTemplateName=SearchMenu'

2018-08-28 14:05:54 - [MESSAGE][PASSED] - Attribute 'href' of object 'Object Repository/DOCUMENT/object' is: 'http://10.100.70.20/edo/Search/DocumentView/25302?searchTemplateName=SearchMenu'

2018-08-28 14:05:54 - [TEST_STEP][PASSED] - navigateToUrl: Navigate to 'http://10.100.70.20/edo/Search/DocumentView/25302?searchTemplateName=SearchMenu' successfully

2018-08-28 14:05:58 - [MESSAGE][PASSED] - Navigate to 'http://10.100.70.20/edo/Search/DocumentView/25302?searchTemplateName=SearchMenu' successfully

2018-08-28 14:05:58 - [MESSAGE][PASSED] - Call Test Case 'Test Cases/Base/Purchase plan/Open purchase plan' successfully

2018-08-28 14:05:58 - [TEST_STEP][PASSED] - click: Object: 'Object Repository/DOCUMENT/Toolbar_vertical/menu_positionPurchasePlan' is clicked on

2018-08-28 14:05:58 - [MESSAGE][PASSED] - Object: 'Object Repository/DOCUMENT/Toolbar_vertical/menu_positionPurchasePlan' is clicked on

2018-08-28 14:05:58 - [TEST_STEP][PASSED] - Statement - url_ppz1 = com.kms.katalon.core.webui.keyword.WebUiBuiltInKeywords.modifyObjectProperty(com.kms.katalon.core.testobject.ObjectRepository.findTestObject(document_purchasePlan/PPZ/a_urlPPZ), "text", "equals", NameObjectPurchase, true): Modify property of object successfully

2018-08-28 14:05:58 - [MESSAGE][PASSED] - Modify property of object successfully

2018-08-28 14:05:58 - [TEST_STEP][FAILED] - Statement - url_ppz2 = com.kms.katalon.core.webui.keyword.WebUiBuiltInKeywords.getAttribute(url_ppz1, "href"): Unable to get attribute 'href' of object 'Object Repository/document_purchasePlan/PPZ/a_urlPPZ' (Root cause: com.kms.katalon.core.webui.exception.WebElementNotFoundException: Web element with id: 'Object Repository/document_purchasePlan/PPZ/a_urlPPZ' located by 'By.xpath: //a[(text() = 'Пшеница' or . = 'Пшеница')]' not found)

2018-08-28 14:08:01 - [MESSAGE][FAILED] - Unable to get attribute 'href' of object 'Object Repository/document_purchasePlan/PPZ/a_urlPPZ' (Root cause: com.kms.katalon.core.webui.exception.WebElementNotFoundException: Web element with id: 'Object Repository/document_purchasePlan/PPZ/a_urlPPZ' located by 'By.xpath: //a[(text() = 'Пшеница' or . = 'Пшеница')]' not found)
[[ATTACHMENT|T:\\Katalon Studio\\E1\\Reports\\Scenario1\\Create position plan schedule\\20180828_134430\\1535454481881.png]]]]></system-out>
         <system-err><![CDATA[2018-08-28 14:05:33 - [TEST_CASE][FAILED] - Test Cases/Base/Schedule plan/Create position plan schedule: Test Cases/Base/Schedule plan/Create position plan schedule FAILED because (of) Unable to get attribute 'href' of object 'Object Repository/document_purchasePlan/PPZ/a_urlPPZ' (Root cause: com.kms.katalon.core.webui.exception.WebElementNotFoundException: Web element with id: 'Object Repository/document_purchasePlan/PPZ/a_urlPPZ' located by 'By.xpath: //a[(text() = 'Пшеница' or . = 'Пшеница')]' not found)]]></system-err>
      </testcase>
      <system-out><![CDATA[2018-08-28 14:05:33 - [TEST_SUITE][FAILED] - Create position plan schedule: Test Cases/Base/Schedule plan/Create position plan schedule FAILED because (of) Unable to get attribute 'href' of object 'Object Repository/document_purchasePlan/PPZ/a_urlPPZ' (Root cause: com.kms.katalon.core.webui.exception.WebElementNotFoundException: Web element with id: 'Object Repository/document_purchasePlan/PPZ/a_urlPPZ' located by 'By.xpath: //a[(text() = 'Пшеница' or . = 'Пшеница')]' not found)]]></system-out>
      <system-err><![CDATA[2018-08-28 14:05:33 - [TEST_SUITE][FAILED] - Create position plan schedule: Test Cases/Base/Schedule plan/Create position plan schedule FAILED because (of) Unable to get attribute 'href' of object 'Object Repository/document_purchasePlan/PPZ/a_urlPPZ' (Root cause: com.kms.katalon.core.webui.exception.WebElementNotFoundException: Web element with id: 'Object Repository/document_purchasePlan/PPZ/a_urlPPZ' located by 'By.xpath: //a[(text() = 'Пшеница' or . = 'Пшеница')]' not found)]]></system-err>
   </testsuite>
</testsuites>
