{"devicePlatform":"","logFolder":"T:\\Katalon Studio\\E1\\Reports\\TEST\\New Test Suite\\20180809_120852","runData":{"hostName":"ex64 - ex64","os":"Windows 7 64bit","katalonVersion":"5.6.0.1","browser":"Firefox 61.0","hostAddress":"192.168.20.109","sessionId":"62ca8f5b-12f1-41b2-90e4-8837b75560e8","seleniumVersion":"3.7.1","proxyInformation":"ProxyInformation{proxyOption\u003dNO_PROXY, proxyServerType\u003dHTTP, password\u003d, proxyServerAddress\u003d, proxyServerPort\u003d0}","platform":"Windows 7"},"type":"TEST_SUITE","name":"New Test Suite","id":"Test Suites/TEST/New Test Suite","source":"","message":"Test Cases/Base/Activation FAILED because (of) Unable to verify object \u0027Object Repository/page_authorization/input_login\u0027 is present (Root cause: com.kms.katalon.core.webui.exception.WebElementNotFoundException: Web element with id: \u0027Object Repository/page_authorization/input_login\u0027 located by \u0027By.xpath: //*[@id \u003d \u0027content-login-username\u0027]\u0027 not found)","description":"","startTime":1533805733635,"endTime":1533805769711,"childRecords":[{"isOptional":false,"type":"TEST_CASE","name":"Test Cases/Base/Activation","id":"Test Cases/Base/Activation","source":"T:\\\\Katalon Studio\\\\E1\\\\Test Cases\\\\Base\\\\Activation.tc","message":"Test Cases/Base/Activation FAILED because (of) Unable to verify object \u0027Object Repository/page_authorization/input_login\u0027 is present (Root cause: com.kms.katalon.core.webui.exception.WebElementNotFoundException: Web element with id: \u0027Object Repository/page_authorization/input_login\u0027 located by \u0027By.xpath: //*[@id \u003d \u0027content-login-username\u0027]\u0027 not found)","description":"Активация нового пользователя","startTime":1533805733910,"endTime":1533805769399,"childRecords":[{"testStatus":{"stackTrace":"","statusValue":"INFO"},"type":"MESSAGE","name":"","message":"Evaluating variables for test case","startTime":1533805733945,"endTime":0,"childRecords":[],"interuppted":false},{"index":1,"isIgnoredIfFailed":false,"type":"TEST_STEP","name":"callTestCase","message":"Unable to call Test Case with id \u0027Test Cases/Base/Authorization\u0027 (Root cause: Call Test Case \u0027Test Cases/Base/Authorization\u0027 failed)","description":"Авторизация администратором","startTime":1533805734212,"endTime":1533805769378,"childRecords":[{"isOptional":false,"type":"TEST_CASE","name":"Test Cases/Base/Authorization","id":"Test Cases/Base/Authorization","source":"T:\\\\Katalon Studio\\\\E1\\\\Test Cases\\\\Base\\\\Authorization.tc","message":"Test Cases/Base/Authorization FAILED because (of) Unable to verify object \u0027Object Repository/page_authorization/input_login\u0027 is present (Root cause: com.kms.katalon.core.webui.exception.WebElementNotFoundException: Web element with id: \u0027Object Repository/page_authorization/input_login\u0027 located by \u0027By.xpath: //*[@id \u003d \u0027content-login-username\u0027]\u0027 not found)","description":"","startTime":1533805734307,"endTime":1533805769377,"childRecords":[{"testStatus":{"stackTrace":"","statusValue":"INFO"},"type":"MESSAGE","name":"","message":"Evaluating variables for test case","startTime":1533805734311,"endTime":0,"childRecords":[],"interuppted":false},{"testStatus":{"stackTrace":"","statusValue":"INFO"},"type":"MESSAGE","name":"","message":"Variable \u0027login\u0027 is set to {} as default","startTime":1533805734342,"endTime":0,"childRecords":[],"interuppted":false},{"testStatus":{"stackTrace":"","statusValue":"INFO"},"type":"MESSAGE","name":"","message":"Checking test data id","startTime":1533805734362,"endTime":0,"childRecords":[],"interuppted":false},{"testStatus":{"stackTrace":"","statusValue":"INFO"},"type":"MESSAGE","name":"","message":"Finding test data with id \u0027Data Files/Excel/Authorization\u0027","startTime":1533805734363,"endTime":0,"childRecords":[],"interuppted":false},{"testStatus":{"stackTrace":"","statusValue":"WARNING"},"type":"MESSAGE","name":"","message":"Unable to set variable \u0027password\u0027 for test case because (of) Cannot find test data with id \u0027Data Files/Excel/Authorization\u0027 because (of) \u0027java.lang.IllegalArgumentException: Test data with id \u0027Data Files/Excel/Authorization\u0027 does not exist\u0027","startTime":1533805734365,"endTime":0,"childRecords":[],"interuppted":false},{"index":1,"isIgnoredIfFailed":false,"type":"TEST_STEP","name":"openBrowser","message":"Browser is opened with url: \u0027http://10.100.70.20/edo\u0027","description":"Переход на тестовый стенд","startTime":1533805734464,"endTime":1533805738663,"childRecords":[{"testStatus":{"stackTrace":"","statusValue":"PASSED"},"type":"MESSAGE","name":"","message":"Browser is opened with url: \u0027http://10.100.70.20/edo\u0027","startTime":1533805738653,"endTime":0,"childRecords":[],"interuppted":false}],"interuppted":false},{"index":2,"isIgnoredIfFailed":false,"type":"TEST_STEP","name":"maximizeWindow","message":"Current window maximized","description":"Максимальный экран браузера","startTime":1533805738664,"endTime":1533805738770,"childRecords":[{"testStatus":{"stackTrace":"","statusValue":"PASSED"},"type":"MESSAGE","name":"","message":"Current window maximized","startTime":1533805738769,"endTime":0,"childRecords":[],"interuppted":false}],"interuppted":false},{"attachment":"1533805769363.png","index":3,"isIgnoredIfFailed":false,"type":"TEST_STEP","name":"verifyElementPresent","message":"Unable to verify object \u0027Object Repository/page_authorization/input_login\u0027 is present (Root cause: com.kms.katalon.core.webui.exception.WebElementNotFoundException: Web element with id: \u0027Object Repository/page_authorization/input_login\u0027 located by \u0027By.xpath: //*[@id \u003d \u0027content-login-username\u0027]\u0027 not found)","description":"Проверка наличия поля \"Имя пользователя\"","startTime":1533805738770,"endTime":1533805769376,"childRecords":[{"testStatus":{"stackTrace":"","statusValue":"WARNING"},"type":"MESSAGE","name":"","message":"Timeout \u00270\u0027 is invalid. Using default page load timeout: \u002730\u0027","startTime":1533805738806,"endTime":0,"childRecords":[],"interuppted":false},{"testStatus":{"stackTrace":"","statusValue":"FAILED"},"attachment":"1533805769342.png","type":"MESSAGE","name":"","message":"com.kms.katalon.core.webui.exception.WebElementNotFoundException: Web element with id: \u0027Object Repository/page_authorization/input_login\u0027 located by \u0027By.xpath: //*[@id \u003d \u0027content-login-username\u0027]\u0027 not found","startTime":1533805769363,"endTime":0,"childRecords":[],"interuppted":false},{"testStatus":{"stackTrace":"","statusValue":"FAILED"},"attachment":"1533805769363.png","type":"MESSAGE","name":"","message":"Unable to verify object \u0027Object Repository/page_authorization/input_login\u0027 is present (Root cause: com.kms.katalon.core.webui.exception.WebElementNotFoundException: Web element with id: \u0027Object Repository/page_authorization/input_login\u0027 located by \u0027By.xpath: //*[@id \u003d \u0027content-login-username\u0027]\u0027 not found)","startTime":1533805769375,"endTime":0,"childRecords":[],"interuppted":false}],"interuppted":false},{"testStatus":{"stackTrace":"","statusValue":"FAILED"},"type":"MESSAGE","name":"","message":"Test Cases/Base/Authorization FAILED because (of) Unable to verify object \u0027Object Repository/page_authorization/input_login\u0027 is present (Root cause: com.kms.katalon.core.webui.exception.WebElementNotFoundException: Web element with id: \u0027Object Repository/page_authorization/input_login\u0027 located by \u0027By.xpath: //*[@id \u003d \u0027content-login-username\u0027]\u0027 not found)","startTime":1533805769376,"endTime":0,"childRecords":[],"interuppted":false}],"interuppted":false},{"testStatus":{"stackTrace":"","statusValue":"FAILED"},"type":"MESSAGE","name":"","message":"Unable to call Test Case with id \u0027Test Cases/Base/Authorization\u0027 (Root cause: Call Test Case \u0027Test Cases/Base/Authorization\u0027 failed)","startTime":1533805769378,"endTime":0,"childRecords":[],"interuppted":false}],"interuppted":false},{"testStatus":{"stackTrace":"","statusValue":"FAILED"},"type":"MESSAGE","name":"","message":"Test Cases/Base/Activation FAILED because (of) Unable to verify object \u0027Object Repository/page_authorization/input_login\u0027 is present (Root cause: com.kms.katalon.core.webui.exception.WebElementNotFoundException: Web element with id: \u0027Object Repository/page_authorization/input_login\u0027 located by \u0027By.xpath: //*[@id \u003d \u0027content-login-username\u0027]\u0027 not found)","startTime":1533805769378,"endTime":0,"childRecords":[],"interuppted":false}],"interuppted":false}],"interuppted":false}