<?xml version="1.0" encoding="UTF-8"?>
<testsuites name="New Test Suite" time="36" tests="0" failures="1" errors="0">
   <testsuite name="New Test Suite" tests="0" failures="1" errors="0" time="36" timestamp="2018-08-09 12:08:53" hostname="ex64 - ex64" id="Test Suites/TEST/New Test Suite">
      <properties>
         <property name="deviceName" value=""/>
         <property name="devicePlatform" value=""/>
         <property name="logFolder" value="T:\\Katalon Studio\\E1\\Reports\\TEST\\New Test Suite\\20180809_120852"/>
         <property name="logFiles" value="T:\\Katalon Studio\\E1\\Reports\\TEST\\New Test Suite\\20180809_120852\\execution0.log"/>
         <property name="attachments" value="T:\\Katalon Studio\\E1\\Reports\\TEST\\New Test Suite\\20180809_120852\\1533805769342.png, T:\\Katalon Studio\\E1\\Reports\\TEST\\New Test Suite\\20180809_120852\\1533805769363.png"/>
         <property name="hostName" value="ex64 - ex64"/>
         <property name="os" value="Windows 7 64bit"/>
         <property name="katalonVersion" value="5.6.0.1"/>
         <property name="browser" value="Firefox 61.0"/>
         <property name="hostAddress" value="192.168.20.109"/>
         <property name="sessionId" value="62ca8f5b-12f1-41b2-90e4-8837b75560e8"/>
         <property name="seleniumVersion" value="3.7.1"/>
         <property name="proxyInformation" value="ProxyInformation{proxyOption=NO_PROXY, proxyServerType=HTTP, password=, proxyServerAddress=, proxyServerPort=0}"/>
         <property name="platform" value="Windows 7"/>
      </properties>
      <testcase name="Test Cases/Base/Activation" classname="Test Cases/Base/Activation" status="FAILED">
         <failure type="FAILED" message="Unable to verify object 'Object Repository/page_authorization/input_login' is present (Root cause: com.kms.katalon.core.webui.exception.WebElementNotFoundException: Web element with id: 'Object Repository/page_authorization/input_login' located by 'By.xpath: //*[@id = 'content-login-username']' not found)"/>
         <system-out><![CDATA[2018-08-09 12:08:53 - [TEST_CASE][FAILED] - Test Cases/Base/Activation: Test Cases/Base/Activation FAILED because (of) Unable to verify object 'Object Repository/page_authorization/input_login' is present (Root cause: com.kms.katalon.core.webui.exception.WebElementNotFoundException: Web element with id: 'Object Repository/page_authorization/input_login' located by 'By.xpath: //*[@id = 'content-login-username']' not found)

2018-08-09 12:08:54 - [TEST_STEP][FAILED] - callTestCase: Unable to call Test Case with id 'Test Cases/Base/Authorization' (Root cause: Call Test Case 'Test Cases/Base/Authorization' failed)

2018-08-09 12:08:54 - [TEST_CASE][FAILED] - Test Cases/Base/Authorization: Test Cases/Base/Authorization FAILED because (of) Unable to verify object 'Object Repository/page_authorization/input_login' is present (Root cause: com.kms.katalon.core.webui.exception.WebElementNotFoundException: Web element with id: 'Object Repository/page_authorization/input_login' located by 'By.xpath: //*[@id = 'content-login-username']' not found)

2018-08-09 12:08:54 - [TEST_STEP][PASSED] - openBrowser: Browser is opened with url: 'http://10.100.70.20/edo'

2018-08-09 12:08:58 - [MESSAGE][PASSED] - Browser is opened with url: 'http://10.100.70.20/edo'

2018-08-09 12:08:58 - [TEST_STEP][PASSED] - maximizeWindow: Current window maximized

2018-08-09 12:08:58 - [MESSAGE][PASSED] - Current window maximized

2018-08-09 12:08:58 - [TEST_STEP][FAILED] - verifyElementPresent: Unable to verify object 'Object Repository/page_authorization/input_login' is present (Root cause: com.kms.katalon.core.webui.exception.WebElementNotFoundException: Web element with id: 'Object Repository/page_authorization/input_login' located by 'By.xpath: //*[@id = 'content-login-username']' not found)

2018-08-09 12:08:58 - [MESSAGE][WARNING] - Timeout '0' is invalid. Using default page load timeout: '30'

2018-08-09 12:09:29 - [MESSAGE][FAILED] - com.kms.katalon.core.webui.exception.WebElementNotFoundException: Web element with id: 'Object Repository/page_authorization/input_login' located by 'By.xpath: //*[@id = 'content-login-username']' not found
[[ATTACHMENT|T:\\Katalon Studio\\E1\\Reports\\TEST\\New Test Suite\\20180809_120852\\1533805769342.png]]

2018-08-09 12:09:29 - [MESSAGE][FAILED] - Unable to verify object 'Object Repository/page_authorization/input_login' is present (Root cause: com.kms.katalon.core.webui.exception.WebElementNotFoundException: Web element with id: 'Object Repository/page_authorization/input_login' located by 'By.xpath: //*[@id = 'content-login-username']' not found)
[[ATTACHMENT|T:\\Katalon Studio\\E1\\Reports\\TEST\\New Test Suite\\20180809_120852\\1533805769363.png]]

2018-08-09 12:09:29 - [MESSAGE][FAILED] - Unable to call Test Case with id 'Test Cases/Base/Authorization' (Root cause: Call Test Case 'Test Cases/Base/Authorization' failed)]]></system-out>
         <system-err><![CDATA[2018-08-09 12:08:53 - [TEST_CASE][FAILED] - Test Cases/Base/Activation: Test Cases/Base/Activation FAILED because (of) Unable to verify object 'Object Repository/page_authorization/input_login' is present (Root cause: com.kms.katalon.core.webui.exception.WebElementNotFoundException: Web element with id: 'Object Repository/page_authorization/input_login' located by 'By.xpath: //*[@id = 'content-login-username']' not found)]]></system-err>
      </testcase>
      <system-out><![CDATA[2018-08-09 12:08:53 - [TEST_SUITE][FAILED] - New Test Suite: Test Cases/Base/Activation FAILED because (of) Unable to verify object 'Object Repository/page_authorization/input_login' is present (Root cause: com.kms.katalon.core.webui.exception.WebElementNotFoundException: Web element with id: 'Object Repository/page_authorization/input_login' located by 'By.xpath: //*[@id = 'content-login-username']' not found)]]></system-out>
      <system-err><![CDATA[2018-08-09 12:08:53 - [TEST_SUITE][FAILED] - New Test Suite: Test Cases/Base/Activation FAILED because (of) Unable to verify object 'Object Repository/page_authorization/input_login' is present (Root cause: com.kms.katalon.core.webui.exception.WebElementNotFoundException: Web element with id: 'Object Repository/page_authorization/input_login' located by 'By.xpath: //*[@id = 'content-login-username']' not found)]]></system-err>
   </testsuite>
</testsuites>
