<?xml version="1.0" encoding="UTF-8"?>
<testsuites name="Activation_gmail" time="6" tests="0" failures="1" errors="0">
   <testsuite name="Activation_gmail" tests="0" failures="1" errors="0" time="6" timestamp="2018-08-09 16:49:07" hostname="ex64 - ex64" id="Test Suites/Scenario1/Activation_gmail">
      <properties>
         <property name="deviceName" value=""/>
         <property name="devicePlatform" value=""/>
         <property name="logFolder" value="T:\\Katalon Studio\\E1\\Reports\\Scenario1\\Activation_gmail\\20180809_164820"/>
         <property name="logFiles" value="T:\\Katalon Studio\\E1\\Reports\\Scenario1\\Activation_gmail\\20180809_164820\\execution0.log"/>
         <property name="attachments" value="T:\\Katalon Studio\\E1\\Reports\\Scenario1\\Activation_gmail\\20180809_164820\\1533822553942.png"/>
         <property name="hostName" value="ex64 - ex64"/>
         <property name="os" value="Windows 7 64bit"/>
         <property name="katalonVersion" value="5.6.0.1"/>
         <property name="browser" value="Firefox 61.0"/>
         <property name="hostAddress" value="192.168.20.109"/>
         <property name="sessionId" value="990610f5-aefa-4fcc-8f5e-fe51a720baa7"/>
         <property name="seleniumVersion" value="3.7.1"/>
         <property name="proxyInformation" value="ProxyInformation{proxyOption=NO_PROXY, proxyServerType=HTTP, password=, proxyServerAddress=, proxyServerPort=0}"/>
         <property name="platform" value="Windows 7"/>
      </properties>
      <testcase name="Test Cases/Base/Activation_gmail" classname="Test Cases/Base/Activation_gmail" status="FAILED">
         <failure type="FAILED" message="Unable to set text 'TestDepartment2016' of object 'Object Repository/page_gmail/input_password' (Root cause: org.openqa.selenium.ElementNotInteractableException: Element &lt;input class=&quot;whsOnd zHQkBf&quot; name=&quot;password&quot; type=&quot;password&quot;> could not be scrolled into view
Build info: version: '3.7.1', revision: '8a0099a', time: '2017-11-06T21:07:36.161Z'
System info: host: 'EX64', ip: '192.168.20.109', os.name: 'Windows 7', os.arch: 'amd64', os.version: '6.1', java.version: '1.8.0_102'
Driver info: com.kms.katalon.core.webui.driver.firefox.CGeckoDriver
Capabilities {acceptInsecureCerts: true, browserName: firefox, browserVersion: 61.0.1, javascriptEnabled: true, moz:accessibilityChecks: false, moz:headless: false, moz:processID: 9984, moz:profile: C:\Users\ex64\AppData\Local..., moz:useNonSpecCompliantPointerOrigin: false, moz:webdriverClick: true, pageLoadStrategy: normal, platform: XP, platformName: XP, platformVersion: 6.1, proxy: Proxy(direct), rotatable: false, timeouts: {implicit: 0, pageLoad: 300000, script: 30000}}
Session ID: 990610f5-aefa-4fcc-8f5e-fe51a720baa7)"/>
         <system-out><![CDATA[2018-08-09 16:49:08 - [TEST_CASE][FAILED] - Test Cases/Base/Activation_gmail: Test Cases/Base/Activation_gmail FAILED because (of) Unable to set text 'TestDepartment2016' of object 'Object Repository/page_gmail/input_password' (Root cause: org.openqa.selenium.ElementNotInteractableException: Element <input class="whsOnd zHQkBf" name="password" type="password"> could not be scrolled into view
Build info: version: '3.7.1', revision: '8a0099a', time: '2017-11-06T21:07:36.161Z'
System info: host: 'EX64', ip: '192.168.20.109', os.name: 'Windows 7', os.arch: 'amd64', os.version: '6.1', java.version: '1.8.0_102'
Driver info: com.kms.katalon.core.webui.driver.firefox.CGeckoDriver
Capabilities {acceptInsecureCerts: true, browserName: firefox, browserVersion: 61.0.1, javascriptEnabled: true, moz:accessibilityChecks: false, moz:headless: false, moz:processID: 9984, moz:profile: C:\Users\ex64\AppData\Local..., moz:useNonSpecCompliantPointerOrigin: false, moz:webdriverClick: true, pageLoadStrategy: normal, platform: XP, platformName: XP, platformVersion: 6.1, proxy: Proxy(direct), rotatable: false, timeouts: {implicit: 0, pageLoad: 300000, script: 30000}}
Session ID: 990610f5-aefa-4fcc-8f5e-fe51a720baa7)

2018-08-09 16:49:08 - [TEST_STEP][PASSED] - openBrowser: Browser is opened with url: 'https://mail.google.com'

2018-08-09 16:49:13 - [MESSAGE][PASSED] - Browser is opened with url: 'https://mail.google.com'

2018-08-09 16:49:13 - [TEST_STEP][PASSED] - setText: Text 'test.cognitive@gmail.com' is set on object 'Object Repository/page_gmail/input_email'

2018-08-09 16:49:13 - [MESSAGE][PASSED] - Text 'test.cognitive@gmail.com' is set on object 'Object Repository/page_gmail/input_email'

2018-08-09 16:49:13 - [TEST_STEP][PASSED] - click: Object: 'Object Repository/page_gmail/span_next' is clicked on

2018-08-09 16:49:13 - [MESSAGE][PASSED] - Object: 'Object Repository/page_gmail/span_next' is clicked on

2018-08-09 16:49:13 - [TEST_STEP][FAILED] - setText: Unable to set text 'TestDepartment2016' of object 'Object Repository/page_gmail/input_password' (Root cause: org.openqa.selenium.ElementNotInteractableException: Element <input class="whsOnd zHQkBf" name="password" type="password"> could not be scrolled into view
Build info: version: '3.7.1', revision: '8a0099a', time: '2017-11-06T21:07:36.161Z'
System info: host: 'EX64', ip: '192.168.20.109', os.name: 'Windows 7', os.arch: 'amd64', os.version: '6.1', java.version: '1.8.0_102'
Driver info: com.kms.katalon.core.webui.driver.firefox.CGeckoDriver
Capabilities {acceptInsecureCerts: true, browserName: firefox, browserVersion: 61.0.1, javascriptEnabled: true, moz:accessibilityChecks: false, moz:headless: false, moz:processID: 9984, moz:profile: C:\Users\ex64\AppData\Local..., moz:useNonSpecCompliantPointerOrigin: false, moz:webdriverClick: true, pageLoadStrategy: normal, platform: XP, platformName: XP, platformVersion: 6.1, proxy: Proxy(direct), rotatable: false, timeouts: {implicit: 0, pageLoad: 300000, script: 30000}}
Session ID: 990610f5-aefa-4fcc-8f5e-fe51a720baa7)

2018-08-09 16:49:14 - [MESSAGE][FAILED] - Unable to set text 'TestDepartment2016' of object 'Object Repository/page_gmail/input_password' (Root cause: org.openqa.selenium.ElementNotInteractableException: Element <input class="whsOnd zHQkBf" name="password" type="password"> could not be scrolled into view
Build info: version: '3.7.1', revision: '8a0099a', time: '2017-11-06T21:07:36.161Z'
System info: host: 'EX64', ip: '192.168.20.109', os.name: 'Windows 7', os.arch: 'amd64', os.version: '6.1', java.version: '1.8.0_102'
Driver info: com.kms.katalon.core.webui.driver.firefox.CGeckoDriver
Capabilities {acceptInsecureCerts: true, browserName: firefox, browserVersion: 61.0.1, javascriptEnabled: true, moz:accessibilityChecks: false, moz:headless: false, moz:processID: 9984, moz:profile: C:\Users\ex64\AppData\Local..., moz:useNonSpecCompliantPointerOrigin: false, moz:webdriverClick: true, pageLoadStrategy: normal, platform: XP, platformName: XP, platformVersion: 6.1, proxy: Proxy(direct), rotatable: false, timeouts: {implicit: 0, pageLoad: 300000, script: 30000}}
Session ID: 990610f5-aefa-4fcc-8f5e-fe51a720baa7)
[[ATTACHMENT|T:\\Katalon Studio\\E1\\Reports\\Scenario1\\Activation_gmail\\20180809_164820\\1533822553942.png]]]]></system-out>
         <system-err><![CDATA[2018-08-09 16:49:08 - [TEST_CASE][FAILED] - Test Cases/Base/Activation_gmail: Test Cases/Base/Activation_gmail FAILED because (of) Unable to set text 'TestDepartment2016' of object 'Object Repository/page_gmail/input_password' (Root cause: org.openqa.selenium.ElementNotInteractableException: Element <input class="whsOnd zHQkBf" name="password" type="password"> could not be scrolled into view
Build info: version: '3.7.1', revision: '8a0099a', time: '2017-11-06T21:07:36.161Z'
System info: host: 'EX64', ip: '192.168.20.109', os.name: 'Windows 7', os.arch: 'amd64', os.version: '6.1', java.version: '1.8.0_102'
Driver info: com.kms.katalon.core.webui.driver.firefox.CGeckoDriver
Capabilities {acceptInsecureCerts: true, browserName: firefox, browserVersion: 61.0.1, javascriptEnabled: true, moz:accessibilityChecks: false, moz:headless: false, moz:processID: 9984, moz:profile: C:\Users\ex64\AppData\Local..., moz:useNonSpecCompliantPointerOrigin: false, moz:webdriverClick: true, pageLoadStrategy: normal, platform: XP, platformName: XP, platformVersion: 6.1, proxy: Proxy(direct), rotatable: false, timeouts: {implicit: 0, pageLoad: 300000, script: 30000}}
Session ID: 990610f5-aefa-4fcc-8f5e-fe51a720baa7)]]></system-err>
      </testcase>
      <system-out><![CDATA[2018-08-09 16:49:07 - [TEST_SUITE][FAILED] - Activation_gmail: Test Cases/Base/Activation_gmail FAILED because (of) Unable to set text 'TestDepartment2016' of object 'Object Repository/page_gmail/input_password' (Root cause: org.openqa.selenium.ElementNotInteractableException: Element <input class="whsOnd zHQkBf" name="password" type="password"> could not be scrolled into view
Build info: version: '3.7.1', revision: '8a0099a', time: '2017-11-06T21:07:36.161Z'
System info: host: 'EX64', ip: '192.168.20.109', os.name: 'Windows 7', os.arch: 'amd64', os.version: '6.1', java.version: '1.8.0_102'
Driver info: com.kms.katalon.core.webui.driver.firefox.CGeckoDriver
Capabilities {acceptInsecureCerts: true, browserName: firefox, browserVersion: 61.0.1, javascriptEnabled: true, moz:accessibilityChecks: false, moz:headless: false, moz:processID: 9984, moz:profile: C:\Users\ex64\AppData\Local..., moz:useNonSpecCompliantPointerOrigin: false, moz:webdriverClick: true, pageLoadStrategy: normal, platform: XP, platformName: XP, platformVersion: 6.1, proxy: Proxy(direct), rotatable: false, timeouts: {implicit: 0, pageLoad: 300000, script: 30000}}
Session ID: 990610f5-aefa-4fcc-8f5e-fe51a720baa7)]]></system-out>
      <system-err><![CDATA[2018-08-09 16:49:07 - [TEST_SUITE][FAILED] - Activation_gmail: Test Cases/Base/Activation_gmail FAILED because (of) Unable to set text 'TestDepartment2016' of object 'Object Repository/page_gmail/input_password' (Root cause: org.openqa.selenium.ElementNotInteractableException: Element <input class="whsOnd zHQkBf" name="password" type="password"> could not be scrolled into view
Build info: version: '3.7.1', revision: '8a0099a', time: '2017-11-06T21:07:36.161Z'
System info: host: 'EX64', ip: '192.168.20.109', os.name: 'Windows 7', os.arch: 'amd64', os.version: '6.1', java.version: '1.8.0_102'
Driver info: com.kms.katalon.core.webui.driver.firefox.CGeckoDriver
Capabilities {acceptInsecureCerts: true, browserName: firefox, browserVersion: 61.0.1, javascriptEnabled: true, moz:accessibilityChecks: false, moz:headless: false, moz:processID: 9984, moz:profile: C:\Users\ex64\AppData\Local..., moz:useNonSpecCompliantPointerOrigin: false, moz:webdriverClick: true, pageLoadStrategy: normal, platform: XP, platformName: XP, platformVersion: 6.1, proxy: Proxy(direct), rotatable: false, timeouts: {implicit: 0, pageLoad: 300000, script: 30000}}
Session ID: 990610f5-aefa-4fcc-8f5e-fe51a720baa7)]]></system-err>
   </testsuite>
</testsuites>
