<?xml version="1.0" encoding="UTF-8"?>
<testsuites name="New Test Suite" time="34" tests="0" failures="1" errors="0">
   <testsuite name="New Test Suite" tests="0" failures="1" errors="0" time="34" timestamp="2018-08-16 16:40:39" hostname="ex64 - ex64" id="Test Suites/TEST/New Test Suite">
      <properties>
         <property name="deviceName" value=""/>
         <property name="devicePlatform" value=""/>
         <property name="logFolder" value="T:\\Katalon Studio\\E1\\Reports\\TEST\\New Test Suite\\20180816_164037"/>
         <property name="logFiles" value="T:\\Katalon Studio\\E1\\Reports\\TEST\\New Test Suite\\20180816_164037\\execution0.log"/>
         <property name="attachments" value="T:\\Katalon Studio\\E1\\Reports\\TEST\\New Test Suite\\20180816_164037\\1534426870210.png"/>
         <property name="hostName" value="ex64 - ex64"/>
         <property name="os" value="Windows 7 64bit"/>
         <property name="katalonVersion" value="5.6.0.1"/>
         <property name="browser" value="Firefox 61.0"/>
         <property name="hostAddress" value="192.168.20.109"/>
         <property name="sessionId" value="2011151e-6590-476d-951b-5d2c81b90403"/>
         <property name="seleniumVersion" value="3.7.1"/>
         <property name="proxyInformation" value="ProxyInformation{proxyOption=NO_PROXY, proxyServerType=HTTP, password=, proxyServerAddress=, proxyServerPort=0}"/>
         <property name="platform" value="Windows 7"/>
      </properties>
      <testcase name="Test Cases/Base/Purchase plan/Route approval" classname="Test Cases/Base/Purchase plan/Route approval" status="FAILED">
         <failure type="FAILED" message="Unable to wait for object 'Object Repository/DOCUMENT/Toolbar/btn_forApproval' to be NOT visible (Root cause: org.openqa.selenium.StaleElementReferenceException: The element reference of &lt;a class=&quot;btn btn-default btn-md&quot; href=&quot;/edo/ContextAction/HandleDocumentAction?returnUrl=%2Fedo%2FSearch%2FDocumentView%2F31608&amp;uniqueIds=31608&amp;actionName=%D0%A3%D1%82%D0%B2%D0%B5%D1%80%D0%B4%D0%B8%D1%82%D1%8C%20%D0%9F%D0%97&amp;location=DocumentView&amp;viewSourceType=SearchView&quot;> is stale; either the element is no longer attached to the DOM, it is not in the current frame context, or the document has been refreshed
For documentation on this error, please visit: http://seleniumhq.org/exceptions/stale_element_reference.html
Build info: version: '3.7.1', revision: '8a0099a', time: '2017-11-06T21:07:36.161Z'
System info: host: 'EX64', ip: '192.168.20.109', os.name: 'Windows 7', os.arch: 'amd64', os.version: '6.1', java.version: '1.8.0_102'
Driver info: com.kms.katalon.core.webui.driver.firefox.CGeckoDriver
Capabilities {acceptInsecureCerts: true, browserName: firefox, browserVersion: 61.0.2, javascriptEnabled: true, moz:accessibilityChecks: false, moz:headless: false, moz:processID: 15152, moz:profile: C:\Users\ex64\AppData\Local..., moz:useNonSpecCompliantPointerOrigin: false, moz:webdriverClick: true, pageLoadStrategy: normal, platform: XP, platformName: XP, platformVersion: 6.1, proxy: Proxy(direct), rotatable: false, timeouts: {implicit: 0, pageLoad: 300000, script: 30000}}
Session ID: 2011151e-6590-476d-951b-5d2c81b90403)"/>
         <system-out><![CDATA[2018-08-16 16:40:39 - [TEST_CASE][FAILED] - Test Cases/Base/Purchase plan/Route approval: Test Cases/Base/Purchase plan/Route approval FAILED because (of) Unable to wait for object 'Object Repository/DOCUMENT/Toolbar/btn_forApproval' to be NOT visible (Root cause: org.openqa.selenium.StaleElementReferenceException: The element reference of <a class="btn btn-default btn-md" href="/edo/ContextAction/HandleDocumentAction?returnUrl=%2Fedo%2FSearch%2FDocumentView%2F31608&uniqueIds=31608&actionName=%D0%A3%D1%82%D0%B2%D0%B5%D1%80%D0%B4%D0%B8%D1%82%D1%8C%20%D0%9F%D0%97&location=DocumentView&viewSourceType=SearchView"> is stale; either the element is no longer attached to the DOM, it is not in the current frame context, or the document has been refreshed
For documentation on this error, please visit: http://seleniumhq.org/exceptions/stale_element_reference.html
Build info: version: '3.7.1', revision: '8a0099a', time: '2017-11-06T21:07:36.161Z'
System info: host: 'EX64', ip: '192.168.20.109', os.name: 'Windows 7', os.arch: 'amd64', os.version: '6.1', java.version: '1.8.0_102'
Driver info: com.kms.katalon.core.webui.driver.firefox.CGeckoDriver
Capabilities {acceptInsecureCerts: true, browserName: firefox, browserVersion: 61.0.2, javascriptEnabled: true, moz:accessibilityChecks: false, moz:headless: false, moz:processID: 15152, moz:profile: C:\Users\ex64\AppData\Local..., moz:useNonSpecCompliantPointerOrigin: false, moz:webdriverClick: true, pageLoadStrategy: normal, platform: XP, platformName: XP, platformVersion: 6.1, proxy: Proxy(direct), rotatable: false, timeouts: {implicit: 0, pageLoad: 300000, script: 30000}}
Session ID: 2011151e-6590-476d-951b-5d2c81b90403)

2018-08-16 16:40:39 - [TEST_STEP][PASSED] - callTestCase: Call Test Case 'Test Cases/Base/Authorization' successfully

2018-08-16 16:40:39 - [TEST_CASE][PASSED] - Test Cases/Base/Authorization: Test Cases/Base/Authorization

2018-08-16 16:40:40 - [TEST_STEP][PASSED] - openBrowser: Browser is opened with url: 'http://10.100.70.20/edo'

2018-08-16 16:40:48 - [MESSAGE][PASSED] - Browser is opened with url: 'http://10.100.70.20/edo'

2018-08-16 16:40:48 - [TEST_STEP][PASSED] - maximizeWindow: Current window maximized

2018-08-16 16:40:48 - [MESSAGE][PASSED] - Current window maximized

2018-08-16 16:40:48 - [TEST_STEP][PASSED] - verifyElementPresent: Object 'Object Repository/page_authorization/input_login' is present

2018-08-16 16:40:48 - [MESSAGE][WARNING] - Timeout '0' is invalid. Using default page load timeout: '60'

2018-08-16 16:40:48 - [MESSAGE][PASSED] - Object 'Object Repository/page_authorization/input_login' is present

2018-08-16 16:40:48 - [TEST_STEP][PASSED] - verifyElementPresent: Object 'Object Repository/page_authorization/input_password' is present

2018-08-16 16:40:48 - [MESSAGE][WARNING] - Timeout '0' is invalid. Using default page load timeout: '60'

2018-08-16 16:40:48 - [MESSAGE][PASSED] - Object 'Object Repository/page_authorization/input_password' is present

2018-08-16 16:40:48 - [TEST_STEP][PASSED] - verifyElementPresent: Object 'Object Repository/page_authorization/button_come' is present

2018-08-16 16:40:48 - [MESSAGE][WARNING] - Timeout '0' is invalid. Using default page load timeout: '60'

2018-08-16 16:40:48 - [MESSAGE][PASSED] - Object 'Object Repository/page_authorization/button_come' is present

2018-08-16 16:40:48 - [TEST_STEP][PASSED] - verifyElementPresent: Object 'Object Repository/page_authorization/button_comeEP' is present

2018-08-16 16:40:48 - [MESSAGE][WARNING] - Timeout '0' is invalid. Using default page load timeout: '60'

2018-08-16 16:40:48 - [MESSAGE][PASSED] - Object 'Object Repository/page_authorization/button_comeEP' is present

2018-08-16 16:40:48 - [TEST_STEP][PASSED] - verifyElementPresent: Object 'Object Repository/page_authorization/a_registry' is present

2018-08-16 16:40:48 - [MESSAGE][WARNING] - Timeout '0' is invalid. Using default page load timeout: '60'

2018-08-16 16:40:48 - [MESSAGE][PASSED] - Object 'Object Repository/page_authorization/a_registry' is present

2018-08-16 16:40:48 - [TEST_STEP][PASSED] - verifyElementPresent: Object 'Object Repository/page_authorization/a_passwordRecovery' is present

2018-08-16 16:40:48 - [MESSAGE][WARNING] - Timeout '0' is invalid. Using default page load timeout: '60'

2018-08-16 16:40:48 - [MESSAGE][PASSED] - Object 'Object Repository/page_authorization/a_passwordRecovery' is present

2018-08-16 16:40:48 - [TEST_STEP][PASSED] - setText: Text 'autoui80' is set on object 'Object Repository/page_authorization/input_login'

2018-08-16 16:40:48 - [MESSAGE][PASSED] - Text 'autoui80' is set on object 'Object Repository/page_authorization/input_login'

2018-08-16 16:40:48 - [TEST_STEP][PASSED] - setText: Text 'Gfhjkm123' is set on object 'Object Repository/page_authorization/input_password'

2018-08-16 16:40:48 - [MESSAGE][PASSED] - Text 'Gfhjkm123' is set on object 'Object Repository/page_authorization/input_password'

2018-08-16 16:40:48 - [TEST_STEP][PASSED] - click: Object: 'Object Repository/page_authorization/button_come' is clicked on

2018-08-16 16:40:51 - [MESSAGE][PASSED] - Object: 'Object Repository/page_authorization/button_come' is clicked on

2018-08-16 16:40:51 - [TEST_STEP][PASSED] - verifyElementPresent: Object 'Object Repository/page_home/span_myTasks' is present

2018-08-16 16:40:51 - [MESSAGE][WARNING] - Timeout '0' is invalid. Using default page load timeout: '60'

2018-08-16 16:40:51 - [MESSAGE][PASSED] - Object 'Object Repository/page_home/span_myTasks' is present

2018-08-16 16:40:51 - [TEST_STEP][PASSED] - verifyElementPresent: Object 'Object Repository/page_home/span_administration' is present

2018-08-16 16:40:51 - [MESSAGE][WARNING] - Timeout '0' is invalid. Using default page load timeout: '60'

2018-08-16 16:40:51 - [MESSAGE][PASSED] - Object 'Object Repository/page_home/span_administration' is present

2018-08-16 16:40:51 - [TEST_STEP][PASSED] - verifyElementPresent: Object 'Object Repository/page_home/span_exit' is present

2018-08-16 16:40:51 - [MESSAGE][WARNING] - Timeout '0' is invalid. Using default page load timeout: '60'

2018-08-16 16:40:51 - [MESSAGE][PASSED] - Object 'Object Repository/page_home/span_exit' is present

2018-08-16 16:40:51 - [MESSAGE][PASSED] - Call Test Case 'Test Cases/Base/Authorization' successfully

2018-08-16 16:40:51 - [TEST_STEP][PASSED] - callTestCase: Call Test Case 'Test Cases/Base/Purchase plan/Open purchase plan' successfully

2018-08-16 16:40:51 - [TEST_CASE][PASSED] - Test Cases/Base/Purchase plan/Open purchase plan: Test Cases/Base/Purchase plan/Open purchase plan

2018-08-16 16:40:51 - [TEST_STEP][PASSED] - click: Object: 'Object Repository/page_home/span_planning' is clicked on

2018-08-16 16:40:54 - [MESSAGE][PASSED] - Object: 'Object Repository/page_home/span_planning' is clicked on

2018-08-16 16:40:54 - [TEST_STEP][PASSED] - click: Object: 'Object Repository/page_planning/a_purchasePlan' is clicked on

2018-08-16 16:40:56 - [MESSAGE][PASSED] - Object: 'Object Repository/page_planning/a_purchasePlan' is clicked on

2018-08-16 16:40:56 - [TEST_STEP][PASSED] - click: Object: 'Object Repository/document_purchasePlan/menu_actual' is clicked on

2018-08-16 16:40:58 - [MESSAGE][PASSED] - Object: 'Object Repository/document_purchasePlan/menu_actual' is clicked on

2018-08-16 16:40:58 - [TEST_STEP][PASSED] - Statement - new_budgetYear = com.kms.katalon.core.webui.keyword.WebUiBuiltInKeywords.modifyObjectProperty(com.kms.katalon.core.testobject.ObjectRepository.findTestObject(document_purchasePlan/link_purchaseplan), "text", "equals", BudgetYear, true): Modify property of object successfully

2018-08-16 16:40:58 - [MESSAGE][PASSED] - Modify property of object successfully

2018-08-16 16:40:58 - [TEST_STEP][PASSED] - Statement - url_purchase = com.kms.katalon.core.webui.keyword.WebUiBuiltInKeywords.getAttribute(new_budgetYear, "href"): Attribute 'href' of object 'Object Repository/document_purchasePlan/link_purchaseplan' is: 'http://10.100.70.20/edo/Search/DocumentView/31608'

2018-08-16 16:40:58 - [MESSAGE][PASSED] - Attribute 'href' of object 'Object Repository/document_purchasePlan/link_purchaseplan' is: 'http://10.100.70.20/edo/Search/DocumentView/31608'

2018-08-16 16:40:58 - [TEST_STEP][PASSED] - navigateToUrl: Navigate to 'http://10.100.70.20/edo/Search/DocumentView/31608' successfully

2018-08-16 16:41:02 - [MESSAGE][PASSED] - Navigate to 'http://10.100.70.20/edo/Search/DocumentView/31608' successfully

2018-08-16 16:41:02 - [MESSAGE][PASSED] - Call Test Case 'Test Cases/Base/Purchase plan/Open purchase plan' successfully

2018-08-16 16:41:02 - [TEST_STEP][PASSED] - click: Object: 'Object Repository/DOCUMENT/Toolbar/btn_forApproval' is clicked on

2018-08-16 16:41:03 - [MESSAGE][PASSED] - Object: 'Object Repository/DOCUMENT/Toolbar/btn_forApproval' is clicked on

2018-08-16 16:41:03 - [TEST_STEP][PASSED] - waitForElementNotVisible: Object 'Object Repository/special/modal-loading-wrapper' is NOT visible

2018-08-16 16:41:04 - [MESSAGE][PASSED] - Object 'Object Repository/special/modal-loading-wrapper' is NOT visible

2018-08-16 16:41:04 - [TEST_STEP][PASSED] - click: Object: 'Object Repository/DOCUMENT/Dialog/btn_OK' is clicked on

2018-08-16 16:41:04 - [MESSAGE][PASSED] - Object: 'Object Repository/DOCUMENT/Dialog/btn_OK' is clicked on

2018-08-16 16:41:04 - [TEST_STEP][FAILED] - waitForElementNotVisible: Unable to wait for object 'Object Repository/DOCUMENT/Toolbar/btn_forApproval' to be NOT visible (Root cause: org.openqa.selenium.StaleElementReferenceException: The element reference of <a class="btn btn-default btn-md" href="/edo/ContextAction/HandleDocumentAction?returnUrl=%2Fedo%2FSearch%2FDocumentView%2F31608&uniqueIds=31608&actionName=%D0%A3%D1%82%D0%B2%D0%B5%D1%80%D0%B4%D0%B8%D1%82%D1%8C%20%D0%9F%D0%97&location=DocumentView&viewSourceType=SearchView"> is stale; either the element is no longer attached to the DOM, it is not in the current frame context, or the document has been refreshed
For documentation on this error, please visit: http://seleniumhq.org/exceptions/stale_element_reference.html
Build info: version: '3.7.1', revision: '8a0099a', time: '2017-11-06T21:07:36.161Z'
System info: host: 'EX64', ip: '192.168.20.109', os.name: 'Windows 7', os.arch: 'amd64', os.version: '6.1', java.version: '1.8.0_102'
Driver info: com.kms.katalon.core.webui.driver.firefox.CGeckoDriver
Capabilities {acceptInsecureCerts: true, browserName: firefox, browserVersion: 61.0.2, javascriptEnabled: true, moz:accessibilityChecks: false, moz:headless: false, moz:processID: 15152, moz:profile: C:\Users\ex64\AppData\Local..., moz:useNonSpecCompliantPointerOrigin: false, moz:webdriverClick: true, pageLoadStrategy: normal, platform: XP, platformName: XP, platformVersion: 6.1, proxy: Proxy(direct), rotatable: false, timeouts: {implicit: 0, pageLoad: 300000, script: 30000}}
Session ID: 2011151e-6590-476d-951b-5d2c81b90403)

2018-08-16 16:41:11 - [MESSAGE][FAILED] - Unable to wait for object 'Object Repository/DOCUMENT/Toolbar/btn_forApproval' to be NOT visible (Root cause: org.openqa.selenium.StaleElementReferenceException: The element reference of <a class="btn btn-default btn-md" href="/edo/ContextAction/HandleDocumentAction?returnUrl=%2Fedo%2FSearch%2FDocumentView%2F31608&uniqueIds=31608&actionName=%D0%A3%D1%82%D0%B2%D0%B5%D1%80%D0%B4%D0%B8%D1%82%D1%8C%20%D0%9F%D0%97&location=DocumentView&viewSourceType=SearchView"> is stale; either the element is no longer attached to the DOM, it is not in the current frame context, or the document has been refreshed
For documentation on this error, please visit: http://seleniumhq.org/exceptions/stale_element_reference.html
Build info: version: '3.7.1', revision: '8a0099a', time: '2017-11-06T21:07:36.161Z'
System info: host: 'EX64', ip: '192.168.20.109', os.name: 'Windows 7', os.arch: 'amd64', os.version: '6.1', java.version: '1.8.0_102'
Driver info: com.kms.katalon.core.webui.driver.firefox.CGeckoDriver
Capabilities {acceptInsecureCerts: true, browserName: firefox, browserVersion: 61.0.2, javascriptEnabled: true, moz:accessibilityChecks: false, moz:headless: false, moz:processID: 15152, moz:profile: C:\Users\ex64\AppData\Local..., moz:useNonSpecCompliantPointerOrigin: false, moz:webdriverClick: true, pageLoadStrategy: normal, platform: XP, platformName: XP, platformVersion: 6.1, proxy: Proxy(direct), rotatable: false, timeouts: {implicit: 0, pageLoad: 300000, script: 30000}}
Session ID: 2011151e-6590-476d-951b-5d2c81b90403)
[[ATTACHMENT|T:\\Katalon Studio\\E1\\Reports\\TEST\\New Test Suite\\20180816_164037\\1534426870210.png]]]]></system-out>
         <system-err><![CDATA[2018-08-16 16:40:39 - [TEST_CASE][FAILED] - Test Cases/Base/Purchase plan/Route approval: Test Cases/Base/Purchase plan/Route approval FAILED because (of) Unable to wait for object 'Object Repository/DOCUMENT/Toolbar/btn_forApproval' to be NOT visible (Root cause: org.openqa.selenium.StaleElementReferenceException: The element reference of <a class="btn btn-default btn-md" href="/edo/ContextAction/HandleDocumentAction?returnUrl=%2Fedo%2FSearch%2FDocumentView%2F31608&uniqueIds=31608&actionName=%D0%A3%D1%82%D0%B2%D0%B5%D1%80%D0%B4%D0%B8%D1%82%D1%8C%20%D0%9F%D0%97&location=DocumentView&viewSourceType=SearchView"> is stale; either the element is no longer attached to the DOM, it is not in the current frame context, or the document has been refreshed
For documentation on this error, please visit: http://seleniumhq.org/exceptions/stale_element_reference.html
Build info: version: '3.7.1', revision: '8a0099a', time: '2017-11-06T21:07:36.161Z'
System info: host: 'EX64', ip: '192.168.20.109', os.name: 'Windows 7', os.arch: 'amd64', os.version: '6.1', java.version: '1.8.0_102'
Driver info: com.kms.katalon.core.webui.driver.firefox.CGeckoDriver
Capabilities {acceptInsecureCerts: true, browserName: firefox, browserVersion: 61.0.2, javascriptEnabled: true, moz:accessibilityChecks: false, moz:headless: false, moz:processID: 15152, moz:profile: C:\Users\ex64\AppData\Local..., moz:useNonSpecCompliantPointerOrigin: false, moz:webdriverClick: true, pageLoadStrategy: normal, platform: XP, platformName: XP, platformVersion: 6.1, proxy: Proxy(direct), rotatable: false, timeouts: {implicit: 0, pageLoad: 300000, script: 30000}}
Session ID: 2011151e-6590-476d-951b-5d2c81b90403)]]></system-err>
      </testcase>
      <system-out><![CDATA[2018-08-16 16:40:39 - [TEST_SUITE][FAILED] - New Test Suite: Test Cases/Base/Purchase plan/Route approval FAILED because (of) Unable to wait for object 'Object Repository/DOCUMENT/Toolbar/btn_forApproval' to be NOT visible (Root cause: org.openqa.selenium.StaleElementReferenceException: The element reference of <a class="btn btn-default btn-md" href="/edo/ContextAction/HandleDocumentAction?returnUrl=%2Fedo%2FSearch%2FDocumentView%2F31608&uniqueIds=31608&actionName=%D0%A3%D1%82%D0%B2%D0%B5%D1%80%D0%B4%D0%B8%D1%82%D1%8C%20%D0%9F%D0%97&location=DocumentView&viewSourceType=SearchView"> is stale; either the element is no longer attached to the DOM, it is not in the current frame context, or the document has been refreshed
For documentation on this error, please visit: http://seleniumhq.org/exceptions/stale_element_reference.html
Build info: version: '3.7.1', revision: '8a0099a', time: '2017-11-06T21:07:36.161Z'
System info: host: 'EX64', ip: '192.168.20.109', os.name: 'Windows 7', os.arch: 'amd64', os.version: '6.1', java.version: '1.8.0_102'
Driver info: com.kms.katalon.core.webui.driver.firefox.CGeckoDriver
Capabilities {acceptInsecureCerts: true, browserName: firefox, browserVersion: 61.0.2, javascriptEnabled: true, moz:accessibilityChecks: false, moz:headless: false, moz:processID: 15152, moz:profile: C:\Users\ex64\AppData\Local..., moz:useNonSpecCompliantPointerOrigin: false, moz:webdriverClick: true, pageLoadStrategy: normal, platform: XP, platformName: XP, platformVersion: 6.1, proxy: Proxy(direct), rotatable: false, timeouts: {implicit: 0, pageLoad: 300000, script: 30000}}
Session ID: 2011151e-6590-476d-951b-5d2c81b90403)]]></system-out>
      <system-err><![CDATA[2018-08-16 16:40:39 - [TEST_SUITE][FAILED] - New Test Suite: Test Cases/Base/Purchase plan/Route approval FAILED because (of) Unable to wait for object 'Object Repository/DOCUMENT/Toolbar/btn_forApproval' to be NOT visible (Root cause: org.openqa.selenium.StaleElementReferenceException: The element reference of <a class="btn btn-default btn-md" href="/edo/ContextAction/HandleDocumentAction?returnUrl=%2Fedo%2FSearch%2FDocumentView%2F31608&uniqueIds=31608&actionName=%D0%A3%D1%82%D0%B2%D0%B5%D1%80%D0%B4%D0%B8%D1%82%D1%8C%20%D0%9F%D0%97&location=DocumentView&viewSourceType=SearchView"> is stale; either the element is no longer attached to the DOM, it is not in the current frame context, or the document has been refreshed
For documentation on this error, please visit: http://seleniumhq.org/exceptions/stale_element_reference.html
Build info: version: '3.7.1', revision: '8a0099a', time: '2017-11-06T21:07:36.161Z'
System info: host: 'EX64', ip: '192.168.20.109', os.name: 'Windows 7', os.arch: 'amd64', os.version: '6.1', java.version: '1.8.0_102'
Driver info: com.kms.katalon.core.webui.driver.firefox.CGeckoDriver
Capabilities {acceptInsecureCerts: true, browserName: firefox, browserVersion: 61.0.2, javascriptEnabled: true, moz:accessibilityChecks: false, moz:headless: false, moz:processID: 15152, moz:profile: C:\Users\ex64\AppData\Local..., moz:useNonSpecCompliantPointerOrigin: false, moz:webdriverClick: true, pageLoadStrategy: normal, platform: XP, platformName: XP, platformVersion: 6.1, proxy: Proxy(direct), rotatable: false, timeouts: {implicit: 0, pageLoad: 300000, script: 30000}}
Session ID: 2011151e-6590-476d-951b-5d2c81b90403)]]></system-err>
   </testsuite>
</testsuites>
