<?xml version="1.0" encoding="UTF-8"?>
<testsuites name="Activation" time="189" tests="0" failures="1" errors="0">
   <testsuite name="Activation" tests="0" failures="1" errors="0" time="189" timestamp="2018-08-28 12:10:12" hostname="ex64 - ex64" id="Test Suites/Scenario1/Activation">
      <properties>
         <property name="deviceName" value=""/>
         <property name="devicePlatform" value=""/>
         <property name="logFolder" value="T:\\Katalon Studio\\E1\\Reports\\Scenario1\\Activation\\20180828_120853"/>
         <property name="logFiles" value="T:\\Katalon Studio\\E1\\Reports\\Scenario1\\Activation\\20180828_120853\\execution0.log"/>
         <property name="attachments" value="T:\\Katalon Studio\\E1\\Reports\\Scenario1\\Activation\\20180828_120853\\1535447598571.png, T:\\Katalon Studio\\E1\\Reports\\Scenario1\\Activation\\20180828_120853\\1535447598686.png"/>
         <property name="hostName" value="ex64 - ex64"/>
         <property name="os" value="Windows 7 64bit"/>
         <property name="katalonVersion" value="5.6.1.1"/>
         <property name="browser" value="Firefox 61.0"/>
         <property name="hostAddress" value="192.168.20.109"/>
         <property name="sessionId" value="17f42743-751c-48b3-8490-6d6539b5849f"/>
         <property name="seleniumVersion" value="3.7.1"/>
         <property name="proxyInformation" value="ProxyInformation{proxyOption=NO_PROXY, proxyServerType=HTTP, password=, proxyServerAddress=, proxyServerPort=0}"/>
         <property name="platform" value="Windows 7"/>
      </properties>
      <testcase name="Test Cases/Base/Activation" classname="Test Cases/Base/Activation" status="FAILED">
         <failure type="FAILED" message="Unable to verify object 'Object Repository/page_administration/page_activation/message_pass' is present (Root cause: com.kms.katalon.core.webui.exception.WebElementNotFoundException: Web element with id: 'Object Repository/page_administration/page_activation/message_pass' located by 'By.xpath: //div[(text() = 'Регистрация пользователя подтверждена.' or . = 'Регистрация пользователя подтверждена.')]' not found)"/>
         <system-out><![CDATA[2018-08-28 12:10:12 - [TEST_CASE][FAILED] - Test Cases/Base/Activation: Test Cases/Base/Activation FAILED because (of) Unable to verify object 'Object Repository/page_administration/page_activation/message_pass' is present (Root cause: com.kms.katalon.core.webui.exception.WebElementNotFoundException: Web element with id: 'Object Repository/page_administration/page_activation/message_pass' located by 'By.xpath: //div[(text() = 'Регистрация пользователя подтверждена.' or . = 'Регистрация пользователя подтверждена.')]' not found)

2018-08-28 12:10:12 - [TEST_STEP][PASSED] - callTestCase: Call Test Case 'Test Cases/Base/Authorization' successfully

2018-08-28 12:10:12 - [TEST_CASE][PASSED] - Test Cases/Base/Authorization: Test Cases/Base/Authorization

2018-08-28 12:10:13 - [TEST_STEP][PASSED] - openBrowser: Browser is opened with url: 'http://192.168.20.68/edo'

2018-08-28 12:10:22 - [MESSAGE][PASSED] - Browser is opened with url: 'http://192.168.20.68/edo'

2018-08-28 12:10:22 - [TEST_STEP][PASSED] - deleteAllCookies: Delete all cookies successfully

2018-08-28 12:10:22 - [MESSAGE][PASSED] - Delete all cookies successfully

2018-08-28 12:10:22 - [TEST_STEP][PASSED] - refresh: Refresh successfully

2018-08-28 12:10:25 - [MESSAGE][PASSED] - Refresh successfully

2018-08-28 12:10:25 - [TEST_STEP][PASSED] - maximizeWindow: Current window maximized

2018-08-28 12:10:25 - [MESSAGE][PASSED] - Current window maximized

2018-08-28 12:10:25 - [TEST_STEP][PASSED] - setText: Text 'aaermolin' is set on object 'Object Repository/page_authorization/input_login'

2018-08-28 12:10:25 - [MESSAGE][PASSED] - Text 'aaermolin' is set on object 'Object Repository/page_authorization/input_login'

2018-08-28 12:10:25 - [TEST_STEP][PASSED] - setText: Text 'Gfhjkm1' is set on object 'Object Repository/page_authorization/input_password'

2018-08-28 12:10:25 - [MESSAGE][PASSED] - Text 'Gfhjkm1' is set on object 'Object Repository/page_authorization/input_password'

2018-08-28 12:10:25 - [TEST_STEP][PASSED] - click: Object: 'Object Repository/page_authorization/button_come' is clicked on

2018-08-28 12:10:35 - [MESSAGE][PASSED] - Object: 'Object Repository/page_authorization/button_come' is clicked on

2018-08-28 12:10:35 - [TEST_STEP][PASSED] - waitForElementPresent: Object 'Object Repository/page_home/span_exit' is present

2018-08-28 12:10:35 - [MESSAGE][PASSED] - Object 'Object Repository/page_home/span_exit' is present

2018-08-28 12:10:35 - [MESSAGE][PASSED] - Call Test Case 'Test Cases/Base/Authorization' successfully

2018-08-28 12:10:35 - [TEST_STEP][PASSED] - click: Object: 'Object Repository/page_home/span_administration' is clicked on

2018-08-28 12:10:40 - [MESSAGE][PASSED] - Object: 'Object Repository/page_home/span_administration' is clicked on

2018-08-28 12:10:40 - [TEST_STEP][PASSED] - click: Object: 'Object Repository/page_administration/page_activation/user' is clicked on

2018-08-28 12:11:09 - [MESSAGE][PASSED] - Object: 'Object Repository/page_administration/page_activation/user' is clicked on

2018-08-28 12:11:09 - [TEST_STEP][PASSED] - setText: Text 'autoui20' is set on object 'Object Repository/page_administration/page_activation/input_user'

2018-08-28 12:11:09 - [MESSAGE][PASSED] - Text 'autoui20' is set on object 'Object Repository/page_administration/page_activation/input_user'

2018-08-28 12:11:09 - [TEST_STEP][PASSED] - sendKeys: Keys 'ENTER + ' sent to object: 'Object Repository/page_administration/page_activation/input_user'

2018-08-28 12:11:09 - [MESSAGE][PASSED] - Keys 'ENTER + ' sent to object: 'Object Repository/page_administration/page_activation/input_user'

2018-08-28 12:11:09 - [TEST_STEP][PASSED] - click: Object: 'Object Repository/page_administration/page_activation/input_workGroup' is clicked on

2018-08-28 12:11:09 - [MESSAGE][PASSED] - Object: 'Object Repository/page_administration/page_activation/input_workGroup' is clicked on

2018-08-28 12:11:09 - [TEST_STEP][PASSED] - click: Object: 'Object Repository/page_administration/page_activation/item_IZ44fz' is clicked on

2018-08-28 12:11:09 - [MESSAGE][PASSED] - Object: 'Object Repository/page_administration/page_activation/item_IZ44fz' is clicked on

2018-08-28 12:11:09 - [TEST_STEP][PASSED] - click: Object: 'Object Repository/page_administration/page_activation/input_workGroup' is clicked on

2018-08-28 12:11:10 - [MESSAGE][PASSED] - Object: 'Object Repository/page_administration/page_activation/input_workGroup' is clicked on

2018-08-28 12:11:10 - [TEST_STEP][PASSED] - click: Object: 'Object Repository/page_administration/page_activation/item_approve44fz' is clicked on

2018-08-28 12:11:10 - [MESSAGE][PASSED] - Object: 'Object Repository/page_administration/page_activation/item_approve44fz' is clicked on

2018-08-28 12:11:10 - [TEST_STEP][PASSED] - click: Object: 'Object Repository/page_administration/page_activation/input_workGroup' is clicked on

2018-08-28 12:11:10 - [MESSAGE][PASSED] - Object: 'Object Repository/page_administration/page_activation/input_workGroup' is clicked on

2018-08-28 12:11:10 - [TEST_STEP][PASSED] - click: Object: 'Object Repository/page_administration/page_activation/item_agreement44fz' is clicked on

2018-08-28 12:11:10 - [MESSAGE][PASSED] - Object: 'Object Repository/page_administration/page_activation/item_agreement44fz' is clicked on

2018-08-28 12:11:10 - [TEST_STEP][PASSED] - click: Object: 'Object Repository/page_administration/page_activation/button_save' is clicked on

2018-08-28 12:11:16 - [MESSAGE][PASSED] - Object: 'Object Repository/page_administration/page_activation/button_save' is clicked on

2018-08-28 12:11:16 - [TEST_STEP][FAILED] - verifyElementPresent: Unable to verify object 'Object Repository/page_administration/page_activation/message_pass' is present (Root cause: com.kms.katalon.core.webui.exception.WebElementNotFoundException: Web element with id: 'Object Repository/page_administration/page_activation/message_pass' located by 'By.xpath: //div[(text() = 'Регистрация пользователя подтверждена.' or . = 'Регистрация пользователя подтверждена.')]' not found)

2018-08-28 12:11:16 - [MESSAGE][WARNING] - Timeout '0' is invalid. Using default page load timeout: '120'

2018-08-28 12:13:18 - [MESSAGE][FAILED] - com.kms.katalon.core.webui.exception.WebElementNotFoundException: Web element with id: 'Object Repository/page_administration/page_activation/message_pass' located by 'By.xpath: //div[(text() = 'Регистрация пользователя подтверждена.' or . = 'Регистрация пользователя подтверждена.')]' not found
[[ATTACHMENT|T:\\Katalon Studio\\E1\\Reports\\Scenario1\\Activation\\20180828_120853\\1535447598571.png]]

2018-08-28 12:13:18 - [MESSAGE][FAILED] - Unable to verify object 'Object Repository/page_administration/page_activation/message_pass' is present (Root cause: com.kms.katalon.core.webui.exception.WebElementNotFoundException: Web element with id: 'Object Repository/page_administration/page_activation/message_pass' located by 'By.xpath: //div[(text() = 'Регистрация пользователя подтверждена.' or . = 'Регистрация пользователя подтверждена.')]' not found)
[[ATTACHMENT|T:\\Katalon Studio\\E1\\Reports\\Scenario1\\Activation\\20180828_120853\\1535447598686.png]]]]></system-out>
         <system-err><![CDATA[2018-08-28 12:10:12 - [TEST_CASE][FAILED] - Test Cases/Base/Activation: Test Cases/Base/Activation FAILED because (of) Unable to verify object 'Object Repository/page_administration/page_activation/message_pass' is present (Root cause: com.kms.katalon.core.webui.exception.WebElementNotFoundException: Web element with id: 'Object Repository/page_administration/page_activation/message_pass' located by 'By.xpath: //div[(text() = 'Регистрация пользователя подтверждена.' or . = 'Регистрация пользователя подтверждена.')]' not found)]]></system-err>
      </testcase>
      <system-out><![CDATA[2018-08-28 12:10:12 - [TEST_SUITE][FAILED] - Activation: Test Cases/Base/Activation FAILED because (of) Unable to verify object 'Object Repository/page_administration/page_activation/message_pass' is present (Root cause: com.kms.katalon.core.webui.exception.WebElementNotFoundException: Web element with id: 'Object Repository/page_administration/page_activation/message_pass' located by 'By.xpath: //div[(text() = 'Регистрация пользователя подтверждена.' or . = 'Регистрация пользователя подтверждена.')]' not found)]]></system-out>
      <system-err><![CDATA[2018-08-28 12:10:12 - [TEST_SUITE][FAILED] - Activation: Test Cases/Base/Activation FAILED because (of) Unable to verify object 'Object Repository/page_administration/page_activation/message_pass' is present (Root cause: com.kms.katalon.core.webui.exception.WebElementNotFoundException: Web element with id: 'Object Repository/page_administration/page_activation/message_pass' located by 'By.xpath: //div[(text() = 'Регистрация пользователя подтверждена.' or . = 'Регистрация пользователя подтверждена.')]' not found)]]></system-err>
   </testsuite>
</testsuites>
